[0.016s] Invoking command in '/home/jjj/moveo/build/moveo_description': CMAKE_PREFIX_PATH=${CMAKE_PREFIX_PATH}:/home/jjj/ros2_robot_arm/install/arduinobot_python_examples:/opt/ros/jazzy DEBUGINFOD_URLS=https://debuginfod.ubuntu.com /usr/bin/cmake --build /home/jjj/moveo/build/moveo_description -- -j12 -l12
[0.050s] -- Found ament_cmake: 2.5.2 (/opt/ros/jazzy/share/ament_cmake/cmake)
[0.246s] -- Found ament_lint_auto: 0.17.1 (/opt/ros/jazzy/share/ament_lint_auto/cmake)
[0.329s] -- Added test 'lint_cmake' to check CMake code style
[0.329s] -- Added test 'xmllint' to check XML markup files
[0.330s] -- Configuring done (0.3s)
[0.333s] -- Generating done (0.0s)
[0.335s] -- Build files have been written to: /home/jjj/moveo/build/moveo_description
[0.355s] Invoked command in '/home/jjj/moveo/build/moveo_description' returned '0': CMAKE_PREFIX_PATH=${CMAKE_PREFIX_PATH}:/home/jjj/ros2_robot_arm/install/arduinobot_python_examples:/opt/ros/jazzy DEBUGINFOD_URLS=https://debuginfod.ubuntu.com /usr/bin/cmake --build /home/jjj/moveo/build/moveo_description -- -j12 -l12
[0.365s] Invoking command in '/home/jjj/moveo/build/moveo_description': CMAKE_PREFIX_PATH=${CMAKE_PREFIX_PATH}:/home/jjj/ros2_robot_arm/install/arduinobot_python_examples:/opt/ros/jazzy DEBUGINFOD_URLS=https://debuginfod.ubuntu.com /usr/bin/cmake --install /home/jjj/moveo/build/moveo_description
[0.374s] -- Install configuration: ""
[0.374s] -- Up-to-date: /home/jjj/moveo/install/moveo_description/share/ament_index/resource_index/package_run_dependencies/moveo_description
[0.375s] -- Up-to-date: /home/jjj/moveo/install/moveo_description/share/ament_index/resource_index/parent_prefix_path/moveo_description
[0.375s] -- Up-to-date: /home/jjj/moveo/install/moveo_description/share/moveo_description/environment/ament_prefix_path.sh
[0.375s] -- Up-to-date: /home/jjj/moveo/install/moveo_description/share/moveo_description/environment/ament_prefix_path.dsv
[0.375s] -- Up-to-date: /home/jjj/moveo/install/moveo_description/share/moveo_description/environment/path.sh
[0.375s] -- Up-to-date: /home/jjj/moveo/install/moveo_description/share/moveo_description/environment/path.dsv
[0.375s] -- Up-to-date: /home/jjj/moveo/install/moveo_description/share/moveo_description/local_setup.bash
[0.375s] -- Up-to-date: /home/jjj/moveo/install/moveo_description/share/moveo_description/local_setup.sh
[0.376s] -- Up-to-date: /home/jjj/moveo/install/moveo_description/share/moveo_description/local_setup.zsh
[0.376s] -- Up-to-date: /home/jjj/moveo/install/moveo_description/share/moveo_description/local_setup.dsv
[0.376s] -- Up-to-date: /home/jjj/moveo/install/moveo_description/share/moveo_description/package.dsv
[0.376s] -- Up-to-date: /home/jjj/moveo/install/moveo_description/share/ament_index/resource_index/packages/moveo_description
[0.376s] -- Up-to-date: /home/jjj/moveo/install/moveo_description/share/moveo_description/cmake/moveo_descriptionConfig.cmake
[0.376s] -- Up-to-date: /home/jjj/moveo/install/moveo_description/share/moveo_description/cmake/moveo_descriptionConfig-version.cmake
[0.376s] -- Installing: /home/jjj/moveo/install/moveo_description/share/moveo_description/package.xml
[0.377s] Invoked command in '/home/jjj/moveo/build/moveo_description' returned '0': CMAKE_PREFIX_PATH=${CMAKE_PREFIX_PATH}:/home/jjj/ros2_robot_arm/install/arduinobot_python_examples:/opt/ros/jazzy DEBUGINFOD_URLS=https://debuginfod.ubuntu.com /usr/bin/cmake --install /home/jjj/moveo/build/moveo_description
