[0.034s] Invoking command in '/home/jjj/moveo_RoboticArm_ROS2/build/moveo_description': CMAKE_PREFIX_PATH=${CMAKE_PREFIX_PATH}:/home/jjj/ros2_robot_arm/install/arduinobot_python_examples:/opt/ros/jazzy DEBUGINFOD_URLS=https://debuginfod.ubuntu.com /usr/bin/cmake /home/jjj/moveo_RoboticArm_ROS2/src/moveo_description -DCMAKE_INSTALL_PREFIX=/home/jjj/moveo_RoboticArm_ROS2/install/moveo_description
[0.626s] -- The C compiler identification is GNU 13.3.0
[1.007s] -- The CXX compiler identification is GNU 13.3.0
[1.059s] -- Detecting C compiler ABI info
[1.317s] -- Detecting C compiler ABI info - done
[1.331s] -- Check for working C compiler: /usr/bin/cc - skipped
[1.332s] -- Detecting C compile features
[1.333s] -- Detecting C compile features - done
[1.349s] -- Detecting CXX compiler ABI info
[1.531s] -- Detecting CXX compiler ABI info - done
[1.545s] -- Check for working CXX compiler: /usr/bin/c++ - skipped
[1.545s] -- Detecting CXX compile features
[1.546s] -- Detecting CXX compile features - done
[1.573s] -- Found ament_cmake: 2.5.3 (/opt/ros/jazzy/share/ament_cmake/cmake)
[1.847s] -- Found Python3: /usr/bin/python3 (found version "3.12.3") found components: Interpreter 
[2.227s] -- Found ament_lint_auto: 0.17.1 (/opt/ros/jazzy/share/ament_lint_auto/cmake)
[2.518s] -- Added test 'flake8' to check Python code syntax and style conventions
[2.518s] -- Configured 'flake8' exclude dirs and/or files: 
[2.521s] -- Added test 'lint_cmake' to check CMake code style
[2.523s] -- Added test 'pep257' to check Python code against some of the docstring style conventions in PEP 257
[2.530s] -- Added test 'xmllint' to check XML markup files
[2.536s] -- Configuring done (2.4s)
[2.540s] -- Generating done (0.0s)
[2.544s] -- Build files have been written to: /home/jjj/moveo_RoboticArm_ROS2/build/moveo_description
[2.551s] Invoked command in '/home/jjj/moveo_RoboticArm_ROS2/build/moveo_description' returned '0': CMAKE_PREFIX_PATH=${CMAKE_PREFIX_PATH}:/home/jjj/ros2_robot_arm/install/arduinobot_python_examples:/opt/ros/jazzy DEBUGINFOD_URLS=https://debuginfod.ubuntu.com /usr/bin/cmake /home/jjj/moveo_RoboticArm_ROS2/src/moveo_description -DCMAKE_INSTALL_PREFIX=/home/jjj/moveo_RoboticArm_ROS2/install/moveo_description
[2.553s] Invoking command in '/home/jjj/moveo_RoboticArm_ROS2/build/moveo_description': CMAKE_PREFIX_PATH=${CMAKE_PREFIX_PATH}:/home/jjj/ros2_robot_arm/install/arduinobot_python_examples:/opt/ros/jazzy DEBUGINFOD_URLS=https://debuginfod.ubuntu.com /usr/bin/cmake --build /home/jjj/moveo_RoboticArm_ROS2/build/moveo_description -- -j12 -l12
[2.614s] Invoked command in '/home/jjj/moveo_RoboticArm_ROS2/build/moveo_description' returned '0': CMAKE_PREFIX_PATH=${CMAKE_PREFIX_PATH}:/home/jjj/ros2_robot_arm/install/arduinobot_python_examples:/opt/ros/jazzy DEBUGINFOD_URLS=https://debuginfod.ubuntu.com /usr/bin/cmake --build /home/jjj/moveo_RoboticArm_ROS2/build/moveo_description -- -j12 -l12
[2.637s] Invoking command in '/home/jjj/moveo_RoboticArm_ROS2/build/moveo_description': CMAKE_PREFIX_PATH=${CMAKE_PREFIX_PATH}:/home/jjj/ros2_robot_arm/install/arduinobot_python_examples:/opt/ros/jazzy DEBUGINFOD_URLS=https://debuginfod.ubuntu.com /usr/bin/cmake --install /home/jjj/moveo_RoboticArm_ROS2/build/moveo_description
[2.672s] -- Install configuration: ""
[2.672s] -- Installing: /home/jjj/moveo_RoboticArm_ROS2/install/moveo_description/share/moveo_description/meshes
[2.673s] -- Installing: /home/jjj/moveo_RoboticArm_ROS2/install/moveo_description/share/moveo_description/meshes/link4.STL
[2.681s] -- Installing: /home/jjj/moveo_RoboticArm_ROS2/install/moveo_description/share/moveo_description/meshes/base_link.STL
[2.692s] -- Installing: /home/jjj/moveo_RoboticArm_ROS2/install/moveo_description/share/moveo_description/meshes/link2.STL
[2.701s] -- Installing: /home/jjj/moveo_RoboticArm_ROS2/install/moveo_description/share/moveo_description/meshes/link_R_gear.STL
[2.703s] -- Installing: /home/jjj/moveo_RoboticArm_ROS2/install/moveo_description/share/moveo_description/meshes/link_L_arm.STL
[2.706s] -- Installing: /home/jjj/moveo_RoboticArm_ROS2/install/moveo_description/share/moveo_description/meshes/link_L_pivot.STL
[2.707s] -- Installing: /home/jjj/moveo_RoboticArm_ROS2/install/moveo_description/share/moveo_description/meshes/link3.STL
[2.710s] -- Installing: /home/jjj/moveo_RoboticArm_ROS2/install/moveo_description/share/moveo_description/meshes/link_R_arm.STL
[2.712s] -- Installing: /home/jjj/moveo_RoboticArm_ROS2/install/moveo_description/share/moveo_description/meshes/link1.STL
[2.724s] -- Installing: /home/jjj/moveo_RoboticArm_ROS2/install/moveo_description/share/moveo_description/meshes/link_L_gear.STL
[2.730s] -- Installing: /home/jjj/moveo_RoboticArm_ROS2/install/moveo_description/share/moveo_description/meshes/link5.STL
[2.765s] -- Installing: /home/jjj/moveo_RoboticArm_ROS2/install/moveo_description/share/moveo_description/meshes/link_R_pivot.STL
[2.767s] -- Installing: /home/jjj/moveo_RoboticArm_ROS2/install/moveo_description/share/moveo_description/urdf
[2.767s] -- Installing: /home/jjj/moveo_RoboticArm_ROS2/install/moveo_description/share/moveo_description/urdf/new_moveo.urdf.xacro
[2.768s] -- Installing: /home/jjj/moveo_RoboticArm_ROS2/install/moveo_description/share/moveo_description/urdf/test.txt
[2.770s] -- Installing: /home/jjj/moveo_RoboticArm_ROS2/install/moveo_description/share/moveo_description/urdf/og.urdf.xacro
[2.770s] -- Installing: /home/jjj/moveo_RoboticArm_ROS2/install/moveo_description/share/moveo_description/urdf/gazebo.urdf.xacro
[2.771s] -- Installing: /home/jjj/moveo_RoboticArm_ROS2/install/moveo_description/share/moveo_description/urdf/moveo.urdf
[2.772s] -- Installing: /home/jjj/moveo_RoboticArm_ROS2/install/moveo_description/share/moveo_description/urdf/moveo.urdf.xacro
[2.772s] -- Installing: /home/jjj/moveo_RoboticArm_ROS2/install/moveo_description/share/moveo_description/launch
[2.773s] -- Installing: /home/jjj/moveo_RoboticArm_ROS2/install/moveo_description/share/moveo_description/launch/example.launch.py
[2.773s] -- Installing: /home/jjj/moveo_RoboticArm_ROS2/install/moveo_description/share/moveo_description/launch/gazebo.launch.py
[2.774s] -- Installing: /home/jjj/moveo_RoboticArm_ROS2/install/moveo_description/share/moveo_description/launch/display.launch.py
[2.775s] -- Installing: /home/jjj/moveo_RoboticArm_ROS2/install/moveo_description/share/moveo_description/rviz
[2.775s] -- Installing: /home/jjj/moveo_RoboticArm_ROS2/install/moveo_description/share/moveo_description/rviz/display2.rviz
[2.776s] -- Installing: /home/jjj/moveo_RoboticArm_ROS2/install/moveo_description/share/moveo_description/rviz/display.rviz
[2.777s] -- Installing: /home/jjj/moveo_RoboticArm_ROS2/install/moveo_description/share/ament_index/resource_index/package_run_dependencies/moveo_description
[2.777s] -- Installing: /home/jjj/moveo_RoboticArm_ROS2/install/moveo_description/share/ament_index/resource_index/parent_prefix_path/moveo_description
[2.777s] -- Installing: /home/jjj/moveo_RoboticArm_ROS2/install/moveo_description/share/moveo_description/environment/ament_prefix_path.sh
[2.777s] -- Installing: /home/jjj/moveo_RoboticArm_ROS2/install/moveo_description/share/moveo_description/environment/ament_prefix_path.dsv
[2.778s] -- Installing: /home/jjj/moveo_RoboticArm_ROS2/install/moveo_description/share/moveo_description/environment/path.sh
[2.778s] -- Installing: /home/jjj/moveo_RoboticArm_ROS2/install/moveo_description/share/moveo_description/environment/path.dsv
[2.778s] -- Installing: /home/jjj/moveo_RoboticArm_ROS2/install/moveo_description/share/moveo_description/local_setup.bash
[2.778s] -- Installing: /home/jjj/moveo_RoboticArm_ROS2/install/moveo_description/share/moveo_description/local_setup.sh
[2.779s] -- Installing: /home/jjj/moveo_RoboticArm_ROS2/install/moveo_description/share/moveo_description/local_setup.zsh
[2.779s] -- Installing: /home/jjj/moveo_RoboticArm_ROS2/install/moveo_description/share/moveo_description/local_setup.dsv
[2.779s] -- Installing: /home/jjj/moveo_RoboticArm_ROS2/install/moveo_description/share/moveo_description/package.dsv
[2.779s] -- Installing: /home/jjj/moveo_RoboticArm_ROS2/install/moveo_description/share/ament_index/resource_index/packages/moveo_description
[2.780s] -- Installing: /home/jjj/moveo_RoboticArm_ROS2/install/moveo_description/share/moveo_description/cmake/moveo_descriptionConfig.cmake
[2.780s] -- Installing: /home/jjj/moveo_RoboticArm_ROS2/install/moveo_description/share/moveo_description/cmake/moveo_descriptionConfig-version.cmake
[2.780s] -- Installing: /home/jjj/moveo_RoboticArm_ROS2/install/moveo_description/share/moveo_description/package.xml
[2.782s] Invoked command in '/home/jjj/moveo_RoboticArm_ROS2/build/moveo_description' returned '0': CMAKE_PREFIX_PATH=${CMAKE_PREFIX_PATH}:/home/jjj/ros2_robot_arm/install/arduinobot_python_examples:/opt/ros/jazzy DEBUGINFOD_URLS=https://debuginfod.ubuntu.com /usr/bin/cmake --install /home/jjj/moveo_RoboticArm_ROS2/build/moveo_description
