[0.021s] Invoking command in '/home/jjj/moveo_RoboticArm_ROS2/build/moveo_gazebo': CMAKE_PREFIX_PATH=${CMAKE_PREFIX_PATH}:/home/jjj/ros2_robot_arm/install/arduinobot_python_examples:/opt/ros/jazzy DEBUGINFOD_URLS=https://debuginfod.ubuntu.com /usr/bin/cmake --build /home/jjj/moveo_RoboticArm_ROS2/build/moveo_gazebo -- -j12 -l12
[0.087s] Invoked command in '/home/jjj/moveo_RoboticArm_ROS2/build/moveo_gazebo' returned '0': CMAKE_PREFIX_PATH=${CMAKE_PREFIX_PATH}:/home/jjj/ros2_robot_arm/install/arduinobot_python_examples:/opt/ros/jazzy DEBUGINFOD_URLS=https://debuginfod.ubuntu.com /usr/bin/cmake --build /home/jjj/moveo_RoboticArm_ROS2/build/moveo_gazebo -- -j12 -l12
[0.089s] Invoking command in '/home/jjj/moveo_RoboticArm_ROS2/build/moveo_gazebo': CMAKE_PREFIX_PATH=${CMAKE_PREFIX_PATH}:/home/jjj/ros2_robot_arm/install/arduinobot_python_examples:/opt/ros/jazzy DEBUGINFOD_URLS=https://debuginfod.ubuntu.com /usr/bin/cmake --install /home/jjj/moveo_RoboticArm_ROS2/build/moveo_gazebo
[0.108s] -- Install configuration: ""
[0.108s] -- Up-to-date: /home/jjj/moveo_RoboticArm_ROS2/install/moveo_gazebo/share/ament_index/resource_index/package_run_dependencies/moveo_gazebo
[0.109s] -- Up-to-date: /home/jjj/moveo_RoboticArm_ROS2/install/moveo_gazebo/share/ament_index/resource_index/parent_prefix_path/moveo_gazebo
[0.109s] -- Up-to-date: /home/jjj/moveo_RoboticArm_ROS2/install/moveo_gazebo/share/moveo_gazebo/environment/ament_prefix_path.sh
[0.109s] -- Up-to-date: /home/jjj/moveo_RoboticArm_ROS2/install/moveo_gazebo/share/moveo_gazebo/environment/ament_prefix_path.dsv
[0.109s] -- Up-to-date: /home/jjj/moveo_RoboticArm_ROS2/install/moveo_gazebo/share/moveo_gazebo/environment/path.sh
[0.109s] -- Up-to-date: /home/jjj/moveo_RoboticArm_ROS2/install/moveo_gazebo/share/moveo_gazebo/environment/path.dsv
[0.110s] -- Up-to-date: /home/jjj/moveo_RoboticArm_ROS2/install/moveo_gazebo/share/moveo_gazebo/local_setup.bash
[0.110s] -- Up-to-date: /home/jjj/moveo_RoboticArm_ROS2/install/moveo_gazebo/share/moveo_gazebo/local_setup.sh
[0.110s] -- Up-to-date: /home/jjj/moveo_RoboticArm_ROS2/install/moveo_gazebo/share/moveo_gazebo/local_setup.zsh
[0.110s] -- Up-to-date: /home/jjj/moveo_RoboticArm_ROS2/install/moveo_gazebo/share/moveo_gazebo/local_setup.dsv
[0.111s] -- Installing: /home/jjj/moveo_RoboticArm_ROS2/install/moveo_gazebo/share/moveo_gazebo/package.dsv
[0.111s] -- Up-to-date: /home/jjj/moveo_RoboticArm_ROS2/install/moveo_gazebo/share/ament_index/resource_index/packages/moveo_gazebo
[0.111s] -- Up-to-date: /home/jjj/moveo_RoboticArm_ROS2/install/moveo_gazebo/share/moveo_gazebo/cmake/moveo_gazeboConfig.cmake
[0.112s] -- Up-to-date: /home/jjj/moveo_RoboticArm_ROS2/install/moveo_gazebo/share/moveo_gazebo/cmake/moveo_gazeboConfig-version.cmake
[0.112s] -- Up-to-date: /home/jjj/moveo_RoboticArm_ROS2/install/moveo_gazebo/share/moveo_gazebo/package.xml
[0.149s] Invoked command in '/home/jjj/moveo_RoboticArm_ROS2/build/moveo_gazebo' returned '0': CMAKE_PREFIX_PATH=${CMAKE_PREFIX_PATH}:/home/jjj/ros2_robot_arm/install/arduinobot_python_examples:/opt/ros/jazzy DEBUGINFOD_URLS=https://debuginfod.ubuntu.com /usr/bin/cmake --install /home/jjj/moveo_RoboticArm_ROS2/build/moveo_gazebo
