[0.108s] DEBUG:colcon:Command line arguments: ['/usr/bin/colcon', 'build']
[0.108s] DEBUG:colcon:Parsed command line arguments: Namespace(log_base=None, log_level=None, verb_name='build', build_base='build', install_base='install', merge_install=False, symlink_install=False, test_result_base=None, continue_on_error=False, executor='parallel', parallel_workers=12, event_handlers=None, ignore_user_meta=False, metas=['./colcon.meta'], base_paths=['.'], packages_ignore=None, packages_ignore_regex=None, paths=None, packages_up_to=None, packages_up_to_regex=None, packages_above=None, packages_above_and_dependencies=None, packages_above_depth=None, packages_select_by_dep=None, packages_skip_by_dep=None, packages_skip_up_to=None, packages_select_build_failed=False, packages_skip_build_finished=False, packages_select_test_failures=False, packages_skip_test_passed=False, packages_select=None, packages_skip=None, packages_select_regex=None, packages_skip_regex=None, packages_start=None, packages_end=None, allow_overriding=[], cmake_args=None, cmake_target=None, cmake_target_skip_unavailable=False, cmake_clean_cache=False, cmake_clean_first=False, cmake_force_configure=False, ament_cmake_args=None, catkin_cmake_args=None, catkin_skip_building_tests=False, mixin_files=None, mixin=None, verb_parser=<colcon_mixin.mixin.mixin_argument.MixinArgumentDecorator object at 0x705009a27d70>, verb_extension=<colcon_core.verb.build.BuildVerb object at 0x705009bd4410>, main=<bound method BuildVerb.main of <colcon_core.verb.build.BuildVerb object at 0x705009bd4410>>, mixin_verb=('build',))
[0.149s] Level 1:colcon.colcon_core.package_discovery:discover_packages(colcon_meta) check parameters
[0.149s] Level 1:colcon.colcon_core.package_discovery:discover_packages(recursive) check parameters
[0.149s] Level 1:colcon.colcon_core.package_discovery:discover_packages(ignore) check parameters
[0.149s] Level 1:colcon.colcon_core.package_discovery:discover_packages(path) check parameters
[0.149s] Level 1:colcon.colcon_core.package_discovery:discover_packages(colcon_meta) discover
[0.149s] Level 1:colcon.colcon_core.package_discovery:discover_packages(recursive) discover
[0.150s] INFO:colcon.colcon_core.package_discovery:Crawling recursively for packages in '/home/jjj/moveo_RoboticArm_ROS2'
[0.150s] Level 1:colcon.colcon_core.package_identification:_identify(.) by extensions ['ignore', 'ignore_ament_install']
[0.150s] Level 1:colcon.colcon_core.package_identification:_identify(.) by extension 'ignore'
[0.150s] Level 1:colcon.colcon_core.package_identification:_identify(.) by extension 'ignore_ament_install'
[0.150s] Level 1:colcon.colcon_core.package_identification:_identify(.) by extensions ['colcon_pkg']
[0.151s] Level 1:colcon.colcon_core.package_identification:_identify(.) by extension 'colcon_pkg'
[0.151s] Level 1:colcon.colcon_core.package_identification:_identify(.) by extensions ['colcon_meta']
[0.151s] Level 1:colcon.colcon_core.package_identification:_identify(.) by extension 'colcon_meta'
[0.151s] Level 1:colcon.colcon_core.package_identification:_identify(.) by extensions ['ros']
[0.151s] Level 1:colcon.colcon_core.package_identification:_identify(.) by extension 'ros'
[0.177s] Level 1:colcon.colcon_core.package_identification:_identify(.) by extensions ['cmake', 'python']
[0.177s] Level 1:colcon.colcon_core.package_identification:_identify(.) by extension 'cmake'
[0.177s] Level 1:colcon.colcon_core.package_identification:_identify(.) by extension 'python'
[0.178s] Level 1:colcon.colcon_core.package_identification:_identify(.) by extensions ['python_setup_py']
[0.178s] Level 1:colcon.colcon_core.package_identification:_identify(.) by extension 'python_setup_py'
[0.178s] Level 1:colcon.colcon_core.package_identification:_identify(assets) by extensions ['ignore', 'ignore_ament_install']
[0.178s] Level 1:colcon.colcon_core.package_identification:_identify(assets) by extension 'ignore'
[0.178s] Level 1:colcon.colcon_core.package_identification:_identify(assets) by extension 'ignore_ament_install'
[0.178s] Level 1:colcon.colcon_core.package_identification:_identify(assets) by extensions ['colcon_pkg']
[0.178s] Level 1:colcon.colcon_core.package_identification:_identify(assets) by extension 'colcon_pkg'
[0.178s] Level 1:colcon.colcon_core.package_identification:_identify(assets) by extensions ['colcon_meta']
[0.178s] Level 1:colcon.colcon_core.package_identification:_identify(assets) by extension 'colcon_meta'
[0.178s] Level 1:colcon.colcon_core.package_identification:_identify(assets) by extensions ['ros']
[0.178s] Level 1:colcon.colcon_core.package_identification:_identify(assets) by extension 'ros'
[0.178s] Level 1:colcon.colcon_core.package_identification:_identify(assets) by extensions ['cmake', 'python']
[0.178s] Level 1:colcon.colcon_core.package_identification:_identify(assets) by extension 'cmake'
[0.179s] Level 1:colcon.colcon_core.package_identification:_identify(assets) by extension 'python'
[0.179s] Level 1:colcon.colcon_core.package_identification:_identify(assets) by extensions ['python_setup_py']
[0.179s] Level 1:colcon.colcon_core.package_identification:_identify(assets) by extension 'python_setup_py'
[0.179s] Level 1:colcon.colcon_core.package_identification:_identify(build) by extensions ['ignore', 'ignore_ament_install']
[0.179s] Level 1:colcon.colcon_core.package_identification:_identify(build) by extension 'ignore'
[0.179s] Level 1:colcon.colcon_core.package_identification:_identify(build) ignored
[0.179s] Level 1:colcon.colcon_core.package_identification:_identify(install) by extensions ['ignore', 'ignore_ament_install']
[0.179s] Level 1:colcon.colcon_core.package_identification:_identify(install) by extension 'ignore'
[0.179s] Level 1:colcon.colcon_core.package_identification:_identify(install) ignored
[0.179s] Level 1:colcon.colcon_core.package_identification:_identify(log) by extensions ['ignore', 'ignore_ament_install']
[0.180s] Level 1:colcon.colcon_core.package_identification:_identify(log) by extension 'ignore'
[0.180s] Level 1:colcon.colcon_core.package_identification:_identify(log) ignored
[0.180s] Level 1:colcon.colcon_core.package_identification:_identify(src) by extensions ['ignore', 'ignore_ament_install']
[0.180s] Level 1:colcon.colcon_core.package_identification:_identify(src) by extension 'ignore'
[0.180s] Level 1:colcon.colcon_core.package_identification:_identify(src) by extension 'ignore_ament_install'
[0.180s] Level 1:colcon.colcon_core.package_identification:_identify(src) by extensions ['colcon_pkg']
[0.180s] Level 1:colcon.colcon_core.package_identification:_identify(src) by extension 'colcon_pkg'
[0.180s] Level 1:colcon.colcon_core.package_identification:_identify(src) by extensions ['colcon_meta']
[0.180s] Level 1:colcon.colcon_core.package_identification:_identify(src) by extension 'colcon_meta'
[0.180s] Level 1:colcon.colcon_core.package_identification:_identify(src) by extensions ['ros']
[0.180s] Level 1:colcon.colcon_core.package_identification:_identify(src) by extension 'ros'
[0.180s] Level 1:colcon.colcon_core.package_identification:_identify(src) by extensions ['cmake', 'python']
[0.180s] Level 1:colcon.colcon_core.package_identification:_identify(src) by extension 'cmake'
[0.181s] Level 1:colcon.colcon_core.package_identification:_identify(src) by extension 'python'
[0.181s] Level 1:colcon.colcon_core.package_identification:_identify(src) by extensions ['python_setup_py']
[0.181s] Level 1:colcon.colcon_core.package_identification:_identify(src) by extension 'python_setup_py'
[0.181s] Level 1:colcon.colcon_core.package_identification:_identify(src/moveo_description) by extensions ['ignore', 'ignore_ament_install']
[0.181s] Level 1:colcon.colcon_core.package_identification:_identify(src/moveo_description) by extension 'ignore'
[0.181s] Level 1:colcon.colcon_core.package_identification:_identify(src/moveo_description) by extension 'ignore_ament_install'
[0.181s] Level 1:colcon.colcon_core.package_identification:_identify(src/moveo_description) by extensions ['colcon_pkg']
[0.181s] Level 1:colcon.colcon_core.package_identification:_identify(src/moveo_description) by extension 'colcon_pkg'
[0.181s] Level 1:colcon.colcon_core.package_identification:_identify(src/moveo_description) by extensions ['colcon_meta']
[0.181s] Level 1:colcon.colcon_core.package_identification:_identify(src/moveo_description) by extension 'colcon_meta'
[0.181s] Level 1:colcon.colcon_core.package_identification:_identify(src/moveo_description) by extensions ['ros']
[0.181s] Level 1:colcon.colcon_core.package_identification:_identify(src/moveo_description) by extension 'ros'
[0.184s] DEBUG:colcon.colcon_core.package_identification:Package 'src/moveo_description' with type 'ros.ament_cmake' and name 'moveo_description'
[0.184s] Level 1:colcon.colcon_core.package_identification:_identify(src/moveo_gazebo) by extensions ['ignore', 'ignore_ament_install']
[0.184s] Level 1:colcon.colcon_core.package_identification:_identify(src/moveo_gazebo) by extension 'ignore'
[0.184s] Level 1:colcon.colcon_core.package_identification:_identify(src/moveo_gazebo) by extension 'ignore_ament_install'
[0.184s] Level 1:colcon.colcon_core.package_identification:_identify(src/moveo_gazebo) by extensions ['colcon_pkg']
[0.184s] Level 1:colcon.colcon_core.package_identification:_identify(src/moveo_gazebo) by extension 'colcon_pkg'
[0.184s] Level 1:colcon.colcon_core.package_identification:_identify(src/moveo_gazebo) by extensions ['colcon_meta']
[0.184s] Level 1:colcon.colcon_core.package_identification:_identify(src/moveo_gazebo) by extension 'colcon_meta'
[0.184s] Level 1:colcon.colcon_core.package_identification:_identify(src/moveo_gazebo) by extensions ['ros']
[0.184s] Level 1:colcon.colcon_core.package_identification:_identify(src/moveo_gazebo) by extension 'ros'
[0.185s] DEBUG:colcon.colcon_core.package_identification:Package 'src/moveo_gazebo' with type 'ros.ament_cmake' and name 'moveo_gazebo'
[0.185s] Level 1:colcon.colcon_core.package_identification:_identify(src/moveo_moveit_config) by extensions ['ignore', 'ignore_ament_install']
[0.185s] Level 1:colcon.colcon_core.package_identification:_identify(src/moveo_moveit_config) by extension 'ignore'
[0.185s] Level 1:colcon.colcon_core.package_identification:_identify(src/moveo_moveit_config) by extension 'ignore_ament_install'
[0.186s] Level 1:colcon.colcon_core.package_identification:_identify(src/moveo_moveit_config) by extensions ['colcon_pkg']
[0.186s] Level 1:colcon.colcon_core.package_identification:_identify(src/moveo_moveit_config) by extension 'colcon_pkg'
[0.186s] Level 1:colcon.colcon_core.package_identification:_identify(src/moveo_moveit_config) by extensions ['colcon_meta']
[0.186s] Level 1:colcon.colcon_core.package_identification:_identify(src/moveo_moveit_config) by extension 'colcon_meta'
[0.186s] Level 1:colcon.colcon_core.package_identification:_identify(src/moveo_moveit_config) by extensions ['ros']
[0.186s] Level 1:colcon.colcon_core.package_identification:_identify(src/moveo_moveit_config) by extension 'ros'
[0.186s] DEBUG:colcon.colcon_core.package_identification:Package 'src/moveo_moveit_config' with type 'ros.ament_cmake' and name 'moveo_moveit_config'
[0.187s] Level 1:colcon.colcon_core.package_discovery:discover_packages(recursive) using defaults
[0.187s] Level 1:colcon.colcon_core.package_discovery:discover_packages(ignore) discover
[0.187s] Level 1:colcon.colcon_core.package_discovery:discover_packages(ignore) using defaults
[0.187s] Level 1:colcon.colcon_core.package_discovery:discover_packages(path) discover
[0.187s] Level 1:colcon.colcon_core.package_discovery:discover_packages(path) using defaults
[0.204s] Level 1:colcon.colcon_core.package_discovery:discover_packages(prefix_path) check parameters
[0.204s] Level 1:colcon.colcon_core.package_discovery:discover_packages(prefix_path) discover
[0.206s] DEBUG:colcon.colcon_installed_package_information.package_discovery:Found 7 installed packages in /home/jjj/ros2_robot_arm/install
[0.207s] DEBUG:colcon.colcon_installed_package_information.package_discovery:Found 3 installed packages in /home/jjj/moveo_RoboticArm_ROS2/install
[0.209s] DEBUG:colcon.colcon_installed_package_information.package_discovery:Found 425 installed packages in /opt/ros/jazzy
[0.210s] Level 1:colcon.colcon_core.package_discovery:discover_packages(prefix_path) using defaults
[0.268s] Level 5:colcon.colcon_core.verb:set package 'moveo_description' build argument 'cmake_args' from command line to 'None'
[0.268s] Level 5:colcon.colcon_core.verb:set package 'moveo_description' build argument 'cmake_target' from command line to 'None'
[0.268s] Level 5:colcon.colcon_core.verb:set package 'moveo_description' build argument 'cmake_target_skip_unavailable' from command line to 'False'
[0.268s] Level 5:colcon.colcon_core.verb:set package 'moveo_description' build argument 'cmake_clean_cache' from command line to 'False'
[0.268s] Level 5:colcon.colcon_core.verb:set package 'moveo_description' build argument 'cmake_clean_first' from command line to 'False'
[0.268s] Level 5:colcon.colcon_core.verb:set package 'moveo_description' build argument 'cmake_force_configure' from command line to 'False'
[0.268s] Level 5:colcon.colcon_core.verb:set package 'moveo_description' build argument 'ament_cmake_args' from command line to 'None'
[0.268s] Level 5:colcon.colcon_core.verb:set package 'moveo_description' build argument 'catkin_cmake_args' from command line to 'None'
[0.268s] Level 5:colcon.colcon_core.verb:set package 'moveo_description' build argument 'catkin_skip_building_tests' from command line to 'False'
[0.268s] DEBUG:colcon.colcon_core.verb:Building package 'moveo_description' with the following arguments: {'ament_cmake_args': None, 'build_base': '/home/jjj/moveo_RoboticArm_ROS2/build/moveo_description', 'catkin_cmake_args': None, 'catkin_skip_building_tests': False, 'cmake_args': None, 'cmake_clean_cache': False, 'cmake_clean_first': False, 'cmake_force_configure': False, 'cmake_target': None, 'cmake_target_skip_unavailable': False, 'install_base': '/home/jjj/moveo_RoboticArm_ROS2/install/moveo_description', 'merge_install': False, 'path': '/home/jjj/moveo_RoboticArm_ROS2/src/moveo_description', 'symlink_install': False, 'test_result_base': None}
[0.269s] Level 5:colcon.colcon_core.verb:set package 'moveo_gazebo' build argument 'cmake_args' from command line to 'None'
[0.269s] Level 5:colcon.colcon_core.verb:set package 'moveo_gazebo' build argument 'cmake_target' from command line to 'None'
[0.269s] Level 5:colcon.colcon_core.verb:set package 'moveo_gazebo' build argument 'cmake_target_skip_unavailable' from command line to 'False'
[0.269s] Level 5:colcon.colcon_core.verb:set package 'moveo_gazebo' build argument 'cmake_clean_cache' from command line to 'False'
[0.269s] Level 5:colcon.colcon_core.verb:set package 'moveo_gazebo' build argument 'cmake_clean_first' from command line to 'False'
[0.269s] Level 5:colcon.colcon_core.verb:set package 'moveo_gazebo' build argument 'cmake_force_configure' from command line to 'False'
[0.269s] Level 5:colcon.colcon_core.verb:set package 'moveo_gazebo' build argument 'ament_cmake_args' from command line to 'None'
[0.269s] Level 5:colcon.colcon_core.verb:set package 'moveo_gazebo' build argument 'catkin_cmake_args' from command line to 'None'
[0.269s] Level 5:colcon.colcon_core.verb:set package 'moveo_gazebo' build argument 'catkin_skip_building_tests' from command line to 'False'
[0.269s] DEBUG:colcon.colcon_core.verb:Building package 'moveo_gazebo' with the following arguments: {'ament_cmake_args': None, 'build_base': '/home/jjj/moveo_RoboticArm_ROS2/build/moveo_gazebo', 'catkin_cmake_args': None, 'catkin_skip_building_tests': False, 'cmake_args': None, 'cmake_clean_cache': False, 'cmake_clean_first': False, 'cmake_force_configure': False, 'cmake_target': None, 'cmake_target_skip_unavailable': False, 'install_base': '/home/jjj/moveo_RoboticArm_ROS2/install/moveo_gazebo', 'merge_install': False, 'path': '/home/jjj/moveo_RoboticArm_ROS2/src/moveo_gazebo', 'symlink_install': False, 'test_result_base': None}
[0.270s] Level 5:colcon.colcon_core.verb:set package 'moveo_moveit_config' build argument 'cmake_args' from command line to 'None'
[0.270s] Level 5:colcon.colcon_core.verb:set package 'moveo_moveit_config' build argument 'cmake_target' from command line to 'None'
[0.270s] Level 5:colcon.colcon_core.verb:set package 'moveo_moveit_config' build argument 'cmake_target_skip_unavailable' from command line to 'False'
[0.270s] Level 5:colcon.colcon_core.verb:set package 'moveo_moveit_config' build argument 'cmake_clean_cache' from command line to 'False'
[0.270s] Level 5:colcon.colcon_core.verb:set package 'moveo_moveit_config' build argument 'cmake_clean_first' from command line to 'False'
[0.270s] Level 5:colcon.colcon_core.verb:set package 'moveo_moveit_config' build argument 'cmake_force_configure' from command line to 'False'
[0.270s] Level 5:colcon.colcon_core.verb:set package 'moveo_moveit_config' build argument 'ament_cmake_args' from command line to 'None'
[0.270s] Level 5:colcon.colcon_core.verb:set package 'moveo_moveit_config' build argument 'catkin_cmake_args' from command line to 'None'
[0.270s] Level 5:colcon.colcon_core.verb:set package 'moveo_moveit_config' build argument 'catkin_skip_building_tests' from command line to 'False'
[0.270s] DEBUG:colcon.colcon_core.verb:Building package 'moveo_moveit_config' with the following arguments: {'ament_cmake_args': None, 'build_base': '/home/jjj/moveo_RoboticArm_ROS2/build/moveo_moveit_config', 'catkin_cmake_args': None, 'catkin_skip_building_tests': False, 'cmake_args': None, 'cmake_clean_cache': False, 'cmake_clean_first': False, 'cmake_force_configure': False, 'cmake_target': None, 'cmake_target_skip_unavailable': False, 'install_base': '/home/jjj/moveo_RoboticArm_ROS2/install/moveo_moveit_config', 'merge_install': False, 'path': '/home/jjj/moveo_RoboticArm_ROS2/src/moveo_moveit_config', 'symlink_install': False, 'test_result_base': None}
[0.270s] INFO:colcon.colcon_core.executor:Executing jobs using 'parallel' executor
[0.271s] DEBUG:colcon.colcon_parallel_executor.executor.parallel:run_until_complete
[0.272s] INFO:colcon.colcon_ros.task.ament_cmake.build:Building ROS package in '/home/jjj/moveo_RoboticArm_ROS2/src/moveo_description' with build type 'ament_cmake'
[0.272s] INFO:colcon.colcon_cmake.task.cmake.build:Building CMake package in '/home/jjj/moveo_RoboticArm_ROS2/src/moveo_description'
[0.275s] INFO:colcon.colcon_core.plugin_system:Skipping extension 'colcon_core.shell.bat': Not used on non-Windows systems
[0.276s] INFO:colcon.colcon_core.shell:Skip shell extension 'powershell' for command environment: Not usable outside of PowerShell
[0.276s] DEBUG:colcon.colcon_core.shell:Skip shell extension 'dsv' for command environment
[0.282s] INFO:colcon.colcon_ros.task.ament_cmake.build:Building ROS package in '/home/jjj/moveo_RoboticArm_ROS2/src/moveo_gazebo' with build type 'ament_cmake'
[0.283s] INFO:colcon.colcon_cmake.task.cmake.build:Building CMake package in '/home/jjj/moveo_RoboticArm_ROS2/src/moveo_gazebo'
[0.283s] INFO:colcon.colcon_core.shell:Skip shell extension 'powershell' for command environment: Not usable outside of PowerShell
[0.283s] DEBUG:colcon.colcon_core.shell:Skip shell extension 'dsv' for command environment
[0.297s] DEBUG:colcon.colcon_core.event_handler.log_command:Invoking command in '/home/jjj/moveo_RoboticArm_ROS2/build/moveo_description': CMAKE_PREFIX_PATH=${CMAKE_PREFIX_PATH}:/home/jjj/ros2_robot_arm/install/arduinobot_python_examples:/opt/ros/jazzy DEBUGINFOD_URLS=https://debuginfod.ubuntu.com /usr/bin/cmake --build /home/jjj/moveo_RoboticArm_ROS2/build/moveo_description -- -j12 -l12
[0.305s] DEBUG:colcon.colcon_core.event_handler.log_command:Invoking command in '/home/jjj/moveo_RoboticArm_ROS2/build/moveo_gazebo': CMAKE_PREFIX_PATH=${CMAKE_PREFIX_PATH}:/home/jjj/ros2_robot_arm/install/arduinobot_python_examples:/opt/ros/jazzy DEBUGINFOD_URLS=https://debuginfod.ubuntu.com /usr/bin/cmake --build /home/jjj/moveo_RoboticArm_ROS2/build/moveo_gazebo -- -j12 -l12
[0.346s] DEBUG:colcon.colcon_core.event_handler.log_command:Invoked command in '/home/jjj/moveo_RoboticArm_ROS2/build/moveo_description' returned '0': CMAKE_PREFIX_PATH=${CMAKE_PREFIX_PATH}:/home/jjj/ros2_robot_arm/install/arduinobot_python_examples:/opt/ros/jazzy DEBUGINFOD_URLS=https://debuginfod.ubuntu.com /usr/bin/cmake --build /home/jjj/moveo_RoboticArm_ROS2/build/moveo_description -- -j12 -l12
[0.357s] DEBUG:colcon.colcon_core.event_handler.log_command:Invoking command in '/home/jjj/moveo_RoboticArm_ROS2/build/moveo_description': CMAKE_PREFIX_PATH=${CMAKE_PREFIX_PATH}:/home/jjj/ros2_robot_arm/install/arduinobot_python_examples:/opt/ros/jazzy DEBUGINFOD_URLS=https://debuginfod.ubuntu.com /usr/bin/cmake --install /home/jjj/moveo_RoboticArm_ROS2/build/moveo_description
[0.359s] DEBUG:colcon.colcon_core.event_handler.log_command:Invoked command in '/home/jjj/moveo_RoboticArm_ROS2/build/moveo_gazebo' returned '0': CMAKE_PREFIX_PATH=${CMAKE_PREFIX_PATH}:/home/jjj/ros2_robot_arm/install/arduinobot_python_examples:/opt/ros/jazzy DEBUGINFOD_URLS=https://debuginfod.ubuntu.com /usr/bin/cmake --build /home/jjj/moveo_RoboticArm_ROS2/build/moveo_gazebo -- -j12 -l12
[0.361s] DEBUG:colcon.colcon_core.event_handler.log_command:Invoking command in '/home/jjj/moveo_RoboticArm_ROS2/build/moveo_gazebo': CMAKE_PREFIX_PATH=${CMAKE_PREFIX_PATH}:/home/jjj/ros2_robot_arm/install/arduinobot_python_examples:/opt/ros/jazzy DEBUGINFOD_URLS=https://debuginfod.ubuntu.com /usr/bin/cmake --install /home/jjj/moveo_RoboticArm_ROS2/build/moveo_gazebo
[0.383s] Level 1:colcon.colcon_core.environment:create_environment_scripts_only(moveo_description)
[0.388s] DEBUG:colcon.colcon_core.event_handler.log_command:Invoked command in '/home/jjj/moveo_RoboticArm_ROS2/build/moveo_description' returned '0': CMAKE_PREFIX_PATH=${CMAKE_PREFIX_PATH}:/home/jjj/ros2_robot_arm/install/arduinobot_python_examples:/opt/ros/jazzy DEBUGINFOD_URLS=https://debuginfod.ubuntu.com /usr/bin/cmake --install /home/jjj/moveo_RoboticArm_ROS2/build/moveo_description
[0.389s] Level 1:colcon.colcon_core.environment:checking '/home/jjj/moveo_RoboticArm_ROS2/install/moveo_description' for CMake module files
[0.390s] Level 1:colcon.colcon_core.environment:checking '/home/jjj/moveo_RoboticArm_ROS2/install/moveo_description' for CMake config files
[0.390s] Level 1:colcon.colcon_core.shell:create_environment_hook('moveo_description', 'cmake_prefix_path')
[0.390s] INFO:colcon.colcon_core.shell:Creating environment hook '/home/jjj/moveo_RoboticArm_ROS2/install/moveo_description/share/moveo_description/hook/cmake_prefix_path.ps1'
[0.391s] INFO:colcon.colcon_core.shell:Creating environment descriptor '/home/jjj/moveo_RoboticArm_ROS2/install/moveo_description/share/moveo_description/hook/cmake_prefix_path.dsv'
[0.392s] INFO:colcon.colcon_core.shell:Creating environment hook '/home/jjj/moveo_RoboticArm_ROS2/install/moveo_description/share/moveo_description/hook/cmake_prefix_path.sh'
[0.393s] Level 1:colcon.colcon_core.environment:checking '/home/jjj/moveo_RoboticArm_ROS2/install/moveo_description/bin'
[0.393s] Level 1:colcon.colcon_core.environment:checking '/home/jjj/moveo_RoboticArm_ROS2/install/moveo_description/lib/pkgconfig/moveo_description.pc'
[0.393s] Level 1:colcon.colcon_core.environment:checking '/home/jjj/moveo_RoboticArm_ROS2/install/moveo_description/lib/python3.12/site-packages'
[0.394s] Level 1:colcon.colcon_core.environment:checking '/home/jjj/moveo_RoboticArm_ROS2/install/moveo_description/bin'
[0.394s] INFO:colcon.colcon_core.shell:Creating package script '/home/jjj/moveo_RoboticArm_ROS2/install/moveo_description/share/moveo_description/package.ps1'
[0.395s] INFO:colcon.colcon_core.shell:Creating package descriptor '/home/jjj/moveo_RoboticArm_ROS2/install/moveo_description/share/moveo_description/package.dsv'
[0.396s] INFO:colcon.colcon_core.shell:Creating package script '/home/jjj/moveo_RoboticArm_ROS2/install/moveo_description/share/moveo_description/package.sh'
[0.397s] INFO:colcon.colcon_core.shell:Creating package script '/home/jjj/moveo_RoboticArm_ROS2/install/moveo_description/share/moveo_description/package.bash'
[0.398s] INFO:colcon.colcon_core.shell:Creating package script '/home/jjj/moveo_RoboticArm_ROS2/install/moveo_description/share/moveo_description/package.zsh'
[0.399s] Level 1:colcon.colcon_core.environment:create_file_with_runtime_dependencies(/home/jjj/moveo_RoboticArm_ROS2/install/moveo_description/share/colcon-core/packages/moveo_description)
[0.400s] Level 1:colcon.colcon_core.environment:create_environment_scripts_only(moveo_description)
[0.400s] Level 1:colcon.colcon_core.environment:checking '/home/jjj/moveo_RoboticArm_ROS2/install/moveo_description' for CMake module files
[0.401s] Level 1:colcon.colcon_core.environment:checking '/home/jjj/moveo_RoboticArm_ROS2/install/moveo_description' for CMake config files
[0.402s] Level 1:colcon.colcon_core.shell:create_environment_hook('moveo_description', 'cmake_prefix_path')
[0.402s] INFO:colcon.colcon_core.shell:Creating environment hook '/home/jjj/moveo_RoboticArm_ROS2/install/moveo_description/share/moveo_description/hook/cmake_prefix_path.ps1'
[0.403s] INFO:colcon.colcon_core.shell:Creating environment descriptor '/home/jjj/moveo_RoboticArm_ROS2/install/moveo_description/share/moveo_description/hook/cmake_prefix_path.dsv'
[0.403s] INFO:colcon.colcon_core.shell:Creating environment hook '/home/jjj/moveo_RoboticArm_ROS2/install/moveo_description/share/moveo_description/hook/cmake_prefix_path.sh'
[0.405s] Level 1:colcon.colcon_core.environment:checking '/home/jjj/moveo_RoboticArm_ROS2/install/moveo_description/bin'
[0.405s] Level 1:colcon.colcon_core.environment:checking '/home/jjj/moveo_RoboticArm_ROS2/install/moveo_description/lib/pkgconfig/moveo_description.pc'
[0.405s] Level 1:colcon.colcon_core.environment:checking '/home/jjj/moveo_RoboticArm_ROS2/install/moveo_description/lib/python3.12/site-packages'
[0.406s] Level 1:colcon.colcon_core.environment:checking '/home/jjj/moveo_RoboticArm_ROS2/install/moveo_description/bin'
[0.406s] INFO:colcon.colcon_core.shell:Creating package script '/home/jjj/moveo_RoboticArm_ROS2/install/moveo_description/share/moveo_description/package.ps1'
[0.407s] INFO:colcon.colcon_core.shell:Creating package descriptor '/home/jjj/moveo_RoboticArm_ROS2/install/moveo_description/share/moveo_description/package.dsv'
[0.407s] INFO:colcon.colcon_core.shell:Creating package script '/home/jjj/moveo_RoboticArm_ROS2/install/moveo_description/share/moveo_description/package.sh'
[0.408s] INFO:colcon.colcon_core.shell:Creating package script '/home/jjj/moveo_RoboticArm_ROS2/install/moveo_description/share/moveo_description/package.bash'
[0.408s] INFO:colcon.colcon_core.shell:Creating package script '/home/jjj/moveo_RoboticArm_ROS2/install/moveo_description/share/moveo_description/package.zsh'
[0.409s] Level 1:colcon.colcon_core.environment:create_file_with_runtime_dependencies(/home/jjj/moveo_RoboticArm_ROS2/install/moveo_description/share/colcon-core/packages/moveo_description)
[0.409s] INFO:colcon.colcon_ros.task.ament_cmake.build:Building ROS package in '/home/jjj/moveo_RoboticArm_ROS2/src/moveo_moveit_config' with build type 'ament_cmake'
[0.409s] INFO:colcon.colcon_cmake.task.cmake.build:Building CMake package in '/home/jjj/moveo_RoboticArm_ROS2/src/moveo_moveit_config'
[0.410s] INFO:colcon.colcon_core.shell:Skip shell extension 'powershell' for command environment: Not usable outside of PowerShell
[0.410s] DEBUG:colcon.colcon_core.shell:Skip shell extension 'dsv' for command environment
[0.425s] Level 1:colcon.colcon_core.environment:create_environment_scripts_only(moveo_gazebo)
[0.425s] Level 1:colcon.colcon_core.environment:checking '/home/jjj/moveo_RoboticArm_ROS2/install/moveo_gazebo' for CMake module files
[0.426s] DEBUG:colcon.colcon_core.event_handler.log_command:Invoked command in '/home/jjj/moveo_RoboticArm_ROS2/build/moveo_gazebo' returned '0': CMAKE_PREFIX_PATH=${CMAKE_PREFIX_PATH}:/home/jjj/ros2_robot_arm/install/arduinobot_python_examples:/opt/ros/jazzy DEBUGINFOD_URLS=https://debuginfod.ubuntu.com /usr/bin/cmake --install /home/jjj/moveo_RoboticArm_ROS2/build/moveo_gazebo
[0.427s] Level 1:colcon.colcon_core.environment:checking '/home/jjj/moveo_RoboticArm_ROS2/install/moveo_gazebo' for CMake config files
[0.427s] Level 1:colcon.colcon_core.shell:create_environment_hook('moveo_gazebo', 'cmake_prefix_path')
[0.427s] INFO:colcon.colcon_core.shell:Creating environment hook '/home/jjj/moveo_RoboticArm_ROS2/install/moveo_gazebo/share/moveo_gazebo/hook/cmake_prefix_path.ps1'
[0.428s] INFO:colcon.colcon_core.shell:Creating environment descriptor '/home/jjj/moveo_RoboticArm_ROS2/install/moveo_gazebo/share/moveo_gazebo/hook/cmake_prefix_path.dsv'
[0.428s] INFO:colcon.colcon_core.shell:Creating environment hook '/home/jjj/moveo_RoboticArm_ROS2/install/moveo_gazebo/share/moveo_gazebo/hook/cmake_prefix_path.sh'
[0.429s] Level 1:colcon.colcon_core.environment:checking '/home/jjj/moveo_RoboticArm_ROS2/install/moveo_gazebo/bin'
[0.430s] Level 1:colcon.colcon_core.environment:checking '/home/jjj/moveo_RoboticArm_ROS2/install/moveo_gazebo/lib/pkgconfig/moveo_gazebo.pc'
[0.430s] Level 1:colcon.colcon_core.environment:checking '/home/jjj/moveo_RoboticArm_ROS2/install/moveo_gazebo/lib/python3.12/site-packages'
[0.430s] Level 1:colcon.colcon_core.environment:checking '/home/jjj/moveo_RoboticArm_ROS2/install/moveo_gazebo/bin'
[0.431s] INFO:colcon.colcon_core.shell:Creating package script '/home/jjj/moveo_RoboticArm_ROS2/install/moveo_gazebo/share/moveo_gazebo/package.ps1'
[0.431s] INFO:colcon.colcon_core.shell:Creating package descriptor '/home/jjj/moveo_RoboticArm_ROS2/install/moveo_gazebo/share/moveo_gazebo/package.dsv'
[0.432s] INFO:colcon.colcon_core.shell:Creating package script '/home/jjj/moveo_RoboticArm_ROS2/install/moveo_gazebo/share/moveo_gazebo/package.sh'
[0.434s] INFO:colcon.colcon_core.shell:Creating package script '/home/jjj/moveo_RoboticArm_ROS2/install/moveo_gazebo/share/moveo_gazebo/package.bash'
[0.435s] INFO:colcon.colcon_core.shell:Creating package script '/home/jjj/moveo_RoboticArm_ROS2/install/moveo_gazebo/share/moveo_gazebo/package.zsh'
[0.436s] Level 1:colcon.colcon_core.environment:create_file_with_runtime_dependencies(/home/jjj/moveo_RoboticArm_ROS2/install/moveo_gazebo/share/colcon-core/packages/moveo_gazebo)
[0.437s] Level 1:colcon.colcon_core.environment:create_environment_scripts_only(moveo_gazebo)
[0.437s] Level 1:colcon.colcon_core.environment:checking '/home/jjj/moveo_RoboticArm_ROS2/install/moveo_gazebo' for CMake module files
[0.438s] Level 1:colcon.colcon_core.environment:checking '/home/jjj/moveo_RoboticArm_ROS2/install/moveo_gazebo' for CMake config files
[0.438s] Level 1:colcon.colcon_core.shell:create_environment_hook('moveo_gazebo', 'cmake_prefix_path')
[0.439s] INFO:colcon.colcon_core.shell:Creating environment hook '/home/jjj/moveo_RoboticArm_ROS2/install/moveo_gazebo/share/moveo_gazebo/hook/cmake_prefix_path.ps1'
[0.439s] INFO:colcon.colcon_core.shell:Creating environment descriptor '/home/jjj/moveo_RoboticArm_ROS2/install/moveo_gazebo/share/moveo_gazebo/hook/cmake_prefix_path.dsv'
[0.440s] INFO:colcon.colcon_core.shell:Creating environment hook '/home/jjj/moveo_RoboticArm_ROS2/install/moveo_gazebo/share/moveo_gazebo/hook/cmake_prefix_path.sh'
[0.441s] Level 1:colcon.colcon_core.environment:checking '/home/jjj/moveo_RoboticArm_ROS2/install/moveo_gazebo/bin'
[0.441s] Level 1:colcon.colcon_core.environment:checking '/home/jjj/moveo_RoboticArm_ROS2/install/moveo_gazebo/lib/pkgconfig/moveo_gazebo.pc'
[0.441s] Level 1:colcon.colcon_core.environment:checking '/home/jjj/moveo_RoboticArm_ROS2/install/moveo_gazebo/lib/python3.12/site-packages'
[0.442s] Level 1:colcon.colcon_core.environment:checking '/home/jjj/moveo_RoboticArm_ROS2/install/moveo_gazebo/bin'
[0.442s] INFO:colcon.colcon_core.shell:Creating package script '/home/jjj/moveo_RoboticArm_ROS2/install/moveo_gazebo/share/moveo_gazebo/package.ps1'
[0.443s] INFO:colcon.colcon_core.shell:Creating package descriptor '/home/jjj/moveo_RoboticArm_ROS2/install/moveo_gazebo/share/moveo_gazebo/package.dsv'
[0.444s] INFO:colcon.colcon_core.shell:Creating package script '/home/jjj/moveo_RoboticArm_ROS2/install/moveo_gazebo/share/moveo_gazebo/package.sh'
[0.445s] INFO:colcon.colcon_core.shell:Creating package script '/home/jjj/moveo_RoboticArm_ROS2/install/moveo_gazebo/share/moveo_gazebo/package.bash'
[0.446s] INFO:colcon.colcon_core.shell:Creating package script '/home/jjj/moveo_RoboticArm_ROS2/install/moveo_gazebo/share/moveo_gazebo/package.zsh'
[0.447s] Level 1:colcon.colcon_core.environment:create_file_with_runtime_dependencies(/home/jjj/moveo_RoboticArm_ROS2/install/moveo_gazebo/share/colcon-core/packages/moveo_gazebo)
[0.452s] DEBUG:colcon.colcon_core.event_handler.log_command:Invoking command in '/home/jjj/moveo_RoboticArm_ROS2/build/moveo_moveit_config': CMAKE_PREFIX_PATH=/home/jjj/moveo_RoboticArm_ROS2/install/moveo_description:/home/jjj/moveo_RoboticArm_ROS2/install/moveo_moveit_config:/home/jjj/moveo_RoboticArm_ROS2/install/moveo_gazebo:/home/jjj/ros2_robot_arm/install/arduinobot_msgs:/home/jjj/ros2_robot_arm/install/arduinobot_moveit_config:/home/jjj/ros2_robot_arm/install/arduinobot_firmware:/home/jjj/ros2_robot_arm/install/arduinobot_description:/home/jjj/ros2_robot_arm/install/arduinobot_cpp_examples:/home/jjj/ros2_robot_arm/install/arduinobot_controller:/opt/ros/jazzy/opt/gz_sim_vendor:/opt/ros/jazzy/opt/gz_sensors_vendor:/opt/ros/jazzy/opt/gz_physics_vendor:/opt/ros/jazzy/opt/sdformat_vendor:/opt/ros/jazzy/opt/gz_gui_vendor:/opt/ros/jazzy/opt/gz_transport_vendor:/opt/ros/jazzy/opt/gz_rendering_vendor:/opt/ros/jazzy/opt/gz_plugin_vendor:/opt/ros/jazzy/opt/gz_fuel_tools_vendor:/opt/ros/jazzy/opt/gz_msgs_vendor:/opt/ros/jazzy/opt/gz_common_vendor:/opt/ros/jazzy/opt/gz_math_vendor:/opt/ros/jazzy/opt/gz_utils_vendor:/opt/ros/jazzy/opt/gz_tools_vendor:/opt/ros/jazzy/opt/gz_ogre_next_vendor:/opt/ros/jazzy/opt/gz_dartsim_vendor:/opt/ros/jazzy/opt/gz_cmake_vendor:/home/jjj/ros2_robot_arm/install/arduinobot_python_examples:/opt/ros/jazzy DEBUGINFOD_URLS=https://debuginfod.ubuntu.com /usr/bin/cmake --build /home/jjj/moveo_RoboticArm_ROS2/build/moveo_moveit_config -- -j12 -l12
[0.516s] DEBUG:colcon.colcon_core.event_handler.log_command:Invoked command in '/home/jjj/moveo_RoboticArm_ROS2/build/moveo_moveit_config' returned '0': CMAKE_PREFIX_PATH=/home/jjj/moveo_RoboticArm_ROS2/install/moveo_description:/home/jjj/moveo_RoboticArm_ROS2/install/moveo_moveit_config:/home/jjj/moveo_RoboticArm_ROS2/install/moveo_gazebo:/home/jjj/ros2_robot_arm/install/arduinobot_msgs:/home/jjj/ros2_robot_arm/install/arduinobot_moveit_config:/home/jjj/ros2_robot_arm/install/arduinobot_firmware:/home/jjj/ros2_robot_arm/install/arduinobot_description:/home/jjj/ros2_robot_arm/install/arduinobot_cpp_examples:/home/jjj/ros2_robot_arm/install/arduinobot_controller:/opt/ros/jazzy/opt/gz_sim_vendor:/opt/ros/jazzy/opt/gz_sensors_vendor:/opt/ros/jazzy/opt/gz_physics_vendor:/opt/ros/jazzy/opt/sdformat_vendor:/opt/ros/jazzy/opt/gz_gui_vendor:/opt/ros/jazzy/opt/gz_transport_vendor:/opt/ros/jazzy/opt/gz_rendering_vendor:/opt/ros/jazzy/opt/gz_plugin_vendor:/opt/ros/jazzy/opt/gz_fuel_tools_vendor:/opt/ros/jazzy/opt/gz_msgs_vendor:/opt/ros/jazzy/opt/gz_common_vendor:/opt/ros/jazzy/opt/gz_math_vendor:/opt/ros/jazzy/opt/gz_utils_vendor:/opt/ros/jazzy/opt/gz_tools_vendor:/opt/ros/jazzy/opt/gz_ogre_next_vendor:/opt/ros/jazzy/opt/gz_dartsim_vendor:/opt/ros/jazzy/opt/gz_cmake_vendor:/home/jjj/ros2_robot_arm/install/arduinobot_python_examples:/opt/ros/jazzy DEBUGINFOD_URLS=https://debuginfod.ubuntu.com /usr/bin/cmake --build /home/jjj/moveo_RoboticArm_ROS2/build/moveo_moveit_config -- -j12 -l12
[0.519s] DEBUG:colcon.colcon_core.event_handler.log_command:Invoking command in '/home/jjj/moveo_RoboticArm_ROS2/build/moveo_moveit_config': CMAKE_PREFIX_PATH=/home/jjj/moveo_RoboticArm_ROS2/install/moveo_description:/home/jjj/moveo_RoboticArm_ROS2/install/moveo_moveit_config:/home/jjj/moveo_RoboticArm_ROS2/install/moveo_gazebo:/home/jjj/ros2_robot_arm/install/arduinobot_msgs:/home/jjj/ros2_robot_arm/install/arduinobot_moveit_config:/home/jjj/ros2_robot_arm/install/arduinobot_firmware:/home/jjj/ros2_robot_arm/install/arduinobot_description:/home/jjj/ros2_robot_arm/install/arduinobot_cpp_examples:/home/jjj/ros2_robot_arm/install/arduinobot_controller:/opt/ros/jazzy/opt/gz_sim_vendor:/opt/ros/jazzy/opt/gz_sensors_vendor:/opt/ros/jazzy/opt/gz_physics_vendor:/opt/ros/jazzy/opt/sdformat_vendor:/opt/ros/jazzy/opt/gz_gui_vendor:/opt/ros/jazzy/opt/gz_transport_vendor:/opt/ros/jazzy/opt/gz_rendering_vendor:/opt/ros/jazzy/opt/gz_plugin_vendor:/opt/ros/jazzy/opt/gz_fuel_tools_vendor:/opt/ros/jazzy/opt/gz_msgs_vendor:/opt/ros/jazzy/opt/gz_common_vendor:/opt/ros/jazzy/opt/gz_math_vendor:/opt/ros/jazzy/opt/gz_utils_vendor:/opt/ros/jazzy/opt/gz_tools_vendor:/opt/ros/jazzy/opt/gz_ogre_next_vendor:/opt/ros/jazzy/opt/gz_dartsim_vendor:/opt/ros/jazzy/opt/gz_cmake_vendor:/home/jjj/ros2_robot_arm/install/arduinobot_python_examples:/opt/ros/jazzy DEBUGINFOD_URLS=https://debuginfod.ubuntu.com /usr/bin/cmake --install /home/jjj/moveo_RoboticArm_ROS2/build/moveo_moveit_config
[0.538s] Level 1:colcon.colcon_core.environment:create_environment_scripts_only(moveo_moveit_config)
[0.538s] Level 1:colcon.colcon_core.environment:checking '/home/jjj/moveo_RoboticArm_ROS2/install/moveo_moveit_config' for CMake module files
[0.540s] Level 1:colcon.colcon_core.environment:checking '/home/jjj/moveo_RoboticArm_ROS2/install/moveo_moveit_config' for CMake config files
[0.540s] Level 1:colcon.colcon_core.shell:create_environment_hook('moveo_moveit_config', 'cmake_prefix_path')
[0.541s] INFO:colcon.colcon_core.shell:Creating environment hook '/home/jjj/moveo_RoboticArm_ROS2/install/moveo_moveit_config/share/moveo_moveit_config/hook/cmake_prefix_path.ps1'
[0.542s] DEBUG:colcon.colcon_core.event_handler.log_command:Invoked command in '/home/jjj/moveo_RoboticArm_ROS2/build/moveo_moveit_config' returned '0': CMAKE_PREFIX_PATH=/home/jjj/moveo_RoboticArm_ROS2/install/moveo_description:/home/jjj/moveo_RoboticArm_ROS2/install/moveo_moveit_config:/home/jjj/moveo_RoboticArm_ROS2/install/moveo_gazebo:/home/jjj/ros2_robot_arm/install/arduinobot_msgs:/home/jjj/ros2_robot_arm/install/arduinobot_moveit_config:/home/jjj/ros2_robot_arm/install/arduinobot_firmware:/home/jjj/ros2_robot_arm/install/arduinobot_description:/home/jjj/ros2_robot_arm/install/arduinobot_cpp_examples:/home/jjj/ros2_robot_arm/install/arduinobot_controller:/opt/ros/jazzy/opt/gz_sim_vendor:/opt/ros/jazzy/opt/gz_sensors_vendor:/opt/ros/jazzy/opt/gz_physics_vendor:/opt/ros/jazzy/opt/sdformat_vendor:/opt/ros/jazzy/opt/gz_gui_vendor:/opt/ros/jazzy/opt/gz_transport_vendor:/opt/ros/jazzy/opt/gz_rendering_vendor:/opt/ros/jazzy/opt/gz_plugin_vendor:/opt/ros/jazzy/opt/gz_fuel_tools_vendor:/opt/ros/jazzy/opt/gz_msgs_vendor:/opt/ros/jazzy/opt/gz_common_vendor:/opt/ros/jazzy/opt/gz_math_vendor:/opt/ros/jazzy/opt/gz_utils_vendor:/opt/ros/jazzy/opt/gz_tools_vendor:/opt/ros/jazzy/opt/gz_ogre_next_vendor:/opt/ros/jazzy/opt/gz_dartsim_vendor:/opt/ros/jazzy/opt/gz_cmake_vendor:/home/jjj/ros2_robot_arm/install/arduinobot_python_examples:/opt/ros/jazzy DEBUGINFOD_URLS=https://debuginfod.ubuntu.com /usr/bin/cmake --install /home/jjj/moveo_RoboticArm_ROS2/build/moveo_moveit_config
[0.543s] INFO:colcon.colcon_core.shell:Creating environment descriptor '/home/jjj/moveo_RoboticArm_ROS2/install/moveo_moveit_config/share/moveo_moveit_config/hook/cmake_prefix_path.dsv'
[0.544s] INFO:colcon.colcon_core.shell:Creating environment hook '/home/jjj/moveo_RoboticArm_ROS2/install/moveo_moveit_config/share/moveo_moveit_config/hook/cmake_prefix_path.sh'
[0.545s] Level 1:colcon.colcon_core.environment:checking '/home/jjj/moveo_RoboticArm_ROS2/install/moveo_moveit_config/bin'
[0.545s] Level 1:colcon.colcon_core.environment:checking '/home/jjj/moveo_RoboticArm_ROS2/install/moveo_moveit_config/lib/pkgconfig/moveo_moveit_config.pc'
[0.545s] Level 1:colcon.colcon_core.environment:checking '/home/jjj/moveo_RoboticArm_ROS2/install/moveo_moveit_config/lib/python3.12/site-packages'
[0.546s] Level 1:colcon.colcon_core.environment:checking '/home/jjj/moveo_RoboticArm_ROS2/install/moveo_moveit_config/bin'
[0.546s] INFO:colcon.colcon_core.shell:Creating package script '/home/jjj/moveo_RoboticArm_ROS2/install/moveo_moveit_config/share/moveo_moveit_config/package.ps1'
[0.547s] INFO:colcon.colcon_core.shell:Creating package descriptor '/home/jjj/moveo_RoboticArm_ROS2/install/moveo_moveit_config/share/moveo_moveit_config/package.dsv'
[0.547s] INFO:colcon.colcon_core.shell:Creating package script '/home/jjj/moveo_RoboticArm_ROS2/install/moveo_moveit_config/share/moveo_moveit_config/package.sh'
[0.548s] INFO:colcon.colcon_core.shell:Creating package script '/home/jjj/moveo_RoboticArm_ROS2/install/moveo_moveit_config/share/moveo_moveit_config/package.bash'
[0.548s] INFO:colcon.colcon_core.shell:Creating package script '/home/jjj/moveo_RoboticArm_ROS2/install/moveo_moveit_config/share/moveo_moveit_config/package.zsh'
[0.549s] Level 1:colcon.colcon_core.environment:create_file_with_runtime_dependencies(/home/jjj/moveo_RoboticArm_ROS2/install/moveo_moveit_config/share/colcon-core/packages/moveo_moveit_config)
[0.550s] Level 1:colcon.colcon_core.environment:create_environment_scripts_only(moveo_moveit_config)
[0.550s] Level 1:colcon.colcon_core.environment:checking '/home/jjj/moveo_RoboticArm_ROS2/install/moveo_moveit_config' for CMake module files
[0.550s] Level 1:colcon.colcon_core.environment:checking '/home/jjj/moveo_RoboticArm_ROS2/install/moveo_moveit_config' for CMake config files
[0.551s] Level 1:colcon.colcon_core.shell:create_environment_hook('moveo_moveit_config', 'cmake_prefix_path')
[0.551s] INFO:colcon.colcon_core.shell:Creating environment hook '/home/jjj/moveo_RoboticArm_ROS2/install/moveo_moveit_config/share/moveo_moveit_config/hook/cmake_prefix_path.ps1'
[0.551s] INFO:colcon.colcon_core.shell:Creating environment descriptor '/home/jjj/moveo_RoboticArm_ROS2/install/moveo_moveit_config/share/moveo_moveit_config/hook/cmake_prefix_path.dsv'
[0.552s] INFO:colcon.colcon_core.shell:Creating environment hook '/home/jjj/moveo_RoboticArm_ROS2/install/moveo_moveit_config/share/moveo_moveit_config/hook/cmake_prefix_path.sh'
[0.553s] Level 1:colcon.colcon_core.environment:checking '/home/jjj/moveo_RoboticArm_ROS2/install/moveo_moveit_config/bin'
[0.553s] Level 1:colcon.colcon_core.environment:checking '/home/jjj/moveo_RoboticArm_ROS2/install/moveo_moveit_config/lib/pkgconfig/moveo_moveit_config.pc'
[0.553s] Level 1:colcon.colcon_core.environment:checking '/home/jjj/moveo_RoboticArm_ROS2/install/moveo_moveit_config/lib/python3.12/site-packages'
[0.553s] Level 1:colcon.colcon_core.environment:checking '/home/jjj/moveo_RoboticArm_ROS2/install/moveo_moveit_config/bin'
[0.554s] INFO:colcon.colcon_core.shell:Creating package script '/home/jjj/moveo_RoboticArm_ROS2/install/moveo_moveit_config/share/moveo_moveit_config/package.ps1'
[0.554s] INFO:colcon.colcon_core.shell:Creating package descriptor '/home/jjj/moveo_RoboticArm_ROS2/install/moveo_moveit_config/share/moveo_moveit_config/package.dsv'
[0.555s] INFO:colcon.colcon_core.shell:Creating package script '/home/jjj/moveo_RoboticArm_ROS2/install/moveo_moveit_config/share/moveo_moveit_config/package.sh'
[0.556s] INFO:colcon.colcon_core.shell:Creating package script '/home/jjj/moveo_RoboticArm_ROS2/install/moveo_moveit_config/share/moveo_moveit_config/package.bash'
[0.556s] INFO:colcon.colcon_core.shell:Creating package script '/home/jjj/moveo_RoboticArm_ROS2/install/moveo_moveit_config/share/moveo_moveit_config/package.zsh'
[0.557s] Level 1:colcon.colcon_core.environment:create_file_with_runtime_dependencies(/home/jjj/moveo_RoboticArm_ROS2/install/moveo_moveit_config/share/colcon-core/packages/moveo_moveit_config)
[0.557s] DEBUG:colcon.colcon_parallel_executor.executor.parallel:closing loop
[0.558s] DEBUG:colcon.colcon_parallel_executor.executor.parallel:loop closed
[0.558s] DEBUG:colcon.colcon_parallel_executor.executor.parallel:run_until_complete finished with '0'
[0.558s] DEBUG:colcon.colcon_core.event_reactor:joining thread
[0.566s] INFO:colcon.colcon_core.plugin_system:Skipping extension 'colcon_notification.desktop_notification.terminal_notifier': Not used on non-Darwin systems
[0.566s] INFO:colcon.colcon_core.plugin_system:Skipping extension 'colcon_notification.desktop_notification.win32': Not used on non-Windows systems
[0.567s] INFO:colcon.colcon_notification.desktop_notification:Sending desktop notification using 'notify2'
[0.589s] DEBUG:colcon.colcon_core.event_reactor:joined thread
[0.590s] INFO:colcon.colcon_core.shell:Creating prefix script '/home/jjj/moveo_RoboticArm_ROS2/install/local_setup.ps1'
[0.591s] INFO:colcon.colcon_core.shell:Creating prefix util module '/home/jjj/moveo_RoboticArm_ROS2/install/_local_setup_util_ps1.py'
[0.594s] INFO:colcon.colcon_core.shell:Creating prefix chain script '/home/jjj/moveo_RoboticArm_ROS2/install/setup.ps1'
[0.596s] INFO:colcon.colcon_core.shell:Creating prefix script '/home/jjj/moveo_RoboticArm_ROS2/install/local_setup.sh'
[0.596s] INFO:colcon.colcon_core.shell:Creating prefix util module '/home/jjj/moveo_RoboticArm_ROS2/install/_local_setup_util_sh.py'
[0.597s] INFO:colcon.colcon_core.shell:Creating prefix chain script '/home/jjj/moveo_RoboticArm_ROS2/install/setup.sh'
[0.599s] INFO:colcon.colcon_core.shell:Creating prefix script '/home/jjj/moveo_RoboticArm_ROS2/install/local_setup.bash'
[0.600s] INFO:colcon.colcon_core.shell:Creating prefix chain script '/home/jjj/moveo_RoboticArm_ROS2/install/setup.bash'
[0.603s] INFO:colcon.colcon_core.shell:Creating prefix script '/home/jjj/moveo_RoboticArm_ROS2/install/local_setup.zsh'
[0.604s] INFO:colcon.colcon_core.shell:Creating prefix chain script '/home/jjj/moveo_RoboticArm_ROS2/install/setup.zsh'
