[0.017s] Invoking command in '/home/jjj/moveo/build/moveo_description': CMAKE_PREFIX_PATH=${CMAKE_PREFIX_PATH}:/home/jjj/ros2_robot_arm/install/arduinobot_python_examples:/opt/ros/jazzy DEBUGINFOD_URLS=https://debuginfod.ubuntu.com /usr/bin/cmake --build /home/jjj/moveo/build/moveo_description -- -j12 -l12
[0.055s] Invoked command in '/home/jjj/moveo/build/moveo_description' returned '0': CMAKE_PREFIX_PATH=${CMAKE_PREFIX_PATH}:/home/jjj/ros2_robot_arm/install/arduinobot_python_examples:/opt/ros/jazzy DEBUGINFOD_URLS=https://debuginfod.ubuntu.com /usr/bin/cmake --build /home/jjj/moveo/build/moveo_description -- -j12 -l12
[0.065s] Invoking command in '/home/jjj/moveo/build/moveo_description': CMAKE_PREFIX_PATH=${CMAKE_PREFIX_PATH}:/home/jjj/ros2_robot_arm/install/arduinobot_python_examples:/opt/ros/jazzy DEBUGINFOD_URLS=https://debuginfod.ubuntu.com /usr/bin/cmake --install /home/jjj/moveo/build/moveo_description
[0.075s] -- Install configuration: ""
[0.076s] -- Up-to-date: /home/jjj/moveo/install/moveo_description/share/ament_index/resource_index/package_run_dependencies/moveo_description
[0.076s] -- Up-to-date: /home/jjj/moveo/install/moveo_description/share/ament_index/resource_index/parent_prefix_path/moveo_description
[0.076s] -- Up-to-date: /home/jjj/moveo/install/moveo_description/share/moveo_description/environment/ament_prefix_path.sh
[0.076s] -- Up-to-date: /home/jjj/moveo/install/moveo_description/share/moveo_description/environment/ament_prefix_path.dsv
[0.077s] -- Up-to-date: /home/jjj/moveo/install/moveo_description/share/moveo_description/environment/path.sh
[0.077s] -- Up-to-date: /home/jjj/moveo/install/moveo_description/share/moveo_description/environment/path.dsv
[0.077s] -- Up-to-date: /home/jjj/moveo/install/moveo_description/share/moveo_description/local_setup.bash
[0.077s] -- Up-to-date: /home/jjj/moveo/install/moveo_description/share/moveo_description/local_setup.sh
[0.078s] -- Up-to-date: /home/jjj/moveo/install/moveo_description/share/moveo_description/local_setup.zsh
[0.078s] -- Up-to-date: /home/jjj/moveo/install/moveo_description/share/moveo_description/local_setup.dsv
[0.078s] -- Installing: /home/jjj/moveo/install/moveo_description/share/moveo_description/package.dsv
[0.078s] -- Up-to-date: /home/jjj/moveo/install/moveo_description/share/ament_index/resource_index/packages/moveo_description
[0.078s] -- Up-to-date: /home/jjj/moveo/install/moveo_description/share/moveo_description/cmake/moveo_descriptionConfig.cmake
[0.079s] -- Up-to-date: /home/jjj/moveo/install/moveo_description/share/moveo_description/cmake/moveo_descriptionConfig-version.cmake
[0.079s] -- Up-to-date: /home/jjj/moveo/install/moveo_description/share/moveo_description/package.xml
[0.080s] Invoked command in '/home/jjj/moveo/build/moveo_description' returned '0': CMAKE_PREFIX_PATH=${CMAKE_PREFIX_PATH}:/home/jjj/ros2_robot_arm/install/arduinobot_python_examples:/opt/ros/jazzy DEBUGINFOD_URLS=https://debuginfod.ubuntu.com /usr/bin/cmake --install /home/jjj/moveo/build/moveo_description
