[0.027s] Invoking command in '/home/jjj/moveo/build/moveo_description': CMAKE_PREFIX_PATH=${CMAKE_PREFIX_PATH}:/home/jjj/ros2_robot_arm/install/arduinobot_python_examples:/opt/ros/jazzy DEBUGINFOD_URLS=https://debuginfod.ubuntu.com /usr/bin/cmake --build /home/jjj/moveo/build/moveo_description -- -j12 -l12
[0.149s] Invoked command in '/home/jjj/moveo/build/moveo_description' returned '0': CMAKE_PREFIX_PATH=${CMAKE_PREFIX_PATH}:/home/jjj/ros2_robot_arm/install/arduinobot_python_examples:/opt/ros/jazzy DEBUGINFOD_URLS=https://debuginfod.ubuntu.com /usr/bin/cmake --build /home/jjj/moveo/build/moveo_description -- -j12 -l12
[0.164s] Invoking command in '/home/jjj/moveo/build/moveo_description': CMAKE_PREFIX_PATH=${CMAKE_PREFIX_PATH}:/home/jjj/ros2_robot_arm/install/arduinobot_python_examples:/opt/ros/jazzy DEBUGINFOD_URLS=https://debuginfod.ubuntu.com /usr/bin/cmake --install /home/jjj/moveo/build/moveo_description
[0.176s] -- Install configuration: ""
[0.177s] -- Up-to-date: /home/jjj/moveo/install/moveo_description/share/moveo_description/meshes
[0.177s] -- Up-to-date: /home/jjj/moveo/install/moveo_description/share/moveo_description/meshes/Link_4_col.STL
[0.178s] -- Up-to-date: /home/jjj/moveo/install/moveo_description/share/moveo_description/meshes/Link_1.STL
[0.178s] -- Up-to-date: /home/jjj/moveo/install/moveo_description/share/moveo_description/meshes/Gripper_Idol_Gear.STL
[0.178s] -- Up-to-date: /home/jjj/moveo/install/moveo_description/share/moveo_description/meshes/base_link_col.STL
[0.178s] -- Up-to-date: /home/jjj/moveo/install/moveo_description/share/moveo_description/meshes/Link_2.STL
[0.178s] -- Up-to-date: /home/jjj/moveo/install/moveo_description/share/moveo_description/meshes/Gripper_Servo_Gear.STL
[0.178s] -- Up-to-date: /home/jjj/moveo/install/moveo_description/share/moveo_description/meshes/Tip_Gripper_Servo.STL
[0.179s] -- Up-to-date: /home/jjj/moveo/install/moveo_description/share/moveo_description/meshes/Link_1_col.STL
[0.179s] -- Up-to-date: /home/jjj/moveo/install/moveo_description/share/moveo_description/meshes/Tip_Gripper_Servo_col.STL
[0.179s] -- Up-to-date: /home/jjj/moveo/install/moveo_description/share/moveo_description/meshes/Link_5.STL
[0.179s] -- Up-to-date: /home/jjj/moveo/install/moveo_description/share/moveo_description/meshes/Pivot_Arm_Gripper_Idol_col.STL
[0.179s] -- Up-to-date: /home/jjj/moveo/install/moveo_description/share/moveo_description/meshes/Tip_Gripper_Idol.STL
[0.179s] -- Up-to-date: /home/jjj/moveo/install/moveo_description/share/moveo_description/meshes/Pivot_Arm_Gripper_Idol.STL
[0.180s] -- Up-to-date: /home/jjj/moveo/install/moveo_description/share/moveo_description/meshes/Link_2_col.STL
[0.180s] -- Up-to-date: /home/jjj/moveo/install/moveo_description/share/moveo_description/meshes/Pivot_Arm_Gripper_Servo_col.STL
[0.180s] -- Up-to-date: /home/jjj/moveo/install/moveo_description/share/moveo_description/meshes/Link_3.STL
[0.180s] -- Up-to-date: /home/jjj/moveo/install/moveo_description/share/moveo_description/meshes/Pivot_Arm_Gripper_Servo.STL
[0.180s] -- Up-to-date: /home/jjj/moveo/install/moveo_description/share/moveo_description/meshes/Gripper_Servo_Gear_col.STL
[0.180s] -- Up-to-date: /home/jjj/moveo/install/moveo_description/share/moveo_description/meshes/Tip_Gripper_Idol_col.STL
[0.181s] -- Up-to-date: /home/jjj/moveo/install/moveo_description/share/moveo_description/meshes/base_link.STL
[0.181s] -- Up-to-date: /home/jjj/moveo/install/moveo_description/share/moveo_description/meshes/Gripper_Idol_Gear_col.STL
[0.181s] -- Up-to-date: /home/jjj/moveo/install/moveo_description/share/moveo_description/meshes/Link_5_col.STL
[0.181s] -- Up-to-date: /home/jjj/moveo/install/moveo_description/share/moveo_description/meshes/Link_3_col.STL
[0.181s] -- Up-to-date: /home/jjj/moveo/install/moveo_description/share/moveo_description/meshes/Link_4.STL
[0.181s] -- Up-to-date: /home/jjj/moveo/install/moveo_description/share/moveo_description/urdf
[0.181s] -- Up-to-date: /home/jjj/moveo/install/moveo_description/share/moveo_description/urdf/moveo_urdf.urdf.xacro
[0.181s] -- Up-to-date: /home/jjj/moveo/install/moveo_description/share/moveo_description/urdf/launch
[0.181s] -- Up-to-date: /home/jjj/moveo/install/moveo_description/share/moveo_description/urdf/launch/display.launch.py
[0.181s] -- Up-to-date: /home/jjj/moveo/install/moveo_description/share/moveo_description/urdf/rviz
[0.182s] -- Installing: /home/jjj/moveo/install/moveo_description/share/moveo_description/urdf/rviz/display.rviz
[0.182s] -- Up-to-date: /home/jjj/moveo/install/moveo_description/share/ament_index/resource_index/package_run_dependencies/moveo_description
[0.182s] -- Up-to-date: /home/jjj/moveo/install/moveo_description/share/ament_index/resource_index/parent_prefix_path/moveo_description
[0.182s] -- Up-to-date: /home/jjj/moveo/install/moveo_description/share/moveo_description/environment/ament_prefix_path.sh
[0.182s] -- Up-to-date: /home/jjj/moveo/install/moveo_description/share/moveo_description/environment/ament_prefix_path.dsv
[0.183s] -- Up-to-date: /home/jjj/moveo/install/moveo_description/share/moveo_description/environment/path.sh
[0.183s] -- Up-to-date: /home/jjj/moveo/install/moveo_description/share/moveo_description/environment/path.dsv
[0.183s] -- Up-to-date: /home/jjj/moveo/install/moveo_description/share/moveo_description/local_setup.bash
[0.183s] -- Up-to-date: /home/jjj/moveo/install/moveo_description/share/moveo_description/local_setup.sh
[0.183s] -- Up-to-date: /home/jjj/moveo/install/moveo_description/share/moveo_description/local_setup.zsh
[0.184s] -- Up-to-date: /home/jjj/moveo/install/moveo_description/share/moveo_description/local_setup.dsv
[0.184s] -- Installing: /home/jjj/moveo/install/moveo_description/share/moveo_description/package.dsv
[0.184s] -- Up-to-date: /home/jjj/moveo/install/moveo_description/share/ament_index/resource_index/packages/moveo_description
[0.184s] -- Up-to-date: /home/jjj/moveo/install/moveo_description/share/moveo_description/cmake/moveo_descriptionConfig.cmake
[0.185s] -- Up-to-date: /home/jjj/moveo/install/moveo_description/share/moveo_description/cmake/moveo_descriptionConfig-version.cmake
[0.185s] -- Up-to-date: /home/jjj/moveo/install/moveo_description/share/moveo_description/package.xml
[0.186s] Invoked command in '/home/jjj/moveo/build/moveo_description' returned '0': CMAKE_PREFIX_PATH=${CMAKE_PREFIX_PATH}:/home/jjj/ros2_robot_arm/install/arduinobot_python_examples:/opt/ros/jazzy DEBUGINFOD_URLS=https://debuginfod.ubuntu.com /usr/bin/cmake --install /home/jjj/moveo/build/moveo_description
