[0.018s] Invoking command in '/home/jjj/moveo_RoboticArm_ROS2/build/moveo_description': CMAKE_PREFIX_PATH=${CMAKE_PREFIX_PATH}:/home/jjj/ros2_robot_arm/install/arduinobot_python_examples:/opt/ros/jazzy DEBUGINFOD_URLS=https://debuginfod.ubuntu.com /usr/bin/cmake --build /home/jjj/moveo_RoboticArm_ROS2/build/moveo_description -- -j12 -l12
[0.047s] -- Found ament_cmake: 2.5.3 (/opt/ros/jazzy/share/ament_cmake/cmake)
[0.337s] -- Found ament_lint_auto: 0.17.1 (/opt/ros/jazzy/share/ament_lint_auto/cmake)
[0.454s] -- Added test 'flake8' to check Python code syntax and style conventions
[0.455s] -- Configured 'flake8' exclude dirs and/or files: 
[0.455s] -- Added test 'lint_cmake' to check CMake code style
[0.456s] -- Added test 'pep257' to check Python code against some of the docstring style conventions in PEP 257
[0.458s] -- Added test 'xmllint' to check XML markup files
[0.459s] -- Configuring done (0.4s)
[0.466s] -- Generating done (0.0s)
[0.468s] -- Build files have been written to: /home/jjj/moveo_RoboticArm_ROS2/build/moveo_description
[0.495s] Invoked command in '/home/jjj/moveo_RoboticArm_ROS2/build/moveo_description' returned '0': CMAKE_PREFIX_PATH=${CMAKE_PREFIX_PATH}:/home/jjj/ros2_robot_arm/install/arduinobot_python_examples:/opt/ros/jazzy DEBUGINFOD_URLS=https://debuginfod.ubuntu.com /usr/bin/cmake --build /home/jjj/moveo_RoboticArm_ROS2/build/moveo_description -- -j12 -l12
[0.507s] Invoking command in '/home/jjj/moveo_RoboticArm_ROS2/build/moveo_description': CMAKE_PREFIX_PATH=${CMAKE_PREFIX_PATH}:/home/jjj/ros2_robot_arm/install/arduinobot_python_examples:/opt/ros/jazzy DEBUGINFOD_URLS=https://debuginfod.ubuntu.com /usr/bin/cmake --install /home/jjj/moveo_RoboticArm_ROS2/build/moveo_description
[0.517s] -- Install configuration: ""
[0.518s] -- Up-to-date: /home/jjj/moveo_RoboticArm_ROS2/install/moveo_description/share/moveo_description/meshes
[0.518s] -- Up-to-date: /home/jjj/moveo_RoboticArm_ROS2/install/moveo_description/share/moveo_description/meshes/link4.STL
[0.518s] -- Up-to-date: /home/jjj/moveo_RoboticArm_ROS2/install/moveo_description/share/moveo_description/meshes/base_link.STL
[0.518s] -- Up-to-date: /home/jjj/moveo_RoboticArm_ROS2/install/moveo_description/share/moveo_description/meshes/link2.STL
[0.519s] -- Up-to-date: /home/jjj/moveo_RoboticArm_ROS2/install/moveo_description/share/moveo_description/meshes/link_R_gear.STL
[0.519s] -- Up-to-date: /home/jjj/moveo_RoboticArm_ROS2/install/moveo_description/share/moveo_description/meshes/link_L_arm.STL
[0.519s] -- Up-to-date: /home/jjj/moveo_RoboticArm_ROS2/install/moveo_description/share/moveo_description/meshes/link_L_pivot.STL
[0.519s] -- Up-to-date: /home/jjj/moveo_RoboticArm_ROS2/install/moveo_description/share/moveo_description/meshes/link3.STL
[0.520s] -- Up-to-date: /home/jjj/moveo_RoboticArm_ROS2/install/moveo_description/share/moveo_description/meshes/link_R_arm.STL
[0.520s] -- Up-to-date: /home/jjj/moveo_RoboticArm_ROS2/install/moveo_description/share/moveo_description/meshes/link1.STL
[0.520s] -- Up-to-date: /home/jjj/moveo_RoboticArm_ROS2/install/moveo_description/share/moveo_description/meshes/link_L_gear.STL
[0.520s] -- Up-to-date: /home/jjj/moveo_RoboticArm_ROS2/install/moveo_description/share/moveo_description/meshes/link5.STL
[0.520s] -- Up-to-date: /home/jjj/moveo_RoboticArm_ROS2/install/moveo_description/share/moveo_description/meshes/link_R_pivot.STL
[0.520s] -- Up-to-date: /home/jjj/moveo_RoboticArm_ROS2/install/moveo_description/share/moveo_description/urdf
[0.520s] -- Up-to-date: /home/jjj/moveo_RoboticArm_ROS2/install/moveo_description/share/moveo_description/urdf/new_moveo.urdf.xacro
[0.521s] -- Installing: /home/jjj/moveo_RoboticArm_ROS2/install/moveo_description/share/moveo_description/urdf/test.txt
[0.521s] -- Up-to-date: /home/jjj/moveo_RoboticArm_ROS2/install/moveo_description/share/moveo_description/urdf/og.urdf.xacro
[0.521s] -- Up-to-date: /home/jjj/moveo_RoboticArm_ROS2/install/moveo_description/share/moveo_description/urdf/gazebo.urdf.xacro
[0.521s] -- Up-to-date: /home/jjj/moveo_RoboticArm_ROS2/install/moveo_description/share/moveo_description/urdf/moveo.urdf
[0.521s] -- Up-to-date: /home/jjj/moveo_RoboticArm_ROS2/install/moveo_description/share/moveo_description/urdf/moveo.urdf.xacro
[0.521s] -- Up-to-date: /home/jjj/moveo_RoboticArm_ROS2/install/moveo_description/share/moveo_description/launch
[0.521s] -- Up-to-date: /home/jjj/moveo_RoboticArm_ROS2/install/moveo_description/share/moveo_description/launch/example.launch.py
[0.521s] -- Up-to-date: /home/jjj/moveo_RoboticArm_ROS2/install/moveo_description/share/moveo_description/launch/gazebo.launch.py
[0.521s] -- Up-to-date: /home/jjj/moveo_RoboticArm_ROS2/install/moveo_description/share/moveo_description/launch/display.launch.py
[0.521s] -- Up-to-date: /home/jjj/moveo_RoboticArm_ROS2/install/moveo_description/share/moveo_description/rviz
[0.521s] -- Up-to-date: /home/jjj/moveo_RoboticArm_ROS2/install/moveo_description/share/moveo_description/rviz/display2.rviz
[0.521s] -- Up-to-date: /home/jjj/moveo_RoboticArm_ROS2/install/moveo_description/share/moveo_description/rviz/display.rviz
[0.522s] -- Up-to-date: /home/jjj/moveo_RoboticArm_ROS2/install/moveo_description/share/ament_index/resource_index/package_run_dependencies/moveo_description
[0.522s] -- Installing: /home/jjj/moveo_RoboticArm_ROS2/install/moveo_description/share/ament_index/resource_index/parent_prefix_path/moveo_description
[0.522s] -- Installing: /home/jjj/moveo_RoboticArm_ROS2/install/moveo_description/share/moveo_description/environment/ament_prefix_path.sh
[0.522s] -- Up-to-date: /home/jjj/moveo_RoboticArm_ROS2/install/moveo_description/share/moveo_description/environment/ament_prefix_path.dsv
[0.522s] -- Installing: /home/jjj/moveo_RoboticArm_ROS2/install/moveo_description/share/moveo_description/environment/path.sh
[0.522s] -- Up-to-date: /home/jjj/moveo_RoboticArm_ROS2/install/moveo_description/share/moveo_description/environment/path.dsv
[0.523s] -- Up-to-date: /home/jjj/moveo_RoboticArm_ROS2/install/moveo_description/share/moveo_description/local_setup.bash
[0.523s] -- Up-to-date: /home/jjj/moveo_RoboticArm_ROS2/install/moveo_description/share/moveo_description/local_setup.sh
[0.523s] -- Up-to-date: /home/jjj/moveo_RoboticArm_ROS2/install/moveo_description/share/moveo_description/local_setup.zsh
[0.523s] -- Up-to-date: /home/jjj/moveo_RoboticArm_ROS2/install/moveo_description/share/moveo_description/local_setup.dsv
[0.524s] -- Up-to-date: /home/jjj/moveo_RoboticArm_ROS2/install/moveo_description/share/moveo_description/package.dsv
[0.524s] -- Up-to-date: /home/jjj/moveo_RoboticArm_ROS2/install/moveo_description/share/ament_index/resource_index/packages/moveo_description
[0.524s] -- Up-to-date: /home/jjj/moveo_RoboticArm_ROS2/install/moveo_description/share/moveo_description/cmake/moveo_descriptionConfig.cmake
[0.524s] -- Up-to-date: /home/jjj/moveo_RoboticArm_ROS2/install/moveo_description/share/moveo_description/cmake/moveo_descriptionConfig-version.cmake
[0.524s] -- Up-to-date: /home/jjj/moveo_RoboticArm_ROS2/install/moveo_description/share/moveo_description/package.xml
[0.526s] Invoked command in '/home/jjj/moveo_RoboticArm_ROS2/build/moveo_description' returned '0': CMAKE_PREFIX_PATH=${CMAKE_PREFIX_PATH}:/home/jjj/ros2_robot_arm/install/arduinobot_python_examples:/opt/ros/jazzy DEBUGINFOD_URLS=https://debuginfod.ubuntu.com /usr/bin/cmake --install /home/jjj/moveo_RoboticArm_ROS2/build/moveo_description
