[0.023s] Invoking command in '/home/jjj/moveo_RoboticArm_ROS2/build/moveo_moveit_config': DEBUGINFOD_URLS=https://debuginfod.ubuntu.com /usr/bin/cmake /home/jjj/moveo_RoboticArm_ROS2/src/moveo_moveit_config -DCMAKE_INSTALL_PREFIX=/home/jjj/moveo_RoboticArm_ROS2/install/moveo_moveit_config
[0.039s] [31mCMake Error at CMakeLists.txt:2 (project):
[0.039s]   project PROJECT called with incorrect number of arguments
[0.039s] 
[0.039s] [0m
[0.043s] -- Found ament_cmake: 2.5.3 (/opt/ros/jazzy/share/ament_cmake/cmake)
[0.282s] -- Found Python3: /usr/bin/python3 (found version "3.12.3") found components: Interpreter 
[0.520s] Error parsing '/home/jjj/moveo_RoboticArm_ROS2/src/moveo_moveit_config/package.xml':
[1.959s] Traceback (most recent call last):
[1.959s]   File "/opt/ros/jazzy/share/ament_cmake_core/cmake/core/package_xml_2_cmake.py", line 150, in <module>
[1.959s]     main()
[1.959s]   File "/opt/ros/jazzy/share/ament_cmake_core/cmake/core/package_xml_2_cmake.py", line 53, in main
[1.959s]     raise e
[1.960s]   File "/opt/ros/jazzy/share/ament_cmake_core/cmake/core/package_xml_2_cmake.py", line 49, in main
[1.960s]     package = parse_package_string(
[1.960s]               ^^^^^^^^^^^^^^^^^^^^^
[1.960s]   File "/usr/lib/python3/dist-packages/catkin_pkg/package.py", line 788, in parse_package_string
[1.960s]     pkg.validate(warnings=warnings)
[1.960s]   File "/usr/lib/python3/dist-packages/catkin_pkg/package.py", line 330, in validate
[1.960s]     raise InvalidPackage('\n'.join(errors), self.filename)
[1.960s] catkin_pkg.package.InvalidPackage: Error(s) in package '/home/jjj/moveo_RoboticArm_ROS2/src/moveo_moveit_config/package.xml':
[1.960s] Package name must not be empty
[1.960s] Package name "" does not follow naming conventions
[2.004s] [31mCMake Error at /opt/ros/jazzy/share/ament_cmake_core/cmake/core/ament_package_xml.cmake:95 (message):
[2.005s]   execute_process(/usr/bin/python3
[2.005s]   /opt/ros/jazzy/share/ament_cmake_core/cmake/core/package_xml_2_cmake.py
[2.005s]   /home/jjj/moveo_RoboticArm_ROS2/src/moveo_moveit_config/package.xml
[2.005s]   /home/jjj/moveo_RoboticArm_ROS2/build/moveo_moveit_config/ament_cmake_core/package.cmake)
[2.005s]   returned error code 1
[2.006s] Call Stack (most recent call first):
[2.006s]   /opt/ros/jazzy/share/ament_cmake_core/cmake/core/ament_package_xml.cmake:49 (_ament_package_xml)
[2.006s]   /opt/ros/jazzy/share/ament_cmake_core/cmake/core/ament_package.cmake:63 (ament_package_xml)
[2.006s]   CMakeLists.txt:6 (ament_package)
[2.006s] 
[2.006s] [0m
[2.006s] -- Configuring incomplete, errors occurred!
[2.008s] Invoked command in '/home/jjj/moveo_RoboticArm_ROS2/build/moveo_moveit_config' returned '1': DEBUGINFOD_URLS=https://debuginfod.ubuntu.com /usr/bin/cmake /home/jjj/moveo_RoboticArm_ROS2/src/moveo_moveit_config -DCMAKE_INSTALL_PREFIX=/home/jjj/moveo_RoboticArm_ROS2/install/moveo_moveit_config
