[0.107s] DEBUG:colcon:Command line arguments: ['/usr/bin/colcon', 'build']
[0.107s] DEBUG:colcon:Parsed command line arguments: Namespace(log_base=None, log_level=None, verb_name='build', build_base='build', install_base='install', merge_install=False, symlink_install=False, test_result_base=None, continue_on_error=False, executor='parallel', parallel_workers=12, event_handlers=None, ignore_user_meta=False, metas=['./colcon.meta'], base_paths=['.'], packages_ignore=None, packages_ignore_regex=None, paths=None, packages_up_to=None, packages_up_to_regex=None, packages_above=None, packages_above_and_dependencies=None, packages_above_depth=None, packages_select_by_dep=None, packages_skip_by_dep=None, packages_skip_up_to=None, packages_select_build_failed=False, packages_skip_build_finished=False, packages_select_test_failures=False, packages_skip_test_passed=False, packages_select=None, packages_skip=None, packages_select_regex=None, packages_skip_regex=None, packages_start=None, packages_end=None, allow_overriding=[], cmake_args=None, cmake_target=None, cmake_target_skip_unavailable=False, cmake_clean_cache=False, cmake_clean_first=False, cmake_force_configure=False, ament_cmake_args=None, catkin_cmake_args=None, catkin_skip_building_tests=False, mixin_files=None, mixin=None, verb_parser=<colcon_mixin.mixin.mixin_argument.MixinArgumentDecorator object at 0x78890856fb00>, verb_extension=<colcon_core.verb.build.BuildVerb object at 0x7889086c4080>, main=<bound method BuildVerb.main of <colcon_core.verb.build.BuildVerb object at 0x7889086c4080>>, mixin_verb=('build',))
[0.150s] Level 1:colcon.colcon_core.package_discovery:discover_packages(colcon_meta) check parameters
[0.150s] Level 1:colcon.colcon_core.package_discovery:discover_packages(recursive) check parameters
[0.150s] Level 1:colcon.colcon_core.package_discovery:discover_packages(ignore) check parameters
[0.150s] Level 1:colcon.colcon_core.package_discovery:discover_packages(path) check parameters
[0.150s] Level 1:colcon.colcon_core.package_discovery:discover_packages(colcon_meta) discover
[0.151s] Level 1:colcon.colcon_core.package_discovery:discover_packages(recursive) discover
[0.151s] INFO:colcon.colcon_core.package_discovery:Crawling recursively for packages in '/home/jjj/moveo_RoboticArm_ROS2'
[0.151s] Level 1:colcon.colcon_core.package_identification:_identify(.) by extensions ['ignore', 'ignore_ament_install']
[0.151s] Level 1:colcon.colcon_core.package_identification:_identify(.) by extension 'ignore'
[0.151s] Level 1:colcon.colcon_core.package_identification:_identify(.) by extension 'ignore_ament_install'
[0.151s] Level 1:colcon.colcon_core.package_identification:_identify(.) by extensions ['colcon_pkg']
[0.151s] Level 1:colcon.colcon_core.package_identification:_identify(.) by extension 'colcon_pkg'
[0.151s] Level 1:colcon.colcon_core.package_identification:_identify(.) by extensions ['colcon_meta']
[0.151s] Level 1:colcon.colcon_core.package_identification:_identify(.) by extension 'colcon_meta'
[0.152s] Level 1:colcon.colcon_core.package_identification:_identify(.) by extensions ['ros']
[0.152s] Level 1:colcon.colcon_core.package_identification:_identify(.) by extension 'ros'
[0.175s] Level 1:colcon.colcon_core.package_identification:_identify(.) by extensions ['cmake', 'python']
[0.176s] Level 1:colcon.colcon_core.package_identification:_identify(.) by extension 'cmake'
[0.176s] Level 1:colcon.colcon_core.package_identification:_identify(.) by extension 'python'
[0.176s] Level 1:colcon.colcon_core.package_identification:_identify(.) by extensions ['python_setup_py']
[0.176s] Level 1:colcon.colcon_core.package_identification:_identify(.) by extension 'python_setup_py'
[0.176s] Level 1:colcon.colcon_core.package_identification:_identify(build) by extensions ['ignore', 'ignore_ament_install']
[0.176s] Level 1:colcon.colcon_core.package_identification:_identify(build) by extension 'ignore'
[0.176s] Level 1:colcon.colcon_core.package_identification:_identify(build) ignored
[0.176s] Level 1:colcon.colcon_core.package_identification:_identify(install) by extensions ['ignore', 'ignore_ament_install']
[0.176s] Level 1:colcon.colcon_core.package_identification:_identify(install) by extension 'ignore'
[0.177s] Level 1:colcon.colcon_core.package_identification:_identify(install) ignored
[0.177s] Level 1:colcon.colcon_core.package_identification:_identify(log) by extensions ['ignore', 'ignore_ament_install']
[0.177s] Level 1:colcon.colcon_core.package_identification:_identify(log) by extension 'ignore'
[0.177s] Level 1:colcon.colcon_core.package_identification:_identify(log) ignored
[0.177s] Level 1:colcon.colcon_core.package_identification:_identify(src) by extensions ['ignore', 'ignore_ament_install']
[0.177s] Level 1:colcon.colcon_core.package_identification:_identify(src) by extension 'ignore'
[0.177s] Level 1:colcon.colcon_core.package_identification:_identify(src) by extension 'ignore_ament_install'
[0.177s] Level 1:colcon.colcon_core.package_identification:_identify(src) by extensions ['colcon_pkg']
[0.177s] Level 1:colcon.colcon_core.package_identification:_identify(src) by extension 'colcon_pkg'
[0.177s] Level 1:colcon.colcon_core.package_identification:_identify(src) by extensions ['colcon_meta']
[0.177s] Level 1:colcon.colcon_core.package_identification:_identify(src) by extension 'colcon_meta'
[0.177s] Level 1:colcon.colcon_core.package_identification:_identify(src) by extensions ['ros']
[0.178s] Level 1:colcon.colcon_core.package_identification:_identify(src) by extension 'ros'
[0.178s] Level 1:colcon.colcon_core.package_identification:_identify(src) by extensions ['cmake', 'python']
[0.178s] Level 1:colcon.colcon_core.package_identification:_identify(src) by extension 'cmake'
[0.178s] Level 1:colcon.colcon_core.package_identification:_identify(src) by extension 'python'
[0.178s] Level 1:colcon.colcon_core.package_identification:_identify(src) by extensions ['python_setup_py']
[0.178s] Level 1:colcon.colcon_core.package_identification:_identify(src) by extension 'python_setup_py'
[0.178s] Level 1:colcon.colcon_core.package_identification:_identify(src/moveo_description) by extensions ['ignore', 'ignore_ament_install']
[0.178s] Level 1:colcon.colcon_core.package_identification:_identify(src/moveo_description) by extension 'ignore'
[0.178s] Level 1:colcon.colcon_core.package_identification:_identify(src/moveo_description) by extension 'ignore_ament_install'
[0.178s] Level 1:colcon.colcon_core.package_identification:_identify(src/moveo_description) by extensions ['colcon_pkg']
[0.179s] Level 1:colcon.colcon_core.package_identification:_identify(src/moveo_description) by extension 'colcon_pkg'
[0.179s] Level 1:colcon.colcon_core.package_identification:_identify(src/moveo_description) by extensions ['colcon_meta']
[0.179s] Level 1:colcon.colcon_core.package_identification:_identify(src/moveo_description) by extension 'colcon_meta'
[0.179s] Level 1:colcon.colcon_core.package_identification:_identify(src/moveo_description) by extensions ['ros']
[0.179s] Level 1:colcon.colcon_core.package_identification:_identify(src/moveo_description) by extension 'ros'
[0.181s] DEBUG:colcon.colcon_core.package_identification:Package 'src/moveo_description' with type 'ros.ament_cmake' and name 'moveo_description'
[0.182s] Level 1:colcon.colcon_core.package_identification:_identify(src/moveo_moveit_config) by extensions ['ignore', 'ignore_ament_install']
[0.182s] Level 1:colcon.colcon_core.package_identification:_identify(src/moveo_moveit_config) by extension 'ignore'
[0.182s] Level 1:colcon.colcon_core.package_identification:_identify(src/moveo_moveit_config) by extension 'ignore_ament_install'
[0.182s] Level 1:colcon.colcon_core.package_identification:_identify(src/moveo_moveit_config) by extensions ['colcon_pkg']
[0.182s] Level 1:colcon.colcon_core.package_identification:_identify(src/moveo_moveit_config) by extension 'colcon_pkg'
[0.182s] Level 1:colcon.colcon_core.package_identification:_identify(src/moveo_moveit_config) by extensions ['colcon_meta']
[0.182s] Level 1:colcon.colcon_core.package_identification:_identify(src/moveo_moveit_config) by extension 'colcon_meta'
[0.182s] Level 1:colcon.colcon_core.package_identification:_identify(src/moveo_moveit_config) by extensions ['ros']
[0.182s] Level 1:colcon.colcon_core.package_identification:_identify(src/moveo_moveit_config) by extension 'ros'
[0.183s] DEBUG:colcon.colcon_core.package_identification:Package 'src/moveo_moveit_config' with type 'ros.ament_cmake' and name 'moveo_moveit_config'
[0.183s] Level 1:colcon.colcon_core.package_discovery:discover_packages(recursive) using defaults
[0.183s] Level 1:colcon.colcon_core.package_discovery:discover_packages(ignore) discover
[0.183s] Level 1:colcon.colcon_core.package_discovery:discover_packages(ignore) using defaults
[0.183s] Level 1:colcon.colcon_core.package_discovery:discover_packages(path) discover
[0.183s] Level 1:colcon.colcon_core.package_discovery:discover_packages(path) using defaults
[0.202s] Level 1:colcon.colcon_core.package_discovery:discover_packages(prefix_path) check parameters
[0.202s] Level 1:colcon.colcon_core.package_discovery:discover_packages(prefix_path) discover
[0.204s] DEBUG:colcon.colcon_installed_package_information.package_discovery:Found 3 installed packages in /home/jjj/gz_ros2_control_ws/install
[0.204s] DEBUG:colcon.colcon_installed_package_information.package_discovery:Found 3 installed packages in /home/jjj/ros2_robot_arm/install
[0.205s] DEBUG:colcon.colcon_installed_package_information.package_discovery:Found 2 installed packages in /home/jjj/moveo_RoboticArm_ROS2/install
[0.206s] DEBUG:colcon.colcon_installed_package_information.package_discovery:Found 425 installed packages in /opt/ros/jazzy
[0.208s] Level 1:colcon.colcon_core.package_discovery:discover_packages(prefix_path) using defaults
[0.265s] Level 5:colcon.colcon_core.verb:set package 'moveo_description' build argument 'cmake_args' from command line to 'None'
[0.265s] Level 5:colcon.colcon_core.verb:set package 'moveo_description' build argument 'cmake_target' from command line to 'None'
[0.265s] Level 5:colcon.colcon_core.verb:set package 'moveo_description' build argument 'cmake_target_skip_unavailable' from command line to 'False'
[0.265s] Level 5:colcon.colcon_core.verb:set package 'moveo_description' build argument 'cmake_clean_cache' from command line to 'False'
[0.265s] Level 5:colcon.colcon_core.verb:set package 'moveo_description' build argument 'cmake_clean_first' from command line to 'False'
[0.265s] Level 5:colcon.colcon_core.verb:set package 'moveo_description' build argument 'cmake_force_configure' from command line to 'False'
[0.265s] Level 5:colcon.colcon_core.verb:set package 'moveo_description' build argument 'ament_cmake_args' from command line to 'None'
[0.265s] Level 5:colcon.colcon_core.verb:set package 'moveo_description' build argument 'catkin_cmake_args' from command line to 'None'
[0.265s] Level 5:colcon.colcon_core.verb:set package 'moveo_description' build argument 'catkin_skip_building_tests' from command line to 'False'
[0.266s] DEBUG:colcon.colcon_core.verb:Building package 'moveo_description' with the following arguments: {'ament_cmake_args': None, 'build_base': '/home/jjj/moveo_RoboticArm_ROS2/build/moveo_description', 'catkin_cmake_args': None, 'catkin_skip_building_tests': False, 'cmake_args': None, 'cmake_clean_cache': False, 'cmake_clean_first': False, 'cmake_force_configure': False, 'cmake_target': None, 'cmake_target_skip_unavailable': False, 'install_base': '/home/jjj/moveo_RoboticArm_ROS2/install/moveo_description', 'merge_install': False, 'path': '/home/jjj/moveo_RoboticArm_ROS2/src/moveo_description', 'symlink_install': False, 'test_result_base': None}
[0.266s] Level 5:colcon.colcon_core.verb:set package 'moveo_moveit_config' build argument 'cmake_args' from command line to 'None'
[0.266s] Level 5:colcon.colcon_core.verb:set package 'moveo_moveit_config' build argument 'cmake_target' from command line to 'None'
[0.266s] Level 5:colcon.colcon_core.verb:set package 'moveo_moveit_config' build argument 'cmake_target_skip_unavailable' from command line to 'False'
[0.266s] Level 5:colcon.colcon_core.verb:set package 'moveo_moveit_config' build argument 'cmake_clean_cache' from command line to 'False'
[0.266s] Level 5:colcon.colcon_core.verb:set package 'moveo_moveit_config' build argument 'cmake_clean_first' from command line to 'False'
[0.266s] Level 5:colcon.colcon_core.verb:set package 'moveo_moveit_config' build argument 'cmake_force_configure' from command line to 'False'
[0.266s] Level 5:colcon.colcon_core.verb:set package 'moveo_moveit_config' build argument 'ament_cmake_args' from command line to 'None'
[0.266s] Level 5:colcon.colcon_core.verb:set package 'moveo_moveit_config' build argument 'catkin_cmake_args' from command line to 'None'
[0.266s] Level 5:colcon.colcon_core.verb:set package 'moveo_moveit_config' build argument 'catkin_skip_building_tests' from command line to 'False'
[0.266s] DEBUG:colcon.colcon_core.verb:Building package 'moveo_moveit_config' with the following arguments: {'ament_cmake_args': None, 'build_base': '/home/jjj/moveo_RoboticArm_ROS2/build/moveo_moveit_config', 'catkin_cmake_args': None, 'catkin_skip_building_tests': False, 'cmake_args': None, 'cmake_clean_cache': False, 'cmake_clean_first': False, 'cmake_force_configure': False, 'cmake_target': None, 'cmake_target_skip_unavailable': False, 'install_base': '/home/jjj/moveo_RoboticArm_ROS2/install/moveo_moveit_config', 'merge_install': False, 'path': '/home/jjj/moveo_RoboticArm_ROS2/src/moveo_moveit_config', 'symlink_install': False, 'test_result_base': None}
[0.266s] INFO:colcon.colcon_core.executor:Executing jobs using 'parallel' executor
[0.267s] DEBUG:colcon.colcon_parallel_executor.executor.parallel:run_until_complete
[0.268s] INFO:colcon.colcon_ros.task.ament_cmake.build:Building ROS package in '/home/jjj/moveo_RoboticArm_ROS2/src/moveo_description' with build type 'ament_cmake'
[0.268s] INFO:colcon.colcon_cmake.task.cmake.build:Building CMake package in '/home/jjj/moveo_RoboticArm_ROS2/src/moveo_description'
[0.271s] INFO:colcon.colcon_core.plugin_system:Skipping extension 'colcon_core.shell.bat': Not used on non-Windows systems
[0.271s] INFO:colcon.colcon_core.shell:Skip shell extension 'powershell' for command environment: Not usable outside of PowerShell
[0.271s] DEBUG:colcon.colcon_core.shell:Skip shell extension 'dsv' for command environment
[0.287s] DEBUG:colcon.colcon_core.event_handler.log_command:Invoking command in '/home/jjj/moveo_RoboticArm_ROS2/build/moveo_description': CMAKE_PREFIX_PATH=${CMAKE_PREFIX_PATH}:/home/jjj/ros2_robot_arm/install/arduinobot_python_examples:/opt/ros/jazzy DEBUGINFOD_URLS=https://debuginfod.ubuntu.com /usr/bin/cmake --build /home/jjj/moveo_RoboticArm_ROS2/build/moveo_description -- -j12 -l12
[0.337s] DEBUG:colcon.colcon_core.event_handler.log_command:Invoked command in '/home/jjj/moveo_RoboticArm_ROS2/build/moveo_description' returned '0': CMAKE_PREFIX_PATH=${CMAKE_PREFIX_PATH}:/home/jjj/ros2_robot_arm/install/arduinobot_python_examples:/opt/ros/jazzy DEBUGINFOD_URLS=https://debuginfod.ubuntu.com /usr/bin/cmake --build /home/jjj/moveo_RoboticArm_ROS2/build/moveo_description -- -j12 -l12
[0.349s] DEBUG:colcon.colcon_core.event_handler.log_command:Invoking command in '/home/jjj/moveo_RoboticArm_ROS2/build/moveo_description': CMAKE_PREFIX_PATH=${CMAKE_PREFIX_PATH}:/home/jjj/ros2_robot_arm/install/arduinobot_python_examples:/opt/ros/jazzy DEBUGINFOD_URLS=https://debuginfod.ubuntu.com /usr/bin/cmake --install /home/jjj/moveo_RoboticArm_ROS2/build/moveo_description
[0.366s] Level 1:colcon.colcon_core.environment:create_environment_scripts_only(moveo_description)
[0.368s] DEBUG:colcon.colcon_core.event_handler.log_command:Invoked command in '/home/jjj/moveo_RoboticArm_ROS2/build/moveo_description' returned '0': CMAKE_PREFIX_PATH=${CMAKE_PREFIX_PATH}:/home/jjj/ros2_robot_arm/install/arduinobot_python_examples:/opt/ros/jazzy DEBUGINFOD_URLS=https://debuginfod.ubuntu.com /usr/bin/cmake --install /home/jjj/moveo_RoboticArm_ROS2/build/moveo_description
[0.370s] Level 1:colcon.colcon_core.environment:checking '/home/jjj/moveo_RoboticArm_ROS2/install/moveo_description' for CMake module files
[0.371s] Level 1:colcon.colcon_core.environment:checking '/home/jjj/moveo_RoboticArm_ROS2/install/moveo_description' for CMake config files
[0.371s] Level 1:colcon.colcon_core.shell:create_environment_hook('moveo_description', 'cmake_prefix_path')
[0.372s] INFO:colcon.colcon_core.shell:Creating environment hook '/home/jjj/moveo_RoboticArm_ROS2/install/moveo_description/share/moveo_description/hook/cmake_prefix_path.ps1'
[0.373s] INFO:colcon.colcon_core.shell:Creating environment descriptor '/home/jjj/moveo_RoboticArm_ROS2/install/moveo_description/share/moveo_description/hook/cmake_prefix_path.dsv'
[0.373s] INFO:colcon.colcon_core.shell:Creating environment hook '/home/jjj/moveo_RoboticArm_ROS2/install/moveo_description/share/moveo_description/hook/cmake_prefix_path.sh'
[0.375s] Level 1:colcon.colcon_core.environment:checking '/home/jjj/moveo_RoboticArm_ROS2/install/moveo_description/bin'
[0.376s] Level 1:colcon.colcon_core.environment:checking '/home/jjj/moveo_RoboticArm_ROS2/install/moveo_description/lib/pkgconfig/moveo_description.pc'
[0.376s] Level 1:colcon.colcon_core.environment:checking '/home/jjj/moveo_RoboticArm_ROS2/install/moveo_description/lib/python3.12/site-packages'
[0.376s] Level 1:colcon.colcon_core.environment:checking '/home/jjj/moveo_RoboticArm_ROS2/install/moveo_description/bin'
[0.377s] INFO:colcon.colcon_core.shell:Creating package script '/home/jjj/moveo_RoboticArm_ROS2/install/moveo_description/share/moveo_description/package.ps1'
[0.378s] INFO:colcon.colcon_core.shell:Creating package descriptor '/home/jjj/moveo_RoboticArm_ROS2/install/moveo_description/share/moveo_description/package.dsv'
[0.379s] INFO:colcon.colcon_core.shell:Creating package script '/home/jjj/moveo_RoboticArm_ROS2/install/moveo_description/share/moveo_description/package.sh'
[0.380s] INFO:colcon.colcon_core.shell:Creating package script '/home/jjj/moveo_RoboticArm_ROS2/install/moveo_description/share/moveo_description/package.bash'
[0.381s] INFO:colcon.colcon_core.shell:Creating package script '/home/jjj/moveo_RoboticArm_ROS2/install/moveo_description/share/moveo_description/package.zsh'
[0.382s] Level 1:colcon.colcon_core.environment:create_file_with_runtime_dependencies(/home/jjj/moveo_RoboticArm_ROS2/install/moveo_description/share/colcon-core/packages/moveo_description)
[0.383s] Level 1:colcon.colcon_core.environment:create_environment_scripts_only(moveo_description)
[0.383s] Level 1:colcon.colcon_core.environment:checking '/home/jjj/moveo_RoboticArm_ROS2/install/moveo_description' for CMake module files
[0.384s] Level 1:colcon.colcon_core.environment:checking '/home/jjj/moveo_RoboticArm_ROS2/install/moveo_description' for CMake config files
[0.384s] Level 1:colcon.colcon_core.shell:create_environment_hook('moveo_description', 'cmake_prefix_path')
[0.384s] INFO:colcon.colcon_core.shell:Creating environment hook '/home/jjj/moveo_RoboticArm_ROS2/install/moveo_description/share/moveo_description/hook/cmake_prefix_path.ps1'
[0.385s] INFO:colcon.colcon_core.shell:Creating environment descriptor '/home/jjj/moveo_RoboticArm_ROS2/install/moveo_description/share/moveo_description/hook/cmake_prefix_path.dsv'
[0.385s] INFO:colcon.colcon_core.shell:Creating environment hook '/home/jjj/moveo_RoboticArm_ROS2/install/moveo_description/share/moveo_description/hook/cmake_prefix_path.sh'
[0.386s] Level 1:colcon.colcon_core.environment:checking '/home/jjj/moveo_RoboticArm_ROS2/install/moveo_description/bin'
[0.386s] Level 1:colcon.colcon_core.environment:checking '/home/jjj/moveo_RoboticArm_ROS2/install/moveo_description/lib/pkgconfig/moveo_description.pc'
[0.386s] Level 1:colcon.colcon_core.environment:checking '/home/jjj/moveo_RoboticArm_ROS2/install/moveo_description/lib/python3.12/site-packages'
[0.387s] Level 1:colcon.colcon_core.environment:checking '/home/jjj/moveo_RoboticArm_ROS2/install/moveo_description/bin'
[0.387s] INFO:colcon.colcon_core.shell:Creating package script '/home/jjj/moveo_RoboticArm_ROS2/install/moveo_description/share/moveo_description/package.ps1'
[0.388s] INFO:colcon.colcon_core.shell:Creating package descriptor '/home/jjj/moveo_RoboticArm_ROS2/install/moveo_description/share/moveo_description/package.dsv'
[0.388s] INFO:colcon.colcon_core.shell:Creating package script '/home/jjj/moveo_RoboticArm_ROS2/install/moveo_description/share/moveo_description/package.sh'
[0.389s] INFO:colcon.colcon_core.shell:Creating package script '/home/jjj/moveo_RoboticArm_ROS2/install/moveo_description/share/moveo_description/package.bash'
[0.389s] INFO:colcon.colcon_core.shell:Creating package script '/home/jjj/moveo_RoboticArm_ROS2/install/moveo_description/share/moveo_description/package.zsh'
[0.390s] Level 1:colcon.colcon_core.environment:create_file_with_runtime_dependencies(/home/jjj/moveo_RoboticArm_ROS2/install/moveo_description/share/colcon-core/packages/moveo_description)
[0.390s] INFO:colcon.colcon_ros.task.ament_cmake.build:Building ROS package in '/home/jjj/moveo_RoboticArm_ROS2/src/moveo_moveit_config' with build type 'ament_cmake'
[0.391s] INFO:colcon.colcon_cmake.task.cmake.build:Building CMake package in '/home/jjj/moveo_RoboticArm_ROS2/src/moveo_moveit_config'
[0.392s] INFO:colcon.colcon_core.shell:Skip shell extension 'powershell' for command environment: Not usable outside of PowerShell
[0.392s] DEBUG:colcon.colcon_core.shell:Skip shell extension 'dsv' for command environment
[0.428s] DEBUG:colcon.colcon_core.event_handler.log_command:Invoking command in '/home/jjj/moveo_RoboticArm_ROS2/build/moveo_moveit_config': CMAKE_PREFIX_PATH=/home/jjj/moveo_RoboticArm_ROS2/install/moveo_description:/home/jjj/moveo_RoboticArm_ROS2/install/moveo_moveit_config:/home/jjj/gz_ros2_control_ws/install/gz_ros2_control_tests:/home/jjj/gz_ros2_control_ws/install/gz_ros2_control_demos:/home/jjj/gz_ros2_control_ws/install/gz_ros2_control:/home/jjj/ros2_robot_arm/install/arduinobot_description:/home/jjj/ros2_robot_arm/install/arduinobot_cpp_examples:/opt/ros/jazzy/opt/gz_sim_vendor:/opt/ros/jazzy/opt/gz_sensors_vendor:/opt/ros/jazzy/opt/gz_physics_vendor:/opt/ros/jazzy/opt/sdformat_vendor:/opt/ros/jazzy/opt/gz_gui_vendor:/opt/ros/jazzy/opt/gz_transport_vendor:/opt/ros/jazzy/opt/gz_rendering_vendor:/opt/ros/jazzy/opt/gz_plugin_vendor:/opt/ros/jazzy/opt/gz_fuel_tools_vendor:/opt/ros/jazzy/opt/gz_msgs_vendor:/opt/ros/jazzy/opt/gz_common_vendor:/opt/ros/jazzy/opt/gz_math_vendor:/opt/ros/jazzy/opt/gz_utils_vendor:/opt/ros/jazzy/opt/gz_tools_vendor:/opt/ros/jazzy/opt/gz_ogre_next_vendor:/opt/ros/jazzy/opt/gz_dartsim_vendor:/opt/ros/jazzy/opt/gz_cmake_vendor:/home/jjj/ros2_robot_arm/install/arduinobot_python_examples:/opt/ros/jazzy DEBUGINFOD_URLS=https://debuginfod.ubuntu.com /usr/bin/cmake --build /home/jjj/moveo_RoboticArm_ROS2/build/moveo_moveit_config -- -j12 -l12
[0.487s] DEBUG:colcon.colcon_core.event_handler.log_command:Invoked command in '/home/jjj/moveo_RoboticArm_ROS2/build/moveo_moveit_config' returned '0': CMAKE_PREFIX_PATH=/home/jjj/moveo_RoboticArm_ROS2/install/moveo_description:/home/jjj/moveo_RoboticArm_ROS2/install/moveo_moveit_config:/home/jjj/gz_ros2_control_ws/install/gz_ros2_control_tests:/home/jjj/gz_ros2_control_ws/install/gz_ros2_control_demos:/home/jjj/gz_ros2_control_ws/install/gz_ros2_control:/home/jjj/ros2_robot_arm/install/arduinobot_description:/home/jjj/ros2_robot_arm/install/arduinobot_cpp_examples:/opt/ros/jazzy/opt/gz_sim_vendor:/opt/ros/jazzy/opt/gz_sensors_vendor:/opt/ros/jazzy/opt/gz_physics_vendor:/opt/ros/jazzy/opt/sdformat_vendor:/opt/ros/jazzy/opt/gz_gui_vendor:/opt/ros/jazzy/opt/gz_transport_vendor:/opt/ros/jazzy/opt/gz_rendering_vendor:/opt/ros/jazzy/opt/gz_plugin_vendor:/opt/ros/jazzy/opt/gz_fuel_tools_vendor:/opt/ros/jazzy/opt/gz_msgs_vendor:/opt/ros/jazzy/opt/gz_common_vendor:/opt/ros/jazzy/opt/gz_math_vendor:/opt/ros/jazzy/opt/gz_utils_vendor:/opt/ros/jazzy/opt/gz_tools_vendor:/opt/ros/jazzy/opt/gz_ogre_next_vendor:/opt/ros/jazzy/opt/gz_dartsim_vendor:/opt/ros/jazzy/opt/gz_cmake_vendor:/home/jjj/ros2_robot_arm/install/arduinobot_python_examples:/opt/ros/jazzy DEBUGINFOD_URLS=https://debuginfod.ubuntu.com /usr/bin/cmake --build /home/jjj/moveo_RoboticArm_ROS2/build/moveo_moveit_config -- -j12 -l12
[0.487s] DEBUG:colcon.colcon_core.event_handler.log_command:Invoking command in '/home/jjj/moveo_RoboticArm_ROS2/build/moveo_moveit_config': CMAKE_PREFIX_PATH=/home/jjj/moveo_RoboticArm_ROS2/install/moveo_description:/home/jjj/moveo_RoboticArm_ROS2/install/moveo_moveit_config:/home/jjj/gz_ros2_control_ws/install/gz_ros2_control_tests:/home/jjj/gz_ros2_control_ws/install/gz_ros2_control_demos:/home/jjj/gz_ros2_control_ws/install/gz_ros2_control:/home/jjj/ros2_robot_arm/install/arduinobot_description:/home/jjj/ros2_robot_arm/install/arduinobot_cpp_examples:/opt/ros/jazzy/opt/gz_sim_vendor:/opt/ros/jazzy/opt/gz_sensors_vendor:/opt/ros/jazzy/opt/gz_physics_vendor:/opt/ros/jazzy/opt/sdformat_vendor:/opt/ros/jazzy/opt/gz_gui_vendor:/opt/ros/jazzy/opt/gz_transport_vendor:/opt/ros/jazzy/opt/gz_rendering_vendor:/opt/ros/jazzy/opt/gz_plugin_vendor:/opt/ros/jazzy/opt/gz_fuel_tools_vendor:/opt/ros/jazzy/opt/gz_msgs_vendor:/opt/ros/jazzy/opt/gz_common_vendor:/opt/ros/jazzy/opt/gz_math_vendor:/opt/ros/jazzy/opt/gz_utils_vendor:/opt/ros/jazzy/opt/gz_tools_vendor:/opt/ros/jazzy/opt/gz_ogre_next_vendor:/opt/ros/jazzy/opt/gz_dartsim_vendor:/opt/ros/jazzy/opt/gz_cmake_vendor:/home/jjj/ros2_robot_arm/install/arduinobot_python_examples:/opt/ros/jazzy DEBUGINFOD_URLS=https://debuginfod.ubuntu.com /usr/bin/cmake --install /home/jjj/moveo_RoboticArm_ROS2/build/moveo_moveit_config
[0.507s] Level 1:colcon.colcon_core.environment:create_environment_scripts_only(moveo_moveit_config)
[0.508s] Level 1:colcon.colcon_core.environment:checking '/home/jjj/moveo_RoboticArm_ROS2/install/moveo_moveit_config' for CMake module files
[0.510s] DEBUG:colcon.colcon_core.event_handler.log_command:Invoked command in '/home/jjj/moveo_RoboticArm_ROS2/build/moveo_moveit_config' returned '0': CMAKE_PREFIX_PATH=/home/jjj/moveo_RoboticArm_ROS2/install/moveo_description:/home/jjj/moveo_RoboticArm_ROS2/install/moveo_moveit_config:/home/jjj/gz_ros2_control_ws/install/gz_ros2_control_tests:/home/jjj/gz_ros2_control_ws/install/gz_ros2_control_demos:/home/jjj/gz_ros2_control_ws/install/gz_ros2_control:/home/jjj/ros2_robot_arm/install/arduinobot_description:/home/jjj/ros2_robot_arm/install/arduinobot_cpp_examples:/opt/ros/jazzy/opt/gz_sim_vendor:/opt/ros/jazzy/opt/gz_sensors_vendor:/opt/ros/jazzy/opt/gz_physics_vendor:/opt/ros/jazzy/opt/sdformat_vendor:/opt/ros/jazzy/opt/gz_gui_vendor:/opt/ros/jazzy/opt/gz_transport_vendor:/opt/ros/jazzy/opt/gz_rendering_vendor:/opt/ros/jazzy/opt/gz_plugin_vendor:/opt/ros/jazzy/opt/gz_fuel_tools_vendor:/opt/ros/jazzy/opt/gz_msgs_vendor:/opt/ros/jazzy/opt/gz_common_vendor:/opt/ros/jazzy/opt/gz_math_vendor:/opt/ros/jazzy/opt/gz_utils_vendor:/opt/ros/jazzy/opt/gz_tools_vendor:/opt/ros/jazzy/opt/gz_ogre_next_vendor:/opt/ros/jazzy/opt/gz_dartsim_vendor:/opt/ros/jazzy/opt/gz_cmake_vendor:/home/jjj/ros2_robot_arm/install/arduinobot_python_examples:/opt/ros/jazzy DEBUGINFOD_URLS=https://debuginfod.ubuntu.com /usr/bin/cmake --install /home/jjj/moveo_RoboticArm_ROS2/build/moveo_moveit_config
[0.511s] Level 1:colcon.colcon_core.environment:checking '/home/jjj/moveo_RoboticArm_ROS2/install/moveo_moveit_config' for CMake config files
[0.511s] Level 1:colcon.colcon_core.shell:create_environment_hook('moveo_moveit_config', 'cmake_prefix_path')
[0.511s] INFO:colcon.colcon_core.shell:Creating environment hook '/home/jjj/moveo_RoboticArm_ROS2/install/moveo_moveit_config/share/moveo_moveit_config/hook/cmake_prefix_path.ps1'
[0.512s] INFO:colcon.colcon_core.shell:Creating environment descriptor '/home/jjj/moveo_RoboticArm_ROS2/install/moveo_moveit_config/share/moveo_moveit_config/hook/cmake_prefix_path.dsv'
[0.513s] INFO:colcon.colcon_core.shell:Creating environment hook '/home/jjj/moveo_RoboticArm_ROS2/install/moveo_moveit_config/share/moveo_moveit_config/hook/cmake_prefix_path.sh'
[0.514s] Level 1:colcon.colcon_core.environment:checking '/home/jjj/moveo_RoboticArm_ROS2/install/moveo_moveit_config/bin'
[0.514s] Level 1:colcon.colcon_core.environment:checking '/home/jjj/moveo_RoboticArm_ROS2/install/moveo_moveit_config/lib/pkgconfig/moveo_moveit_config.pc'
[0.515s] Level 1:colcon.colcon_core.environment:checking '/home/jjj/moveo_RoboticArm_ROS2/install/moveo_moveit_config/lib/python3.12/site-packages'
[0.515s] Level 1:colcon.colcon_core.environment:checking '/home/jjj/moveo_RoboticArm_ROS2/install/moveo_moveit_config/bin'
[0.515s] INFO:colcon.colcon_core.shell:Creating package script '/home/jjj/moveo_RoboticArm_ROS2/install/moveo_moveit_config/share/moveo_moveit_config/package.ps1'
[0.516s] INFO:colcon.colcon_core.shell:Creating package descriptor '/home/jjj/moveo_RoboticArm_ROS2/install/moveo_moveit_config/share/moveo_moveit_config/package.dsv'
[0.517s] INFO:colcon.colcon_core.shell:Creating package script '/home/jjj/moveo_RoboticArm_ROS2/install/moveo_moveit_config/share/moveo_moveit_config/package.sh'
[0.517s] INFO:colcon.colcon_core.shell:Creating package script '/home/jjj/moveo_RoboticArm_ROS2/install/moveo_moveit_config/share/moveo_moveit_config/package.bash'
[0.518s] INFO:colcon.colcon_core.shell:Creating package script '/home/jjj/moveo_RoboticArm_ROS2/install/moveo_moveit_config/share/moveo_moveit_config/package.zsh'
[0.518s] Level 1:colcon.colcon_core.environment:create_file_with_runtime_dependencies(/home/jjj/moveo_RoboticArm_ROS2/install/moveo_moveit_config/share/colcon-core/packages/moveo_moveit_config)
[0.519s] Level 1:colcon.colcon_core.environment:create_environment_scripts_only(moveo_moveit_config)
[0.519s] Level 1:colcon.colcon_core.environment:checking '/home/jjj/moveo_RoboticArm_ROS2/install/moveo_moveit_config' for CMake module files
[0.520s] Level 1:colcon.colcon_core.environment:checking '/home/jjj/moveo_RoboticArm_ROS2/install/moveo_moveit_config' for CMake config files
[0.520s] Level 1:colcon.colcon_core.shell:create_environment_hook('moveo_moveit_config', 'cmake_prefix_path')
[0.520s] INFO:colcon.colcon_core.shell:Creating environment hook '/home/jjj/moveo_RoboticArm_ROS2/install/moveo_moveit_config/share/moveo_moveit_config/hook/cmake_prefix_path.ps1'
[0.521s] INFO:colcon.colcon_core.shell:Creating environment descriptor '/home/jjj/moveo_RoboticArm_ROS2/install/moveo_moveit_config/share/moveo_moveit_config/hook/cmake_prefix_path.dsv'
[0.521s] INFO:colcon.colcon_core.shell:Creating environment hook '/home/jjj/moveo_RoboticArm_ROS2/install/moveo_moveit_config/share/moveo_moveit_config/hook/cmake_prefix_path.sh'
[0.522s] Level 1:colcon.colcon_core.environment:checking '/home/jjj/moveo_RoboticArm_ROS2/install/moveo_moveit_config/bin'
[0.522s] Level 1:colcon.colcon_core.environment:checking '/home/jjj/moveo_RoboticArm_ROS2/install/moveo_moveit_config/lib/pkgconfig/moveo_moveit_config.pc'
[0.522s] Level 1:colcon.colcon_core.environment:checking '/home/jjj/moveo_RoboticArm_ROS2/install/moveo_moveit_config/lib/python3.12/site-packages'
[0.523s] Level 1:colcon.colcon_core.environment:checking '/home/jjj/moveo_RoboticArm_ROS2/install/moveo_moveit_config/bin'
[0.523s] INFO:colcon.colcon_core.shell:Creating package script '/home/jjj/moveo_RoboticArm_ROS2/install/moveo_moveit_config/share/moveo_moveit_config/package.ps1'
[0.524s] INFO:colcon.colcon_core.shell:Creating package descriptor '/home/jjj/moveo_RoboticArm_ROS2/install/moveo_moveit_config/share/moveo_moveit_config/package.dsv'
[0.524s] INFO:colcon.colcon_core.shell:Creating package script '/home/jjj/moveo_RoboticArm_ROS2/install/moveo_moveit_config/share/moveo_moveit_config/package.sh'
[0.525s] INFO:colcon.colcon_core.shell:Creating package script '/home/jjj/moveo_RoboticArm_ROS2/install/moveo_moveit_config/share/moveo_moveit_config/package.bash'
[0.525s] INFO:colcon.colcon_core.shell:Creating package script '/home/jjj/moveo_RoboticArm_ROS2/install/moveo_moveit_config/share/moveo_moveit_config/package.zsh'
[0.526s] Level 1:colcon.colcon_core.environment:create_file_with_runtime_dependencies(/home/jjj/moveo_RoboticArm_ROS2/install/moveo_moveit_config/share/colcon-core/packages/moveo_moveit_config)
[0.527s] DEBUG:colcon.colcon_parallel_executor.executor.parallel:closing loop
[0.527s] DEBUG:colcon.colcon_parallel_executor.executor.parallel:loop closed
[0.527s] DEBUG:colcon.colcon_parallel_executor.executor.parallel:run_until_complete finished with '0'
[0.527s] DEBUG:colcon.colcon_core.event_reactor:joining thread
[0.536s] INFO:colcon.colcon_core.plugin_system:Skipping extension 'colcon_notification.desktop_notification.terminal_notifier': Not used on non-Darwin systems
[0.537s] INFO:colcon.colcon_core.plugin_system:Skipping extension 'colcon_notification.desktop_notification.win32': Not used on non-Windows systems
[0.537s] INFO:colcon.colcon_notification.desktop_notification:Sending desktop notification using 'notify2'
[0.559s] DEBUG:colcon.colcon_core.event_reactor:joined thread
[0.559s] INFO:colcon.colcon_core.shell:Creating prefix script '/home/jjj/moveo_RoboticArm_ROS2/install/local_setup.ps1'
[0.560s] INFO:colcon.colcon_core.shell:Creating prefix util module '/home/jjj/moveo_RoboticArm_ROS2/install/_local_setup_util_ps1.py'
[0.562s] INFO:colcon.colcon_core.shell:Creating prefix chain script '/home/jjj/moveo_RoboticArm_ROS2/install/setup.ps1'
[0.565s] INFO:colcon.colcon_core.shell:Creating prefix script '/home/jjj/moveo_RoboticArm_ROS2/install/local_setup.sh'
[0.565s] INFO:colcon.colcon_core.shell:Creating prefix util module '/home/jjj/moveo_RoboticArm_ROS2/install/_local_setup_util_sh.py'
[0.567s] INFO:colcon.colcon_core.shell:Creating prefix chain script '/home/jjj/moveo_RoboticArm_ROS2/install/setup.sh'
[0.569s] INFO:colcon.colcon_core.shell:Creating prefix script '/home/jjj/moveo_RoboticArm_ROS2/install/local_setup.bash'
[0.570s] INFO:colcon.colcon_core.shell:Creating prefix chain script '/home/jjj/moveo_RoboticArm_ROS2/install/setup.bash'
[0.572s] INFO:colcon.colcon_core.shell:Creating prefix script '/home/jjj/moveo_RoboticArm_ROS2/install/local_setup.zsh'
[0.573s] INFO:colcon.colcon_core.shell:Creating prefix chain script '/home/jjj/moveo_RoboticArm_ROS2/install/setup.zsh'
