[0.019s] Invoking command in '/home/jjj/moveo/build/moveo_description': CMAKE_PREFIX_PATH=${CMAKE_PREFIX_PATH}:/home/jjj/ros2_robot_arm/install/arduinobot_python_examples:/opt/ros/jazzy DEBUGINFOD_URLS=https://debuginfod.ubuntu.com /usr/bin/cmake --build /home/jjj/moveo/build/moveo_description -- -j12 -l12
[0.051s] -- Found ament_cmake: 2.5.2 (/opt/ros/jazzy/share/ament_cmake/cmake)
[0.256s] -- Found ament_lint_auto: 0.17.1 (/opt/ros/jazzy/share/ament_lint_auto/cmake)
[0.343s] -- Added test 'flake8' to check Python code syntax and style conventions
[0.343s] -- Configured 'flake8' exclude dirs and/or files: 
[0.344s] -- Added test 'lint_cmake' to check CMake code style
[0.344s] -- Added test 'pep257' to check Python code against some of the docstring style conventions in PEP 257
[0.346s] -- Added test 'xmllint' to check XML markup files
[0.347s] -- Configuring done (0.3s)
[0.352s] -- Generating done (0.0s)
[0.354s] -- Build files have been written to: /home/jjj/moveo/build/moveo_description
[0.376s] Invoked command in '/home/jjj/moveo/build/moveo_description' returned '0': CMAKE_PREFIX_PATH=${CMAKE_PREFIX_PATH}:/home/jjj/ros2_robot_arm/install/arduinobot_python_examples:/opt/ros/jazzy DEBUGINFOD_URLS=https://debuginfod.ubuntu.com /usr/bin/cmake --build /home/jjj/moveo/build/moveo_description -- -j12 -l12
[0.386s] Invoking command in '/home/jjj/moveo/build/moveo_description': CMAKE_PREFIX_PATH=${CMAKE_PREFIX_PATH}:/home/jjj/ros2_robot_arm/install/arduinobot_python_examples:/opt/ros/jazzy DEBUGINFOD_URLS=https://debuginfod.ubuntu.com /usr/bin/cmake --install /home/jjj/moveo/build/moveo_description
[0.395s] -- Install configuration: ""
[0.395s] -- Installing: /home/jjj/moveo/install/moveo_description/share/moveo_description/meshes
[0.395s] -- Installing: /home/jjj/moveo/install/moveo_description/share/moveo_description/meshes/Link_4_col.STL
[0.396s] -- Installing: /home/jjj/moveo/install/moveo_description/share/moveo_description/meshes/Link_1.STL
[0.408s] -- Installing: /home/jjj/moveo/install/moveo_description/share/moveo_description/meshes/Gripper_Idol_Gear.STL
[0.409s] -- Installing: /home/jjj/moveo/install/moveo_description/share/moveo_description/meshes/base_link_col.STL
[0.409s] -- Installing: /home/jjj/moveo/install/moveo_description/share/moveo_description/meshes/Link_2.STL
[0.418s] -- Installing: /home/jjj/moveo/install/moveo_description/share/moveo_description/meshes/Gripper_Servo_Gear.STL
[0.418s] -- Installing: /home/jjj/moveo/install/moveo_description/share/moveo_description/meshes/Tip_Gripper_Servo.STL
[0.418s] -- Installing: /home/jjj/moveo/install/moveo_description/share/moveo_description/meshes/Link_1_col.STL
[0.421s] -- Installing: /home/jjj/moveo/install/moveo_description/share/moveo_description/meshes/Tip_Gripper_Servo_col.STL
[0.421s] -- Installing: /home/jjj/moveo/install/moveo_description/share/moveo_description/meshes/Link_5.STL
[0.428s] -- Installing: /home/jjj/moveo/install/moveo_description/share/moveo_description/meshes/Pivot_Arm_Gripper_Idol_col.STL
[0.429s] -- Installing: /home/jjj/moveo/install/moveo_description/share/moveo_description/meshes/Tip_Gripper_Idol.STL
[0.429s] -- Installing: /home/jjj/moveo/install/moveo_description/share/moveo_description/meshes/Pivot_Arm_Gripper_Idol.STL
[0.429s] -- Installing: /home/jjj/moveo/install/moveo_description/share/moveo_description/meshes/Link_2_col.STL
[0.431s] -- Installing: /home/jjj/moveo/install/moveo_description/share/moveo_description/meshes/Pivot_Arm_Gripper_Servo_col.STL
[0.431s] -- Installing: /home/jjj/moveo/install/moveo_description/share/moveo_description/meshes/Link_3.STL
[0.435s] -- Installing: /home/jjj/moveo/install/moveo_description/share/moveo_description/meshes/Pivot_Arm_Gripper_Servo.STL
[0.435s] -- Installing: /home/jjj/moveo/install/moveo_description/share/moveo_description/meshes/Gripper_Servo_Gear_col.STL
[0.436s] -- Installing: /home/jjj/moveo/install/moveo_description/share/moveo_description/meshes/Tip_Gripper_Idol_col.STL
[0.436s] -- Installing: /home/jjj/moveo/install/moveo_description/share/moveo_description/meshes/base_link.STL
[0.448s] -- Installing: /home/jjj/moveo/install/moveo_description/share/moveo_description/meshes/Gripper_Idol_Gear_col.STL
[0.448s] -- Installing: /home/jjj/moveo/install/moveo_description/share/moveo_description/meshes/Link_5_col.STL
[0.448s] -- Installing: /home/jjj/moveo/install/moveo_description/share/moveo_description/meshes/Link_3_col.STL
[0.449s] -- Installing: /home/jjj/moveo/install/moveo_description/share/moveo_description/meshes/Link_4.STL
[0.459s] -- Installing: /home/jjj/moveo/install/moveo_description/share/moveo_description/urdf
[0.459s] -- Installing: /home/jjj/moveo/install/moveo_description/share/moveo_description/urdf/moveo_urdf.urdf.xacro
[0.459s] -- Installing: /home/jjj/moveo/install/moveo_description/share/moveo_description/urdf/launch
[0.459s] -- Installing: /home/jjj/moveo/install/moveo_description/share/moveo_description/urdf/launch/display.launch.py
[0.460s] -- Installing: /home/jjj/moveo/install/moveo_description/share/moveo_description/urdf/rviz
[0.460s] -- Installing: /home/jjj/moveo/install/moveo_description/share/ament_index/resource_index/package_run_dependencies/moveo_description
[0.460s] -- Installing: /home/jjj/moveo/install/moveo_description/share/ament_index/resource_index/parent_prefix_path/moveo_description
[0.460s] -- Up-to-date: /home/jjj/moveo/install/moveo_description/share/moveo_description/environment/ament_prefix_path.sh
[0.461s] -- Up-to-date: /home/jjj/moveo/install/moveo_description/share/moveo_description/environment/ament_prefix_path.dsv
[0.461s] -- Up-to-date: /home/jjj/moveo/install/moveo_description/share/moveo_description/environment/path.sh
[0.461s] -- Up-to-date: /home/jjj/moveo/install/moveo_description/share/moveo_description/environment/path.dsv
[0.461s] -- Up-to-date: /home/jjj/moveo/install/moveo_description/share/moveo_description/local_setup.bash
[0.461s] -- Up-to-date: /home/jjj/moveo/install/moveo_description/share/moveo_description/local_setup.sh
[0.461s] -- Up-to-date: /home/jjj/moveo/install/moveo_description/share/moveo_description/local_setup.zsh
[0.462s] -- Up-to-date: /home/jjj/moveo/install/moveo_description/share/moveo_description/local_setup.dsv
[0.462s] -- Installing: /home/jjj/moveo/install/moveo_description/share/moveo_description/package.dsv
[0.462s] -- Up-to-date: /home/jjj/moveo/install/moveo_description/share/ament_index/resource_index/packages/moveo_description
[0.462s] -- Up-to-date: /home/jjj/moveo/install/moveo_description/share/moveo_description/cmake/moveo_descriptionConfig.cmake
[0.462s] -- Up-to-date: /home/jjj/moveo/install/moveo_description/share/moveo_description/cmake/moveo_descriptionConfig-version.cmake
[0.463s] -- Installing: /home/jjj/moveo/install/moveo_description/share/moveo_description/package.xml
[0.464s] Invoked command in '/home/jjj/moveo/build/moveo_description' returned '0': CMAKE_PREFIX_PATH=${CMAKE_PREFIX_PATH}:/home/jjj/ros2_robot_arm/install/arduinobot_python_examples:/opt/ros/jazzy DEBUGINFOD_URLS=https://debuginfod.ubuntu.com /usr/bin/cmake --install /home/jjj/moveo/build/moveo_description
