[0.023s] Invoking command in '/home/jjj/moveo_RoboticArm_ROS2/build/moveo_description': CMAKE_PREFIX_PATH=${CMAKE_PREFIX_PATH}:/home/jjj/ros2_robot_arm/install/arduinobot_python_examples:/opt/ros/jazzy DEBUGINFOD_URLS=https://debuginfod.ubuntu.com /usr/bin/cmake --build /home/jjj/moveo_RoboticArm_ROS2/build/moveo_description -- -j12 -l12
[0.083s] Invoked command in '/home/jjj/moveo_RoboticArm_ROS2/build/moveo_description' returned '0': CMAKE_PREFIX_PATH=${CMAKE_PREFIX_PATH}:/home/jjj/ros2_robot_arm/install/arduinobot_python_examples:/opt/ros/jazzy DEBUGINFOD_URLS=https://debuginfod.ubuntu.com /usr/bin/cmake --build /home/jjj/moveo_RoboticArm_ROS2/build/moveo_description -- -j12 -l12
[0.100s] Invoking command in '/home/jjj/moveo_RoboticArm_ROS2/build/moveo_description': CMAKE_PREFIX_PATH=${CMAKE_PREFIX_PATH}:/home/jjj/ros2_robot_arm/install/arduinobot_python_examples:/opt/ros/jazzy DEBUGINFOD_URLS=https://debuginfod.ubuntu.com /usr/bin/cmake --install /home/jjj/moveo_RoboticArm_ROS2/build/moveo_description
[0.117s] -- Install configuration: ""
[0.118s] -- Up-to-date: /home/jjj/moveo_RoboticArm_ROS2/install/moveo_description/share/moveo_description/meshes
[0.118s] -- Up-to-date: /home/jjj/moveo_RoboticArm_ROS2/install/moveo_description/share/moveo_description/meshes/Pivot_Arm_Gripper_Servo.STL
[0.118s] -- Up-to-date: /home/jjj/moveo_RoboticArm_ROS2/install/moveo_description/share/moveo_description/meshes/Tip_Gripper_Servo_col.STL
[0.118s] -- Up-to-date: /home/jjj/moveo_RoboticArm_ROS2/install/moveo_description/share/moveo_description/meshes/Pivot_Arm_Gripper_Idol_col.STL
[0.118s] -- Up-to-date: /home/jjj/moveo_RoboticArm_ROS2/install/moveo_description/share/moveo_description/meshes/Gripper_Idol_Gear.STL
[0.119s] -- Up-to-date: /home/jjj/moveo_RoboticArm_ROS2/install/moveo_description/share/moveo_description/meshes/Pivot_Arm_Gripper_Idol.STL
[0.119s] -- Up-to-date: /home/jjj/moveo_RoboticArm_ROS2/install/moveo_description/share/moveo_description/meshes/Link_5.STL
[0.119s] -- Up-to-date: /home/jjj/moveo_RoboticArm_ROS2/install/moveo_description/share/moveo_description/meshes/base_link.STL
[0.120s] -- Up-to-date: /home/jjj/moveo_RoboticArm_ROS2/install/moveo_description/share/moveo_description/meshes/Link_3_col.STL
[0.120s] -- Up-to-date: /home/jjj/moveo_RoboticArm_ROS2/install/moveo_description/share/moveo_description/meshes/Link_5_col.STL
[0.120s] -- Up-to-date: /home/jjj/moveo_RoboticArm_ROS2/install/moveo_description/share/moveo_description/meshes/Link_2_col.STL
[0.120s] -- Up-to-date: /home/jjj/moveo_RoboticArm_ROS2/install/moveo_description/share/moveo_description/meshes/Gripper_Servo_Gear.STL
[0.121s] -- Up-to-date: /home/jjj/moveo_RoboticArm_ROS2/install/moveo_description/share/moveo_description/meshes/Link_4.STL
[0.121s] -- Up-to-date: /home/jjj/moveo_RoboticArm_ROS2/install/moveo_description/share/moveo_description/meshes/Gripper_Servo_Gear_col.STL
[0.121s] -- Up-to-date: /home/jjj/moveo_RoboticArm_ROS2/install/moveo_description/share/moveo_description/meshes/Tip_Gripper_Idol_col.STL
[0.121s] -- Up-to-date: /home/jjj/moveo_RoboticArm_ROS2/install/moveo_description/share/moveo_description/meshes/Link_1_col.STL
[0.121s] -- Up-to-date: /home/jjj/moveo_RoboticArm_ROS2/install/moveo_description/share/moveo_description/meshes/Tip_Gripper_Idol.STL
[0.122s] -- Up-to-date: /home/jjj/moveo_RoboticArm_ROS2/install/moveo_description/share/moveo_description/meshes/Link_2.STL
[0.122s] -- Up-to-date: /home/jjj/moveo_RoboticArm_ROS2/install/moveo_description/share/moveo_description/meshes/Tip_Gripper_Servo.STL
[0.122s] -- Up-to-date: /home/jjj/moveo_RoboticArm_ROS2/install/moveo_description/share/moveo_description/meshes/Link_4_col.STL
[0.122s] -- Up-to-date: /home/jjj/moveo_RoboticArm_ROS2/install/moveo_description/share/moveo_description/meshes/base_link_col.STL
[0.122s] -- Up-to-date: /home/jjj/moveo_RoboticArm_ROS2/install/moveo_description/share/moveo_description/meshes/Link_3.STL
[0.122s] -- Up-to-date: /home/jjj/moveo_RoboticArm_ROS2/install/moveo_description/share/moveo_description/meshes/Pivot_Arm_Gripper_Servo_col.STL
[0.122s] -- Up-to-date: /home/jjj/moveo_RoboticArm_ROS2/install/moveo_description/share/moveo_description/meshes/Link_1.STL
[0.123s] -- Up-to-date: /home/jjj/moveo_RoboticArm_ROS2/install/moveo_description/share/moveo_description/meshes/Gripper_Idol_Gear_col.STL
[0.123s] -- Up-to-date: /home/jjj/moveo_RoboticArm_ROS2/install/moveo_description/share/moveo_description/urdf
[0.123s] -- Up-to-date: /home/jjj/moveo_RoboticArm_ROS2/install/moveo_description/share/moveo_description/urdf/gazebo.urdf.xacro
[0.123s] -- Up-to-date: /home/jjj/moveo_RoboticArm_ROS2/install/moveo_description/share/moveo_description/urdf/new.urdf
[0.123s] -- Up-to-date: /home/jjj/moveo_RoboticArm_ROS2/install/moveo_description/share/moveo_description/urdf/moveo_urdf.urdf.xacro
[0.123s] -- Up-to-date: /home/jjj/moveo_RoboticArm_ROS2/install/moveo_description/share/moveo_description/urdf/moveo.urdf
[0.123s] -- Up-to-date: /home/jjj/moveo_RoboticArm_ROS2/install/moveo_description/share/moveo_description/urdf/og.urdf
[0.123s] -- Up-to-date: /home/jjj/moveo_RoboticArm_ROS2/install/moveo_description/share/moveo_description/launch
[0.123s] -- Up-to-date: /home/jjj/moveo_RoboticArm_ROS2/install/moveo_description/share/moveo_description/launch/example.launch.py
[0.123s] -- Up-to-date: /home/jjj/moveo_RoboticArm_ROS2/install/moveo_description/share/moveo_description/launch/gazebo.launch.py
[0.124s] -- Up-to-date: /home/jjj/moveo_RoboticArm_ROS2/install/moveo_description/share/moveo_description/launch/display.launch.py
[0.124s] -- Up-to-date: /home/jjj/moveo_RoboticArm_ROS2/install/moveo_description/share/moveo_description/new_meshes
[0.124s] -- Up-to-date: /home/jjj/moveo_RoboticArm_ROS2/install/moveo_description/share/moveo_description/new_meshes/base_link.STL
[0.124s] -- Up-to-date: /home/jjj/moveo_RoboticArm_ROS2/install/moveo_description/share/moveo_description/new_meshes/link_2.STL
[0.124s] -- Up-to-date: /home/jjj/moveo_RoboticArm_ROS2/install/moveo_description/share/moveo_description/new_meshes/link_3.STL
[0.124s] -- Up-to-date: /home/jjj/moveo_RoboticArm_ROS2/install/moveo_description/share/moveo_description/new_meshes/link_5.STL
[0.124s] -- Up-to-date: /home/jjj/moveo_RoboticArm_ROS2/install/moveo_description/share/moveo_description/new_meshes/link_4.STL
[0.124s] -- Up-to-date: /home/jjj/moveo_RoboticArm_ROS2/install/moveo_description/share/moveo_description/new_meshes/link_1.STL
[0.124s] -- Up-to-date: /home/jjj/moveo_RoboticArm_ROS2/install/moveo_description/share/moveo_description/rviz
[0.125s] -- Up-to-date: /home/jjj/moveo_RoboticArm_ROS2/install/moveo_description/share/moveo_description/rviz/display.rviz
[0.125s] -- Up-to-date: /home/jjj/moveo_RoboticArm_ROS2/install/moveo_description/share/ament_index/resource_index/package_run_dependencies/moveo_description
[0.125s] -- Up-to-date: /home/jjj/moveo_RoboticArm_ROS2/install/moveo_description/share/ament_index/resource_index/parent_prefix_path/moveo_description
[0.130s] -- Up-to-date: /home/jjj/moveo_RoboticArm_ROS2/install/moveo_description/share/moveo_description/environment/ament_prefix_path.sh
[0.134s] -- Up-to-date: /home/jjj/moveo_RoboticArm_ROS2/install/moveo_description/share/moveo_description/environment/ament_prefix_path.dsv
[0.135s] -- Up-to-date: /home/jjj/moveo_RoboticArm_ROS2/install/moveo_description/share/moveo_description/environment/path.sh
[0.135s] -- Up-to-date: /home/jjj/moveo_RoboticArm_ROS2/install/moveo_description/share/moveo_description/environment/path.dsv
[0.136s] -- Up-to-date: /home/jjj/moveo_RoboticArm_ROS2/install/moveo_description/share/moveo_description/local_setup.bash
[0.136s] -- Up-to-date: /home/jjj/moveo_RoboticArm_ROS2/install/moveo_description/share/moveo_description/local_setup.sh
[0.136s] -- Up-to-date: /home/jjj/moveo_RoboticArm_ROS2/install/moveo_description/share/moveo_description/local_setup.zsh
[0.137s] -- Up-to-date: /home/jjj/moveo_RoboticArm_ROS2/install/moveo_description/share/moveo_description/local_setup.dsv
[0.137s] -- Installing: /home/jjj/moveo_RoboticArm_ROS2/install/moveo_description/share/moveo_description/package.dsv
[0.137s] -- Up-to-date: /home/jjj/moveo_RoboticArm_ROS2/install/moveo_description/share/ament_index/resource_index/packages/moveo_description
[0.137s] -- Up-to-date: /home/jjj/moveo_RoboticArm_ROS2/install/moveo_description/share/moveo_description/cmake/moveo_descriptionConfig.cmake
[0.138s] -- Up-to-date: /home/jjj/moveo_RoboticArm_ROS2/install/moveo_description/share/moveo_description/cmake/moveo_descriptionConfig-version.cmake
[0.138s] -- Up-to-date: /home/jjj/moveo_RoboticArm_ROS2/install/moveo_description/share/moveo_description/package.xml
[0.139s] Invoked command in '/home/jjj/moveo_RoboticArm_ROS2/build/moveo_description' returned '0': CMAKE_PREFIX_PATH=${CMAKE_PREFIX_PATH}:/home/jjj/ros2_robot_arm/install/arduinobot_python_examples:/opt/ros/jazzy DEBUGINFOD_URLS=https://debuginfod.ubuntu.com /usr/bin/cmake --install /home/jjj/moveo_RoboticArm_ROS2/build/moveo_description
