[0.015s] Invoking command in '/home/jjj/moveo/build/moveo_description': CMAKE_PREFIX_PATH=${CMAKE_PREFIX_PATH}:/home/jjj/ros2_robot_arm/install/arduinobot_python_examples:/opt/ros/jazzy DEBUGINFOD_URLS=https://debuginfod.ubuntu.com /usr/bin/cmake /home/jjj/moveo/src/moveo_description -DCMAKE_INSTALL_PREFIX=/home/jjj/moveo/install/moveo_description
[0.161s] -- The C compiler identification is GNU 13.2.0
[0.337s] -- The CXX compiler identification is GNU 13.2.0
[0.364s] -- Detecting C compiler ABI info
[0.466s] -- Detecting C compiler ABI info - done
[0.479s] -- Check for working C compiler: /usr/bin/cc - skipped
[0.480s] -- Detecting C compile features
[0.481s] -- Detecting C compile features - done
[0.492s] -- Detecting CXX compiler ABI info
[0.602s] -- Detecting CXX compiler ABI info - done
[0.614s] -- Check for working CXX compiler: /usr/bin/c++ - skipped
[0.615s] -- Detecting CXX compile features
[0.615s] -- Detecting CXX compile features - done
[0.631s] -- Found ament_cmake: 2.5.2 (/opt/ros/jazzy/share/ament_cmake/cmake)
[0.802s] -- Found Python3: /usr/bin/python3 (found version "3.12.3") found components: Interpreter 
[0.975s] -- Found ament_lint_auto: 0.17.1 (/opt/ros/jazzy/share/ament_lint_auto/cmake)
[1.124s] -- Added test 'lint_cmake' to check CMake code style
[1.127s] -- Added test 'xmllint' to check XML markup files
[1.129s] -- Configuring done (1.1s)
[1.132s] -- Generating done (0.0s)
[1.134s] -- Build files have been written to: /home/jjj/moveo/build/moveo_description
[1.139s] Invoked command in '/home/jjj/moveo/build/moveo_description' returned '0': CMAKE_PREFIX_PATH=${CMAKE_PREFIX_PATH}:/home/jjj/ros2_robot_arm/install/arduinobot_python_examples:/opt/ros/jazzy DEBUGINFOD_URLS=https://debuginfod.ubuntu.com /usr/bin/cmake /home/jjj/moveo/src/moveo_description -DCMAKE_INSTALL_PREFIX=/home/jjj/moveo/install/moveo_description
[1.141s] Invoking command in '/home/jjj/moveo/build/moveo_description': CMAKE_PREFIX_PATH=${CMAKE_PREFIX_PATH}:/home/jjj/ros2_robot_arm/install/arduinobot_python_examples:/opt/ros/jazzy DEBUGINFOD_URLS=https://debuginfod.ubuntu.com /usr/bin/cmake --build /home/jjj/moveo/build/moveo_description -- -j12 -l12
[1.184s] Invoked command in '/home/jjj/moveo/build/moveo_description' returned '0': CMAKE_PREFIX_PATH=${CMAKE_PREFIX_PATH}:/home/jjj/ros2_robot_arm/install/arduinobot_python_examples:/opt/ros/jazzy DEBUGINFOD_URLS=https://debuginfod.ubuntu.com /usr/bin/cmake --build /home/jjj/moveo/build/moveo_description -- -j12 -l12
[1.196s] Invoking command in '/home/jjj/moveo/build/moveo_description': CMAKE_PREFIX_PATH=${CMAKE_PREFIX_PATH}:/home/jjj/ros2_robot_arm/install/arduinobot_python_examples:/opt/ros/jazzy DEBUGINFOD_URLS=https://debuginfod.ubuntu.com /usr/bin/cmake --install /home/jjj/moveo/build/moveo_description
[1.205s] -- Install configuration: ""
[1.205s] -- Installing: /home/jjj/moveo/install/moveo_description/share/ament_index/resource_index/package_run_dependencies/moveo_description
[1.205s] -- Installing: /home/jjj/moveo/install/moveo_description/share/ament_index/resource_index/parent_prefix_path/moveo_description
[1.206s] -- Installing: /home/jjj/moveo/install/moveo_description/share/moveo_description/environment/ament_prefix_path.sh
[1.206s] -- Installing: /home/jjj/moveo/install/moveo_description/share/moveo_description/environment/ament_prefix_path.dsv
[1.206s] -- Installing: /home/jjj/moveo/install/moveo_description/share/moveo_description/environment/path.sh
[1.206s] -- Installing: /home/jjj/moveo/install/moveo_description/share/moveo_description/environment/path.dsv
[1.207s] -- Installing: /home/jjj/moveo/install/moveo_description/share/moveo_description/local_setup.bash
[1.207s] -- Installing: /home/jjj/moveo/install/moveo_description/share/moveo_description/local_setup.sh
[1.207s] -- Installing: /home/jjj/moveo/install/moveo_description/share/moveo_description/local_setup.zsh
[1.207s] -- Installing: /home/jjj/moveo/install/moveo_description/share/moveo_description/local_setup.dsv
[1.207s] -- Installing: /home/jjj/moveo/install/moveo_description/share/moveo_description/package.dsv
[1.207s] -- Installing: /home/jjj/moveo/install/moveo_description/share/ament_index/resource_index/packages/moveo_description
[1.208s] -- Installing: /home/jjj/moveo/install/moveo_description/share/moveo_description/cmake/moveo_descriptionConfig.cmake
[1.209s] -- Installing: /home/jjj/moveo/install/moveo_description/share/moveo_description/cmake/moveo_descriptionConfig-version.cmake
[1.209s] -- Installing: /home/jjj/moveo/install/moveo_description/share/moveo_description/package.xml
[1.210s] Invoked command in '/home/jjj/moveo/build/moveo_description' returned '0': CMAKE_PREFIX_PATH=${CMAKE_PREFIX_PATH}:/home/jjj/ros2_robot_arm/install/arduinobot_python_examples:/opt/ros/jazzy DEBUGINFOD_URLS=https://debuginfod.ubuntu.com /usr/bin/cmake --install /home/jjj/moveo/build/moveo_description
