-- Install configuration: ""
-- Up-to-date: /home/jjj/moveo_RoboticArm_ROS2/install/moveo_description/share/moveo_description/meshes
-- Installing: /home/jjj/moveo_RoboticArm_ROS2/install/moveo_description/share/moveo_description/meshes/link4.STL
-- Installing: /home/jjj/moveo_RoboticArm_ROS2/install/moveo_description/share/moveo_description/meshes/base_link.STL
-- Installing: /home/jjj/moveo_RoboticArm_ROS2/install/moveo_description/share/moveo_description/meshes/link2.STL
-- Installing: /home/jjj/moveo_RoboticArm_ROS2/install/moveo_description/share/moveo_description/meshes/link_R_gear.STL
-- Installing: /home/jjj/moveo_RoboticArm_ROS2/install/moveo_description/share/moveo_description/meshes/link_L_arm.STL
-- Installing: /home/jjj/moveo_RoboticArm_ROS2/install/moveo_description/share/moveo_description/meshes/link_L_pivot.STL
-- Installing: /home/jjj/moveo_RoboticArm_ROS2/install/moveo_description/share/moveo_description/meshes/link3.STL
-- Installing: /home/jjj/moveo_RoboticArm_ROS2/install/moveo_description/share/moveo_description/meshes/link_R_arm.STL
-- Installing: /home/jjj/moveo_RoboticArm_ROS2/install/moveo_description/share/moveo_description/meshes/link1.STL
-- Installing: /home/jjj/moveo_RoboticArm_ROS2/install/moveo_description/share/moveo_description/meshes/link_L_gear.STL
-- Installing: /home/jjj/moveo_RoboticArm_ROS2/install/moveo_description/share/moveo_description/meshes/link5.STL
-- Installing: /home/jjj/moveo_RoboticArm_ROS2/install/moveo_description/share/moveo_description/meshes/link_R_pivot.STL
-- Up-to-date: /home/jjj/moveo_RoboticArm_ROS2/install/moveo_description/share/moveo_description/urdf
-- Up-to-date: /home/jjj/moveo_RoboticArm_ROS2/install/moveo_description/share/moveo_description/urdf/gazebo.urdf.xacro
-- Installing: /home/jjj/moveo_RoboticArm_ROS2/install/moveo_description/share/moveo_description/urdf/moveo.urdf
-- Installing: /home/jjj/moveo_RoboticArm_ROS2/install/moveo_description/share/moveo_description/urdf/moveo.urdf.xacro
-- Up-to-date: /home/jjj/moveo_RoboticArm_ROS2/install/moveo_description/share/moveo_description/launch
-- Up-to-date: /home/jjj/moveo_RoboticArm_ROS2/install/moveo_description/share/moveo_description/launch/example.launch.py
-- Up-to-date: /home/jjj/moveo_RoboticArm_ROS2/install/moveo_description/share/moveo_description/launch/gazebo.launch.py
-- Up-to-date: /home/jjj/moveo_RoboticArm_ROS2/install/moveo_description/share/moveo_description/launch/display.launch.py
