-- Install configuration: ""
-- Up-to-date: /home/jjj/moveo_RoboticArm_ROS2/install/moveo_description/share/moveo_description/meshes
-- Up-to-date: /home/jjj/moveo_RoboticArm_ROS2/install/moveo_description/share/moveo_description/meshes/link4.STL
-- Up-to-date: /home/jjj/moveo_RoboticArm_ROS2/install/moveo_description/share/moveo_description/meshes/base_link.STL
-- Up-to-date: /home/jjj/moveo_RoboticArm_ROS2/install/moveo_description/share/moveo_description/meshes/link2.STL
-- Up-to-date: /home/jjj/moveo_RoboticArm_ROS2/install/moveo_description/share/moveo_description/meshes/link_R_gear.STL
-- Up-to-date: /home/jjj/moveo_RoboticArm_ROS2/install/moveo_description/share/moveo_description/meshes/link_L_arm.STL
-- Up-to-date: /home/jjj/moveo_RoboticArm_ROS2/install/moveo_description/share/moveo_description/meshes/link_L_pivot.STL
-- Up-to-date: /home/jjj/moveo_RoboticArm_ROS2/install/moveo_description/share/moveo_description/meshes/link3.STL
-- Up-to-date: /home/jjj/moveo_RoboticArm_ROS2/install/moveo_description/share/moveo_description/meshes/link_R_arm.STL
-- Up-to-date: /home/jjj/moveo_RoboticArm_ROS2/install/moveo_description/share/moveo_description/meshes/link1.STL
-- Up-to-date: /home/jjj/moveo_RoboticArm_ROS2/install/moveo_description/share/moveo_description/meshes/link_L_gear.STL
-- Up-to-date: /home/jjj/moveo_RoboticArm_ROS2/install/moveo_description/share/moveo_description/meshes/link5.STL
-- Up-to-date: /home/jjj/moveo_RoboticArm_ROS2/install/moveo_description/share/moveo_description/meshes/link_R_pivot.STL
-- Up-to-date: /home/jjj/moveo_RoboticArm_ROS2/install/moveo_description/share/moveo_description/urdf
-- Up-to-date: /home/jjj/moveo_RoboticArm_ROS2/install/moveo_description/share/moveo_description/urdf/gazebo.urdf.xacro
-- Up-to-date: /home/jjj/moveo_RoboticArm_ROS2/install/moveo_description/share/moveo_description/urdf/moveo.urdf
-- Up-to-date: /home/jjj/moveo_RoboticArm_ROS2/install/moveo_description/share/moveo_description/urdf/moveo.urdf.xacro
-- Up-to-date: /home/jjj/moveo_RoboticArm_ROS2/install/moveo_description/share/moveo_description/launch
-- Up-to-date: /home/jjj/moveo_RoboticArm_ROS2/install/moveo_description/share/moveo_description/launch/example.launch.py
-- Up-to-date: /home/jjj/moveo_RoboticArm_ROS2/install/moveo_description/share/moveo_description/launch/gazebo.launch.py
-- Up-to-date: /home/jjj/moveo_RoboticArm_ROS2/install/moveo_description/share/moveo_description/launch/display.launch.py
[31mCMake Error at cmake_install.cmake:58 (file):
  file INSTALL cannot find
  "/home/jjj/moveo_RoboticArm_ROS2/src/moveo_description/new_meshes": No such
  file or directory.

[0m
