[0.109s] DEBUG:colcon:Command line arguments: ['/usr/bin/colcon', 'build']
[0.109s] DEBUG:colcon:Parsed command line arguments: Namespace(log_base=None, log_level=None, verb_name='build', build_base='build', install_base='install', merge_install=False, symlink_install=False, test_result_base=None, continue_on_error=False, executor='parallel', parallel_workers=12, event_handlers=None, ignore_user_meta=False, metas=['./colcon.meta'], base_paths=['.'], packages_ignore=None, packages_ignore_regex=None, paths=None, packages_up_to=None, packages_up_to_regex=None, packages_above=None, packages_above_and_dependencies=None, packages_above_depth=None, packages_select_by_dep=None, packages_skip_by_dep=None, packages_skip_up_to=None, packages_select_build_failed=False, packages_skip_build_finished=False, packages_select_test_failures=False, packages_skip_test_passed=False, packages_select=None, packages_skip=None, packages_select_regex=None, packages_skip_regex=None, packages_start=None, packages_end=None, allow_overriding=[], cmake_args=None, cmake_target=None, cmake_target_skip_unavailable=False, cmake_clean_cache=False, cmake_clean_first=False, cmake_force_configure=False, ament_cmake_args=None, catkin_cmake_args=None, catkin_skip_building_tests=False, mixin_files=None, mixin=None, verb_parser=<colcon_mixin.mixin.mixin_argument.MixinArgumentDecorator object at 0x76adb1d47a40>, verb_extension=<colcon_core.verb.build.BuildVerb object at 0x76adb1ed00b0>, main=<bound method BuildVerb.main of <colcon_core.verb.build.BuildVerb object at 0x76adb1ed00b0>>, mixin_verb=('build',))
[0.149s] Level 1:colcon.colcon_core.package_discovery:discover_packages(colcon_meta) check parameters
[0.149s] Level 1:colcon.colcon_core.package_discovery:discover_packages(recursive) check parameters
[0.149s] Level 1:colcon.colcon_core.package_discovery:discover_packages(ignore) check parameters
[0.149s] Level 1:colcon.colcon_core.package_discovery:discover_packages(path) check parameters
[0.149s] Level 1:colcon.colcon_core.package_discovery:discover_packages(colcon_meta) discover
[0.149s] Level 1:colcon.colcon_core.package_discovery:discover_packages(recursive) discover
[0.150s] INFO:colcon.colcon_core.package_discovery:Crawling recursively for packages in '/home/jjj/moveo_RoboticArm_ROS2'
[0.150s] Level 1:colcon.colcon_core.package_identification:_identify(.) by extensions ['ignore', 'ignore_ament_install']
[0.150s] Level 1:colcon.colcon_core.package_identification:_identify(.) by extension 'ignore'
[0.150s] Level 1:colcon.colcon_core.package_identification:_identify(.) by extension 'ignore_ament_install'
[0.150s] Level 1:colcon.colcon_core.package_identification:_identify(.) by extensions ['colcon_pkg']
[0.150s] Level 1:colcon.colcon_core.package_identification:_identify(.) by extension 'colcon_pkg'
[0.150s] Level 1:colcon.colcon_core.package_identification:_identify(.) by extensions ['colcon_meta']
[0.150s] Level 1:colcon.colcon_core.package_identification:_identify(.) by extension 'colcon_meta'
[0.150s] Level 1:colcon.colcon_core.package_identification:_identify(.) by extensions ['ros']
[0.150s] Level 1:colcon.colcon_core.package_identification:_identify(.) by extension 'ros'
[0.176s] Level 1:colcon.colcon_core.package_identification:_identify(.) by extensions ['cmake', 'python']
[0.176s] Level 1:colcon.colcon_core.package_identification:_identify(.) by extension 'cmake'
[0.176s] Level 1:colcon.colcon_core.package_identification:_identify(.) by extension 'python'
[0.176s] Level 1:colcon.colcon_core.package_identification:_identify(.) by extensions ['python_setup_py']
[0.177s] Level 1:colcon.colcon_core.package_identification:_identify(.) by extension 'python_setup_py'
[0.177s] Level 1:colcon.colcon_core.package_identification:_identify(assets) by extensions ['ignore', 'ignore_ament_install']
[0.177s] Level 1:colcon.colcon_core.package_identification:_identify(assets) by extension 'ignore'
[0.177s] Level 1:colcon.colcon_core.package_identification:_identify(assets) by extension 'ignore_ament_install'
[0.177s] Level 1:colcon.colcon_core.package_identification:_identify(assets) by extensions ['colcon_pkg']
[0.177s] Level 1:colcon.colcon_core.package_identification:_identify(assets) by extension 'colcon_pkg'
[0.177s] Level 1:colcon.colcon_core.package_identification:_identify(assets) by extensions ['colcon_meta']
[0.177s] Level 1:colcon.colcon_core.package_identification:_identify(assets) by extension 'colcon_meta'
[0.177s] Level 1:colcon.colcon_core.package_identification:_identify(assets) by extensions ['ros']
[0.177s] Level 1:colcon.colcon_core.package_identification:_identify(assets) by extension 'ros'
[0.177s] Level 1:colcon.colcon_core.package_identification:_identify(assets) by extensions ['cmake', 'python']
[0.178s] Level 1:colcon.colcon_core.package_identification:_identify(assets) by extension 'cmake'
[0.178s] Level 1:colcon.colcon_core.package_identification:_identify(assets) by extension 'python'
[0.178s] Level 1:colcon.colcon_core.package_identification:_identify(assets) by extensions ['python_setup_py']
[0.178s] Level 1:colcon.colcon_core.package_identification:_identify(assets) by extension 'python_setup_py'
[0.178s] Level 1:colcon.colcon_core.package_identification:_identify(build) by extensions ['ignore', 'ignore_ament_install']
[0.178s] Level 1:colcon.colcon_core.package_identification:_identify(build) by extension 'ignore'
[0.178s] Level 1:colcon.colcon_core.package_identification:_identify(build) ignored
[0.178s] Level 1:colcon.colcon_core.package_identification:_identify(install) by extensions ['ignore', 'ignore_ament_install']
[0.178s] Level 1:colcon.colcon_core.package_identification:_identify(install) by extension 'ignore'
[0.179s] Level 1:colcon.colcon_core.package_identification:_identify(install) ignored
[0.179s] Level 1:colcon.colcon_core.package_identification:_identify(log) by extensions ['ignore', 'ignore_ament_install']
[0.179s] Level 1:colcon.colcon_core.package_identification:_identify(log) by extension 'ignore'
[0.179s] Level 1:colcon.colcon_core.package_identification:_identify(log) ignored
[0.179s] Level 1:colcon.colcon_core.package_identification:_identify(src) by extensions ['ignore', 'ignore_ament_install']
[0.179s] Level 1:colcon.colcon_core.package_identification:_identify(src) by extension 'ignore'
[0.179s] Level 1:colcon.colcon_core.package_identification:_identify(src) by extension 'ignore_ament_install'
[0.179s] Level 1:colcon.colcon_core.package_identification:_identify(src) by extensions ['colcon_pkg']
[0.179s] Level 1:colcon.colcon_core.package_identification:_identify(src) by extension 'colcon_pkg'
[0.179s] Level 1:colcon.colcon_core.package_identification:_identify(src) by extensions ['colcon_meta']
[0.179s] Level 1:colcon.colcon_core.package_identification:_identify(src) by extension 'colcon_meta'
[0.179s] Level 1:colcon.colcon_core.package_identification:_identify(src) by extensions ['ros']
[0.179s] Level 1:colcon.colcon_core.package_identification:_identify(src) by extension 'ros'
[0.180s] Level 1:colcon.colcon_core.package_identification:_identify(src) by extensions ['cmake', 'python']
[0.180s] Level 1:colcon.colcon_core.package_identification:_identify(src) by extension 'cmake'
[0.180s] Level 1:colcon.colcon_core.package_identification:_identify(src) by extension 'python'
[0.180s] Level 1:colcon.colcon_core.package_identification:_identify(src) by extensions ['python_setup_py']
[0.180s] Level 1:colcon.colcon_core.package_identification:_identify(src) by extension 'python_setup_py'
[0.180s] Level 1:colcon.colcon_core.package_identification:_identify(src/moveo_description) by extensions ['ignore', 'ignore_ament_install']
[0.180s] Level 1:colcon.colcon_core.package_identification:_identify(src/moveo_description) by extension 'ignore'
[0.180s] Level 1:colcon.colcon_core.package_identification:_identify(src/moveo_description) by extension 'ignore_ament_install'
[0.180s] Level 1:colcon.colcon_core.package_identification:_identify(src/moveo_description) by extensions ['colcon_pkg']
[0.180s] Level 1:colcon.colcon_core.package_identification:_identify(src/moveo_description) by extension 'colcon_pkg'
[0.181s] Level 1:colcon.colcon_core.package_identification:_identify(src/moveo_description) by extensions ['colcon_meta']
[0.181s] Level 1:colcon.colcon_core.package_identification:_identify(src/moveo_description) by extension 'colcon_meta'
[0.181s] Level 1:colcon.colcon_core.package_identification:_identify(src/moveo_description) by extensions ['ros']
[0.181s] Level 1:colcon.colcon_core.package_identification:_identify(src/moveo_description) by extension 'ros'
[0.183s] DEBUG:colcon.colcon_core.package_identification:Package 'src/moveo_description' with type 'ros.ament_cmake' and name 'moveo_description'
[0.183s] Level 1:colcon.colcon_core.package_identification:_identify(src/moveo_gazebo) by extensions ['ignore', 'ignore_ament_install']
[0.183s] Level 1:colcon.colcon_core.package_identification:_identify(src/moveo_gazebo) by extension 'ignore'
[0.184s] Level 1:colcon.colcon_core.package_identification:_identify(src/moveo_gazebo) by extension 'ignore_ament_install'
[0.184s] Level 1:colcon.colcon_core.package_identification:_identify(src/moveo_gazebo) by extensions ['colcon_pkg']
[0.184s] Level 1:colcon.colcon_core.package_identification:_identify(src/moveo_gazebo) by extension 'colcon_pkg'
[0.184s] Level 1:colcon.colcon_core.package_identification:_identify(src/moveo_gazebo) by extensions ['colcon_meta']
[0.184s] Level 1:colcon.colcon_core.package_identification:_identify(src/moveo_gazebo) by extension 'colcon_meta'
[0.184s] Level 1:colcon.colcon_core.package_identification:_identify(src/moveo_gazebo) by extensions ['ros']
[0.184s] Level 1:colcon.colcon_core.package_identification:_identify(src/moveo_gazebo) by extension 'ros'
[0.184s] DEBUG:colcon.colcon_core.package_identification:Package 'src/moveo_gazebo' with type 'ros.ament_cmake' and name 'moveo_gazebo'
[0.184s] Level 1:colcon.colcon_core.package_identification:_identify(src/moveo_moveit_config) by extensions ['ignore', 'ignore_ament_install']
[0.185s] Level 1:colcon.colcon_core.package_identification:_identify(src/moveo_moveit_config) by extension 'ignore'
[0.185s] Level 1:colcon.colcon_core.package_identification:_identify(src/moveo_moveit_config) by extension 'ignore_ament_install'
[0.185s] Level 1:colcon.colcon_core.package_identification:_identify(src/moveo_moveit_config) by extensions ['colcon_pkg']
[0.185s] Level 1:colcon.colcon_core.package_identification:_identify(src/moveo_moveit_config) by extension 'colcon_pkg'
[0.185s] Level 1:colcon.colcon_core.package_identification:_identify(src/moveo_moveit_config) by extensions ['colcon_meta']
[0.185s] Level 1:colcon.colcon_core.package_identification:_identify(src/moveo_moveit_config) by extension 'colcon_meta'
[0.185s] Level 1:colcon.colcon_core.package_identification:_identify(src/moveo_moveit_config) by extensions ['ros']
[0.185s] Level 1:colcon.colcon_core.package_identification:_identify(src/moveo_moveit_config) by extension 'ros'
[0.186s] DEBUG:colcon.colcon_core.package_identification:Package 'src/moveo_moveit_config' with type 'ros.ament_cmake' and name 'moveo_moveit_config'
[0.186s] Level 1:colcon.colcon_core.package_discovery:discover_packages(recursive) using defaults
[0.186s] Level 1:colcon.colcon_core.package_discovery:discover_packages(ignore) discover
[0.186s] Level 1:colcon.colcon_core.package_discovery:discover_packages(ignore) using defaults
[0.186s] Level 1:colcon.colcon_core.package_discovery:discover_packages(path) discover
[0.186s] Level 1:colcon.colcon_core.package_discovery:discover_packages(path) using defaults
[0.205s] Level 1:colcon.colcon_core.package_discovery:discover_packages(prefix_path) check parameters
[0.205s] Level 1:colcon.colcon_core.package_discovery:discover_packages(prefix_path) discover
[0.206s] WARNING:colcon.colcon_ros.prefix_path.ament:The path '/home/jjj/moveo_RoboticArm_ROS2/install/moveo_moveit_config_test' in the environment variable AMENT_PREFIX_PATH doesn't exist
[0.207s] WARNING:colcon.colcon_ros.prefix_path.catkin:The path '/home/jjj/moveo_RoboticArm_ROS2/install/moveo_moveit_config_test' in the environment variable CMAKE_PREFIX_PATH doesn't exist
[0.209s] DEBUG:colcon.colcon_installed_package_information.package_discovery:Found 7 installed packages in /home/jjj/ros2_robot_arm/install
[0.210s] DEBUG:colcon.colcon_installed_package_information.package_discovery:Found 3 installed packages in /home/jjj/moveo_RoboticArm_ROS2/install
[0.213s] DEBUG:colcon.colcon_installed_package_information.package_discovery:Found 425 installed packages in /opt/ros/jazzy
[0.215s] Level 1:colcon.colcon_core.package_discovery:discover_packages(prefix_path) using defaults
[0.278s] Level 5:colcon.colcon_core.verb:set package 'moveo_description' build argument 'cmake_args' from command line to 'None'
[0.278s] Level 5:colcon.colcon_core.verb:set package 'moveo_description' build argument 'cmake_target' from command line to 'None'
[0.278s] Level 5:colcon.colcon_core.verb:set package 'moveo_description' build argument 'cmake_target_skip_unavailable' from command line to 'False'
[0.278s] Level 5:colcon.colcon_core.verb:set package 'moveo_description' build argument 'cmake_clean_cache' from command line to 'False'
[0.278s] Level 5:colcon.colcon_core.verb:set package 'moveo_description' build argument 'cmake_clean_first' from command line to 'False'
[0.278s] Level 5:colcon.colcon_core.verb:set package 'moveo_description' build argument 'cmake_force_configure' from command line to 'False'
[0.278s] Level 5:colcon.colcon_core.verb:set package 'moveo_description' build argument 'ament_cmake_args' from command line to 'None'
[0.279s] Level 5:colcon.colcon_core.verb:set package 'moveo_description' build argument 'catkin_cmake_args' from command line to 'None'
[0.279s] Level 5:colcon.colcon_core.verb:set package 'moveo_description' build argument 'catkin_skip_building_tests' from command line to 'False'
[0.279s] DEBUG:colcon.colcon_core.verb:Building package 'moveo_description' with the following arguments: {'ament_cmake_args': None, 'build_base': '/home/jjj/moveo_RoboticArm_ROS2/build/moveo_description', 'catkin_cmake_args': None, 'catkin_skip_building_tests': False, 'cmake_args': None, 'cmake_clean_cache': False, 'cmake_clean_first': False, 'cmake_force_configure': False, 'cmake_target': None, 'cmake_target_skip_unavailable': False, 'install_base': '/home/jjj/moveo_RoboticArm_ROS2/install/moveo_description', 'merge_install': False, 'path': '/home/jjj/moveo_RoboticArm_ROS2/src/moveo_description', 'symlink_install': False, 'test_result_base': None}
[0.279s] Level 5:colcon.colcon_core.verb:set package 'moveo_gazebo' build argument 'cmake_args' from command line to 'None'
[0.279s] Level 5:colcon.colcon_core.verb:set package 'moveo_gazebo' build argument 'cmake_target' from command line to 'None'
[0.279s] Level 5:colcon.colcon_core.verb:set package 'moveo_gazebo' build argument 'cmake_target_skip_unavailable' from command line to 'False'
[0.279s] Level 5:colcon.colcon_core.verb:set package 'moveo_gazebo' build argument 'cmake_clean_cache' from command line to 'False'
[0.279s] Level 5:colcon.colcon_core.verb:set package 'moveo_gazebo' build argument 'cmake_clean_first' from command line to 'False'
[0.279s] Level 5:colcon.colcon_core.verb:set package 'moveo_gazebo' build argument 'cmake_force_configure' from command line to 'False'
[0.279s] Level 5:colcon.colcon_core.verb:set package 'moveo_gazebo' build argument 'ament_cmake_args' from command line to 'None'
[0.279s] Level 5:colcon.colcon_core.verb:set package 'moveo_gazebo' build argument 'catkin_cmake_args' from command line to 'None'
[0.279s] Level 5:colcon.colcon_core.verb:set package 'moveo_gazebo' build argument 'catkin_skip_building_tests' from command line to 'False'
[0.279s] DEBUG:colcon.colcon_core.verb:Building package 'moveo_gazebo' with the following arguments: {'ament_cmake_args': None, 'build_base': '/home/jjj/moveo_RoboticArm_ROS2/build/moveo_gazebo', 'catkin_cmake_args': None, 'catkin_skip_building_tests': False, 'cmake_args': None, 'cmake_clean_cache': False, 'cmake_clean_first': False, 'cmake_force_configure': False, 'cmake_target': None, 'cmake_target_skip_unavailable': False, 'install_base': '/home/jjj/moveo_RoboticArm_ROS2/install/moveo_gazebo', 'merge_install': False, 'path': '/home/jjj/moveo_RoboticArm_ROS2/src/moveo_gazebo', 'symlink_install': False, 'test_result_base': None}
[0.279s] Level 5:colcon.colcon_core.verb:set package 'moveo_moveit_config' build argument 'cmake_args' from command line to 'None'
[0.279s] Level 5:colcon.colcon_core.verb:set package 'moveo_moveit_config' build argument 'cmake_target' from command line to 'None'
[0.280s] Level 5:colcon.colcon_core.verb:set package 'moveo_moveit_config' build argument 'cmake_target_skip_unavailable' from command line to 'False'
[0.280s] Level 5:colcon.colcon_core.verb:set package 'moveo_moveit_config' build argument 'cmake_clean_cache' from command line to 'False'
[0.280s] Level 5:colcon.colcon_core.verb:set package 'moveo_moveit_config' build argument 'cmake_clean_first' from command line to 'False'
[0.280s] Level 5:colcon.colcon_core.verb:set package 'moveo_moveit_config' build argument 'cmake_force_configure' from command line to 'False'
[0.280s] Level 5:colcon.colcon_core.verb:set package 'moveo_moveit_config' build argument 'ament_cmake_args' from command line to 'None'
[0.280s] Level 5:colcon.colcon_core.verb:set package 'moveo_moveit_config' build argument 'catkin_cmake_args' from command line to 'None'
[0.280s] Level 5:colcon.colcon_core.verb:set package 'moveo_moveit_config' build argument 'catkin_skip_building_tests' from command line to 'False'
[0.280s] DEBUG:colcon.colcon_core.verb:Building package 'moveo_moveit_config' with the following arguments: {'ament_cmake_args': None, 'build_base': '/home/jjj/moveo_RoboticArm_ROS2/build/moveo_moveit_config', 'catkin_cmake_args': None, 'catkin_skip_building_tests': False, 'cmake_args': None, 'cmake_clean_cache': False, 'cmake_clean_first': False, 'cmake_force_configure': False, 'cmake_target': None, 'cmake_target_skip_unavailable': False, 'install_base': '/home/jjj/moveo_RoboticArm_ROS2/install/moveo_moveit_config', 'merge_install': False, 'path': '/home/jjj/moveo_RoboticArm_ROS2/src/moveo_moveit_config', 'symlink_install': False, 'test_result_base': None}
[0.280s] INFO:colcon.colcon_core.executor:Executing jobs using 'parallel' executor
[0.281s] DEBUG:colcon.colcon_parallel_executor.executor.parallel:run_until_complete
[0.281s] INFO:colcon.colcon_ros.task.ament_cmake.build:Building ROS package in '/home/jjj/moveo_RoboticArm_ROS2/src/moveo_description' with build type 'ament_cmake'
[0.281s] INFO:colcon.colcon_cmake.task.cmake.build:Building CMake package in '/home/jjj/moveo_RoboticArm_ROS2/src/moveo_description'
[0.284s] INFO:colcon.colcon_core.plugin_system:Skipping extension 'colcon_core.shell.bat': Not used on non-Windows systems
[0.284s] INFO:colcon.colcon_core.shell:Skip shell extension 'powershell' for command environment: Not usable outside of PowerShell
[0.284s] DEBUG:colcon.colcon_core.shell:Skip shell extension 'dsv' for command environment
[0.290s] INFO:colcon.colcon_ros.task.ament_cmake.build:Building ROS package in '/home/jjj/moveo_RoboticArm_ROS2/src/moveo_gazebo' with build type 'ament_cmake'
[0.290s] INFO:colcon.colcon_cmake.task.cmake.build:Building CMake package in '/home/jjj/moveo_RoboticArm_ROS2/src/moveo_gazebo'
[0.291s] INFO:colcon.colcon_core.shell:Skip shell extension 'powershell' for command environment: Not usable outside of PowerShell
[0.291s] DEBUG:colcon.colcon_core.shell:Skip shell extension 'dsv' for command environment
[0.305s] DEBUG:colcon.colcon_core.event_handler.log_command:Invoking command in '/home/jjj/moveo_RoboticArm_ROS2/build/moveo_description': CMAKE_PREFIX_PATH=${CMAKE_PREFIX_PATH}:/home/jjj/ros2_robot_arm/install/arduinobot_python_examples:/opt/ros/jazzy DEBUGINFOD_URLS=https://debuginfod.ubuntu.com /usr/bin/cmake --build /home/jjj/moveo_RoboticArm_ROS2/build/moveo_description -- -j12 -l12
[0.311s] DEBUG:colcon.colcon_core.event_handler.log_command:Invoking command in '/home/jjj/moveo_RoboticArm_ROS2/build/moveo_gazebo': CMAKE_PREFIX_PATH=${CMAKE_PREFIX_PATH}:/home/jjj/ros2_robot_arm/install/arduinobot_python_examples:/opt/ros/jazzy DEBUGINFOD_URLS=https://debuginfod.ubuntu.com /usr/bin/cmake --build /home/jjj/moveo_RoboticArm_ROS2/build/moveo_gazebo -- -j12 -l12
[0.353s] DEBUG:colcon.colcon_core.event_handler.log_command:Invoked command in '/home/jjj/moveo_RoboticArm_ROS2/build/moveo_description' returned '0': CMAKE_PREFIX_PATH=${CMAKE_PREFIX_PATH}:/home/jjj/ros2_robot_arm/install/arduinobot_python_examples:/opt/ros/jazzy DEBUGINFOD_URLS=https://debuginfod.ubuntu.com /usr/bin/cmake --build /home/jjj/moveo_RoboticArm_ROS2/build/moveo_description -- -j12 -l12
[0.363s] DEBUG:colcon.colcon_core.event_handler.log_command:Invoking command in '/home/jjj/moveo_RoboticArm_ROS2/build/moveo_description': CMAKE_PREFIX_PATH=${CMAKE_PREFIX_PATH}:/home/jjj/ros2_robot_arm/install/arduinobot_python_examples:/opt/ros/jazzy DEBUGINFOD_URLS=https://debuginfod.ubuntu.com /usr/bin/cmake --install /home/jjj/moveo_RoboticArm_ROS2/build/moveo_description
[0.365s] DEBUG:colcon.colcon_core.event_handler.log_command:Invoked command in '/home/jjj/moveo_RoboticArm_ROS2/build/moveo_gazebo' returned '0': CMAKE_PREFIX_PATH=${CMAKE_PREFIX_PATH}:/home/jjj/ros2_robot_arm/install/arduinobot_python_examples:/opt/ros/jazzy DEBUGINFOD_URLS=https://debuginfod.ubuntu.com /usr/bin/cmake --build /home/jjj/moveo_RoboticArm_ROS2/build/moveo_gazebo -- -j12 -l12
[0.367s] DEBUG:colcon.colcon_core.event_handler.log_command:Invoking command in '/home/jjj/moveo_RoboticArm_ROS2/build/moveo_gazebo': CMAKE_PREFIX_PATH=${CMAKE_PREFIX_PATH}:/home/jjj/ros2_robot_arm/install/arduinobot_python_examples:/opt/ros/jazzy DEBUGINFOD_URLS=https://debuginfod.ubuntu.com /usr/bin/cmake --install /home/jjj/moveo_RoboticArm_ROS2/build/moveo_gazebo
[0.380s] Level 1:colcon.colcon_core.environment:create_environment_scripts_only(moveo_description)
[0.390s] DEBUG:colcon.colcon_core.event_handler.log_command:Invoked command in '/home/jjj/moveo_RoboticArm_ROS2/build/moveo_description' returned '0': CMAKE_PREFIX_PATH=${CMAKE_PREFIX_PATH}:/home/jjj/ros2_robot_arm/install/arduinobot_python_examples:/opt/ros/jazzy DEBUGINFOD_URLS=https://debuginfod.ubuntu.com /usr/bin/cmake --install /home/jjj/moveo_RoboticArm_ROS2/build/moveo_description
[0.392s] Level 1:colcon.colcon_core.environment:checking '/home/jjj/moveo_RoboticArm_ROS2/install/moveo_description' for CMake module files
[0.392s] Level 1:colcon.colcon_core.environment:checking '/home/jjj/moveo_RoboticArm_ROS2/install/moveo_description' for CMake config files
[0.392s] Level 1:colcon.colcon_core.shell:create_environment_hook('moveo_description', 'cmake_prefix_path')
[0.392s] INFO:colcon.colcon_core.shell:Creating environment hook '/home/jjj/moveo_RoboticArm_ROS2/install/moveo_description/share/moveo_description/hook/cmake_prefix_path.ps1'
[0.393s] INFO:colcon.colcon_core.shell:Creating environment descriptor '/home/jjj/moveo_RoboticArm_ROS2/install/moveo_description/share/moveo_description/hook/cmake_prefix_path.dsv'
[0.394s] INFO:colcon.colcon_core.shell:Creating environment hook '/home/jjj/moveo_RoboticArm_ROS2/install/moveo_description/share/moveo_description/hook/cmake_prefix_path.sh'
[0.395s] Level 1:colcon.colcon_core.environment:checking '/home/jjj/moveo_RoboticArm_ROS2/install/moveo_description/bin'
[0.395s] Level 1:colcon.colcon_core.environment:checking '/home/jjj/moveo_RoboticArm_ROS2/install/moveo_description/lib/pkgconfig/moveo_description.pc'
[0.395s] Level 1:colcon.colcon_core.environment:checking '/home/jjj/moveo_RoboticArm_ROS2/install/moveo_description/lib/python3.12/site-packages'
[0.396s] Level 1:colcon.colcon_core.environment:checking '/home/jjj/moveo_RoboticArm_ROS2/install/moveo_description/bin'
[0.396s] INFO:colcon.colcon_core.shell:Creating package script '/home/jjj/moveo_RoboticArm_ROS2/install/moveo_description/share/moveo_description/package.ps1'
[0.397s] INFO:colcon.colcon_core.shell:Creating package descriptor '/home/jjj/moveo_RoboticArm_ROS2/install/moveo_description/share/moveo_description/package.dsv'
[0.397s] INFO:colcon.colcon_core.shell:Creating package script '/home/jjj/moveo_RoboticArm_ROS2/install/moveo_description/share/moveo_description/package.sh'
[0.398s] INFO:colcon.colcon_core.shell:Creating package script '/home/jjj/moveo_RoboticArm_ROS2/install/moveo_description/share/moveo_description/package.bash'
[0.399s] INFO:colcon.colcon_core.shell:Creating package script '/home/jjj/moveo_RoboticArm_ROS2/install/moveo_description/share/moveo_description/package.zsh'
[0.399s] Level 1:colcon.colcon_core.environment:create_file_with_runtime_dependencies(/home/jjj/moveo_RoboticArm_ROS2/install/moveo_description/share/colcon-core/packages/moveo_description)
[0.400s] Level 1:colcon.colcon_core.environment:create_environment_scripts_only(moveo_description)
[0.400s] Level 1:colcon.colcon_core.environment:checking '/home/jjj/moveo_RoboticArm_ROS2/install/moveo_description' for CMake module files
[0.401s] Level 1:colcon.colcon_core.environment:checking '/home/jjj/moveo_RoboticArm_ROS2/install/moveo_description' for CMake config files
[0.401s] Level 1:colcon.colcon_core.shell:create_environment_hook('moveo_description', 'cmake_prefix_path')
[0.401s] INFO:colcon.colcon_core.shell:Creating environment hook '/home/jjj/moveo_RoboticArm_ROS2/install/moveo_description/share/moveo_description/hook/cmake_prefix_path.ps1'
[0.402s] INFO:colcon.colcon_core.shell:Creating environment descriptor '/home/jjj/moveo_RoboticArm_ROS2/install/moveo_description/share/moveo_description/hook/cmake_prefix_path.dsv'
[0.402s] INFO:colcon.colcon_core.shell:Creating environment hook '/home/jjj/moveo_RoboticArm_ROS2/install/moveo_description/share/moveo_description/hook/cmake_prefix_path.sh'
[0.403s] Level 1:colcon.colcon_core.environment:checking '/home/jjj/moveo_RoboticArm_ROS2/install/moveo_description/bin'
[0.403s] Level 1:colcon.colcon_core.environment:checking '/home/jjj/moveo_RoboticArm_ROS2/install/moveo_description/lib/pkgconfig/moveo_description.pc'
[0.403s] Level 1:colcon.colcon_core.environment:checking '/home/jjj/moveo_RoboticArm_ROS2/install/moveo_description/lib/python3.12/site-packages'
[0.404s] Level 1:colcon.colcon_core.environment:checking '/home/jjj/moveo_RoboticArm_ROS2/install/moveo_description/bin'
[0.404s] INFO:colcon.colcon_core.shell:Creating package script '/home/jjj/moveo_RoboticArm_ROS2/install/moveo_description/share/moveo_description/package.ps1'
[0.405s] INFO:colcon.colcon_core.shell:Creating package descriptor '/home/jjj/moveo_RoboticArm_ROS2/install/moveo_description/share/moveo_description/package.dsv'
[0.405s] INFO:colcon.colcon_core.shell:Creating package script '/home/jjj/moveo_RoboticArm_ROS2/install/moveo_description/share/moveo_description/package.sh'
[0.406s] INFO:colcon.colcon_core.shell:Creating package script '/home/jjj/moveo_RoboticArm_ROS2/install/moveo_description/share/moveo_description/package.bash'
[0.407s] INFO:colcon.colcon_core.shell:Creating package script '/home/jjj/moveo_RoboticArm_ROS2/install/moveo_description/share/moveo_description/package.zsh'
[0.407s] Level 1:colcon.colcon_core.environment:create_file_with_runtime_dependencies(/home/jjj/moveo_RoboticArm_ROS2/install/moveo_description/share/colcon-core/packages/moveo_description)
[0.408s] INFO:colcon.colcon_ros.task.ament_cmake.build:Building ROS package in '/home/jjj/moveo_RoboticArm_ROS2/src/moveo_moveit_config' with build type 'ament_cmake'
[0.409s] INFO:colcon.colcon_cmake.task.cmake.build:Building CMake package in '/home/jjj/moveo_RoboticArm_ROS2/src/moveo_moveit_config'
[0.409s] INFO:colcon.colcon_core.shell:Skip shell extension 'powershell' for command environment: Not usable outside of PowerShell
[0.409s] DEBUG:colcon.colcon_core.shell:Skip shell extension 'dsv' for command environment
[0.414s] Level 1:colcon.colcon_core.environment:create_environment_scripts_only(moveo_gazebo)
[0.414s] Level 1:colcon.colcon_core.environment:checking '/home/jjj/moveo_RoboticArm_ROS2/install/moveo_gazebo' for CMake module files
[0.414s] DEBUG:colcon.colcon_core.event_handler.log_command:Invoked command in '/home/jjj/moveo_RoboticArm_ROS2/build/moveo_gazebo' returned '0': CMAKE_PREFIX_PATH=${CMAKE_PREFIX_PATH}:/home/jjj/ros2_robot_arm/install/arduinobot_python_examples:/opt/ros/jazzy DEBUGINFOD_URLS=https://debuginfod.ubuntu.com /usr/bin/cmake --install /home/jjj/moveo_RoboticArm_ROS2/build/moveo_gazebo
[0.415s] Level 1:colcon.colcon_core.environment:checking '/home/jjj/moveo_RoboticArm_ROS2/install/moveo_gazebo' for CMake config files
[0.416s] Level 1:colcon.colcon_core.shell:create_environment_hook('moveo_gazebo', 'cmake_prefix_path')
[0.416s] INFO:colcon.colcon_core.shell:Creating environment hook '/home/jjj/moveo_RoboticArm_ROS2/install/moveo_gazebo/share/moveo_gazebo/hook/cmake_prefix_path.ps1'
[0.416s] INFO:colcon.colcon_core.shell:Creating environment descriptor '/home/jjj/moveo_RoboticArm_ROS2/install/moveo_gazebo/share/moveo_gazebo/hook/cmake_prefix_path.dsv'
[0.417s] INFO:colcon.colcon_core.shell:Creating environment hook '/home/jjj/moveo_RoboticArm_ROS2/install/moveo_gazebo/share/moveo_gazebo/hook/cmake_prefix_path.sh'
[0.417s] Level 1:colcon.colcon_core.environment:checking '/home/jjj/moveo_RoboticArm_ROS2/install/moveo_gazebo/bin'
[0.417s] Level 1:colcon.colcon_core.environment:checking '/home/jjj/moveo_RoboticArm_ROS2/install/moveo_gazebo/lib/pkgconfig/moveo_gazebo.pc'
[0.418s] Level 1:colcon.colcon_core.environment:checking '/home/jjj/moveo_RoboticArm_ROS2/install/moveo_gazebo/lib/python3.12/site-packages'
[0.418s] Level 1:colcon.colcon_core.environment:checking '/home/jjj/moveo_RoboticArm_ROS2/install/moveo_gazebo/bin'
[0.418s] INFO:colcon.colcon_core.shell:Creating package script '/home/jjj/moveo_RoboticArm_ROS2/install/moveo_gazebo/share/moveo_gazebo/package.ps1'
[0.419s] INFO:colcon.colcon_core.shell:Creating package descriptor '/home/jjj/moveo_RoboticArm_ROS2/install/moveo_gazebo/share/moveo_gazebo/package.dsv'
[0.419s] INFO:colcon.colcon_core.shell:Creating package script '/home/jjj/moveo_RoboticArm_ROS2/install/moveo_gazebo/share/moveo_gazebo/package.sh'
[0.420s] INFO:colcon.colcon_core.shell:Creating package script '/home/jjj/moveo_RoboticArm_ROS2/install/moveo_gazebo/share/moveo_gazebo/package.bash'
[0.421s] INFO:colcon.colcon_core.shell:Creating package script '/home/jjj/moveo_RoboticArm_ROS2/install/moveo_gazebo/share/moveo_gazebo/package.zsh'
[0.421s] Level 1:colcon.colcon_core.environment:create_file_with_runtime_dependencies(/home/jjj/moveo_RoboticArm_ROS2/install/moveo_gazebo/share/colcon-core/packages/moveo_gazebo)
[0.422s] Level 1:colcon.colcon_core.environment:create_environment_scripts_only(moveo_gazebo)
[0.422s] Level 1:colcon.colcon_core.environment:checking '/home/jjj/moveo_RoboticArm_ROS2/install/moveo_gazebo' for CMake module files
[0.423s] Level 1:colcon.colcon_core.environment:checking '/home/jjj/moveo_RoboticArm_ROS2/install/moveo_gazebo' for CMake config files
[0.423s] Level 1:colcon.colcon_core.shell:create_environment_hook('moveo_gazebo', 'cmake_prefix_path')
[0.423s] INFO:colcon.colcon_core.shell:Creating environment hook '/home/jjj/moveo_RoboticArm_ROS2/install/moveo_gazebo/share/moveo_gazebo/hook/cmake_prefix_path.ps1'
[0.424s] INFO:colcon.colcon_core.shell:Creating environment descriptor '/home/jjj/moveo_RoboticArm_ROS2/install/moveo_gazebo/share/moveo_gazebo/hook/cmake_prefix_path.dsv'
[0.424s] INFO:colcon.colcon_core.shell:Creating environment hook '/home/jjj/moveo_RoboticArm_ROS2/install/moveo_gazebo/share/moveo_gazebo/hook/cmake_prefix_path.sh'
[0.425s] Level 1:colcon.colcon_core.environment:checking '/home/jjj/moveo_RoboticArm_ROS2/install/moveo_gazebo/bin'
[0.425s] Level 1:colcon.colcon_core.environment:checking '/home/jjj/moveo_RoboticArm_ROS2/install/moveo_gazebo/lib/pkgconfig/moveo_gazebo.pc'
[0.426s] Level 1:colcon.colcon_core.environment:checking '/home/jjj/moveo_RoboticArm_ROS2/install/moveo_gazebo/lib/python3.12/site-packages'
[0.426s] Level 1:colcon.colcon_core.environment:checking '/home/jjj/moveo_RoboticArm_ROS2/install/moveo_gazebo/bin'
[0.426s] INFO:colcon.colcon_core.shell:Creating package script '/home/jjj/moveo_RoboticArm_ROS2/install/moveo_gazebo/share/moveo_gazebo/package.ps1'
[0.428s] INFO:colcon.colcon_core.shell:Creating package descriptor '/home/jjj/moveo_RoboticArm_ROS2/install/moveo_gazebo/share/moveo_gazebo/package.dsv'
[0.429s] INFO:colcon.colcon_core.shell:Creating package script '/home/jjj/moveo_RoboticArm_ROS2/install/moveo_gazebo/share/moveo_gazebo/package.sh'
[0.430s] INFO:colcon.colcon_core.shell:Creating package script '/home/jjj/moveo_RoboticArm_ROS2/install/moveo_gazebo/share/moveo_gazebo/package.bash'
[0.431s] INFO:colcon.colcon_core.shell:Creating package script '/home/jjj/moveo_RoboticArm_ROS2/install/moveo_gazebo/share/moveo_gazebo/package.zsh'
[0.431s] Level 1:colcon.colcon_core.environment:create_file_with_runtime_dependencies(/home/jjj/moveo_RoboticArm_ROS2/install/moveo_gazebo/share/colcon-core/packages/moveo_gazebo)
[0.437s] DEBUG:colcon.colcon_core.event_handler.log_command:Invoking command in '/home/jjj/moveo_RoboticArm_ROS2/build/moveo_moveit_config': CMAKE_PREFIX_PATH=/home/jjj/moveo_RoboticArm_ROS2/install/moveo_description:/home/jjj/moveo_RoboticArm_ROS2/install/moveo_moveit_config_test:/home/jjj/moveo_RoboticArm_ROS2/install/moveo_moveit_config:/home/jjj/moveo_RoboticArm_ROS2/install/moveo_gazebo:/home/jjj/ros2_robot_arm/install/arduinobot_msgs:/home/jjj/ros2_robot_arm/install/arduinobot_moveit_config:/home/jjj/ros2_robot_arm/install/arduinobot_firmware:/home/jjj/ros2_robot_arm/install/arduinobot_description:/home/jjj/ros2_robot_arm/install/arduinobot_cpp_examples:/home/jjj/ros2_robot_arm/install/arduinobot_controller:/opt/ros/jazzy/opt/gz_sim_vendor:/opt/ros/jazzy/opt/gz_sensors_vendor:/opt/ros/jazzy/opt/gz_physics_vendor:/opt/ros/jazzy/opt/sdformat_vendor:/opt/ros/jazzy/opt/gz_gui_vendor:/opt/ros/jazzy/opt/gz_transport_vendor:/opt/ros/jazzy/opt/gz_rendering_vendor:/opt/ros/jazzy/opt/gz_plugin_vendor:/opt/ros/jazzy/opt/gz_fuel_tools_vendor:/opt/ros/jazzy/opt/gz_msgs_vendor:/opt/ros/jazzy/opt/gz_common_vendor:/opt/ros/jazzy/opt/gz_math_vendor:/opt/ros/jazzy/opt/gz_utils_vendor:/opt/ros/jazzy/opt/gz_tools_vendor:/opt/ros/jazzy/opt/gz_ogre_next_vendor:/opt/ros/jazzy/opt/gz_dartsim_vendor:/opt/ros/jazzy/opt/gz_cmake_vendor:/home/jjj/ros2_robot_arm/install/arduinobot_python_examples:/opt/ros/jazzy DEBUGINFOD_URLS=https://debuginfod.ubuntu.com /usr/bin/cmake --build /home/jjj/moveo_RoboticArm_ROS2/build/moveo_moveit_config -- -j12 -l12
[0.479s] DEBUG:colcon.colcon_core.event_handler.log_command:Invoked command in '/home/jjj/moveo_RoboticArm_ROS2/build/moveo_moveit_config' returned '0': CMAKE_PREFIX_PATH=/home/jjj/moveo_RoboticArm_ROS2/install/moveo_description:/home/jjj/moveo_RoboticArm_ROS2/install/moveo_moveit_config_test:/home/jjj/moveo_RoboticArm_ROS2/install/moveo_moveit_config:/home/jjj/moveo_RoboticArm_ROS2/install/moveo_gazebo:/home/jjj/ros2_robot_arm/install/arduinobot_msgs:/home/jjj/ros2_robot_arm/install/arduinobot_moveit_config:/home/jjj/ros2_robot_arm/install/arduinobot_firmware:/home/jjj/ros2_robot_arm/install/arduinobot_description:/home/jjj/ros2_robot_arm/install/arduinobot_cpp_examples:/home/jjj/ros2_robot_arm/install/arduinobot_controller:/opt/ros/jazzy/opt/gz_sim_vendor:/opt/ros/jazzy/opt/gz_sensors_vendor:/opt/ros/jazzy/opt/gz_physics_vendor:/opt/ros/jazzy/opt/sdformat_vendor:/opt/ros/jazzy/opt/gz_gui_vendor:/opt/ros/jazzy/opt/gz_transport_vendor:/opt/ros/jazzy/opt/gz_rendering_vendor:/opt/ros/jazzy/opt/gz_plugin_vendor:/opt/ros/jazzy/opt/gz_fuel_tools_vendor:/opt/ros/jazzy/opt/gz_msgs_vendor:/opt/ros/jazzy/opt/gz_common_vendor:/opt/ros/jazzy/opt/gz_math_vendor:/opt/ros/jazzy/opt/gz_utils_vendor:/opt/ros/jazzy/opt/gz_tools_vendor:/opt/ros/jazzy/opt/gz_ogre_next_vendor:/opt/ros/jazzy/opt/gz_dartsim_vendor:/opt/ros/jazzy/opt/gz_cmake_vendor:/home/jjj/ros2_robot_arm/install/arduinobot_python_examples:/opt/ros/jazzy DEBUGINFOD_URLS=https://debuginfod.ubuntu.com /usr/bin/cmake --build /home/jjj/moveo_RoboticArm_ROS2/build/moveo_moveit_config -- -j12 -l12
[0.481s] DEBUG:colcon.colcon_core.event_handler.log_command:Invoking command in '/home/jjj/moveo_RoboticArm_ROS2/build/moveo_moveit_config': CMAKE_PREFIX_PATH=/home/jjj/moveo_RoboticArm_ROS2/install/moveo_description:/home/jjj/moveo_RoboticArm_ROS2/install/moveo_moveit_config_test:/home/jjj/moveo_RoboticArm_ROS2/install/moveo_moveit_config:/home/jjj/moveo_RoboticArm_ROS2/install/moveo_gazebo:/home/jjj/ros2_robot_arm/install/arduinobot_msgs:/home/jjj/ros2_robot_arm/install/arduinobot_moveit_config:/home/jjj/ros2_robot_arm/install/arduinobot_firmware:/home/jjj/ros2_robot_arm/install/arduinobot_description:/home/jjj/ros2_robot_arm/install/arduinobot_cpp_examples:/home/jjj/ros2_robot_arm/install/arduinobot_controller:/opt/ros/jazzy/opt/gz_sim_vendor:/opt/ros/jazzy/opt/gz_sensors_vendor:/opt/ros/jazzy/opt/gz_physics_vendor:/opt/ros/jazzy/opt/sdformat_vendor:/opt/ros/jazzy/opt/gz_gui_vendor:/opt/ros/jazzy/opt/gz_transport_vendor:/opt/ros/jazzy/opt/gz_rendering_vendor:/opt/ros/jazzy/opt/gz_plugin_vendor:/opt/ros/jazzy/opt/gz_fuel_tools_vendor:/opt/ros/jazzy/opt/gz_msgs_vendor:/opt/ros/jazzy/opt/gz_common_vendor:/opt/ros/jazzy/opt/gz_math_vendor:/opt/ros/jazzy/opt/gz_utils_vendor:/opt/ros/jazzy/opt/gz_tools_vendor:/opt/ros/jazzy/opt/gz_ogre_next_vendor:/opt/ros/jazzy/opt/gz_dartsim_vendor:/opt/ros/jazzy/opt/gz_cmake_vendor:/home/jjj/ros2_robot_arm/install/arduinobot_python_examples:/opt/ros/jazzy DEBUGINFOD_URLS=https://debuginfod.ubuntu.com /usr/bin/cmake --install /home/jjj/moveo_RoboticArm_ROS2/build/moveo_moveit_config
[0.498s] Level 1:colcon.colcon_core.environment:create_environment_scripts_only(moveo_moveit_config)
[0.498s] Level 1:colcon.colcon_core.environment:checking '/home/jjj/moveo_RoboticArm_ROS2/install/moveo_moveit_config' for CMake module files
[0.499s] DEBUG:colcon.colcon_core.event_handler.log_command:Invoked command in '/home/jjj/moveo_RoboticArm_ROS2/build/moveo_moveit_config' returned '0': CMAKE_PREFIX_PATH=/home/jjj/moveo_RoboticArm_ROS2/install/moveo_description:/home/jjj/moveo_RoboticArm_ROS2/install/moveo_moveit_config_test:/home/jjj/moveo_RoboticArm_ROS2/install/moveo_moveit_config:/home/jjj/moveo_RoboticArm_ROS2/install/moveo_gazebo:/home/jjj/ros2_robot_arm/install/arduinobot_msgs:/home/jjj/ros2_robot_arm/install/arduinobot_moveit_config:/home/jjj/ros2_robot_arm/install/arduinobot_firmware:/home/jjj/ros2_robot_arm/install/arduinobot_description:/home/jjj/ros2_robot_arm/install/arduinobot_cpp_examples:/home/jjj/ros2_robot_arm/install/arduinobot_controller:/opt/ros/jazzy/opt/gz_sim_vendor:/opt/ros/jazzy/opt/gz_sensors_vendor:/opt/ros/jazzy/opt/gz_physics_vendor:/opt/ros/jazzy/opt/sdformat_vendor:/opt/ros/jazzy/opt/gz_gui_vendor:/opt/ros/jazzy/opt/gz_transport_vendor:/opt/ros/jazzy/opt/gz_rendering_vendor:/opt/ros/jazzy/opt/gz_plugin_vendor:/opt/ros/jazzy/opt/gz_fuel_tools_vendor:/opt/ros/jazzy/opt/gz_msgs_vendor:/opt/ros/jazzy/opt/gz_common_vendor:/opt/ros/jazzy/opt/gz_math_vendor:/opt/ros/jazzy/opt/gz_utils_vendor:/opt/ros/jazzy/opt/gz_tools_vendor:/opt/ros/jazzy/opt/gz_ogre_next_vendor:/opt/ros/jazzy/opt/gz_dartsim_vendor:/opt/ros/jazzy/opt/gz_cmake_vendor:/home/jjj/ros2_robot_arm/install/arduinobot_python_examples:/opt/ros/jazzy DEBUGINFOD_URLS=https://debuginfod.ubuntu.com /usr/bin/cmake --install /home/jjj/moveo_RoboticArm_ROS2/build/moveo_moveit_config
[0.500s] Level 1:colcon.colcon_core.environment:checking '/home/jjj/moveo_RoboticArm_ROS2/install/moveo_moveit_config' for CMake config files
[0.500s] Level 1:colcon.colcon_core.shell:create_environment_hook('moveo_moveit_config', 'cmake_prefix_path')
[0.500s] INFO:colcon.colcon_core.shell:Creating environment hook '/home/jjj/moveo_RoboticArm_ROS2/install/moveo_moveit_config/share/moveo_moveit_config/hook/cmake_prefix_path.ps1'
[0.501s] INFO:colcon.colcon_core.shell:Creating environment descriptor '/home/jjj/moveo_RoboticArm_ROS2/install/moveo_moveit_config/share/moveo_moveit_config/hook/cmake_prefix_path.dsv'
[0.502s] INFO:colcon.colcon_core.shell:Creating environment hook '/home/jjj/moveo_RoboticArm_ROS2/install/moveo_moveit_config/share/moveo_moveit_config/hook/cmake_prefix_path.sh'
[0.502s] Level 1:colcon.colcon_core.environment:checking '/home/jjj/moveo_RoboticArm_ROS2/install/moveo_moveit_config/bin'
[0.502s] Level 1:colcon.colcon_core.environment:checking '/home/jjj/moveo_RoboticArm_ROS2/install/moveo_moveit_config/lib/pkgconfig/moveo_moveit_config.pc'
[0.503s] Level 1:colcon.colcon_core.environment:checking '/home/jjj/moveo_RoboticArm_ROS2/install/moveo_moveit_config/lib/python3.12/site-packages'
[0.503s] Level 1:colcon.colcon_core.environment:checking '/home/jjj/moveo_RoboticArm_ROS2/install/moveo_moveit_config/bin'
[0.503s] INFO:colcon.colcon_core.shell:Creating package script '/home/jjj/moveo_RoboticArm_ROS2/install/moveo_moveit_config/share/moveo_moveit_config/package.ps1'
[0.504s] INFO:colcon.colcon_core.shell:Creating package descriptor '/home/jjj/moveo_RoboticArm_ROS2/install/moveo_moveit_config/share/moveo_moveit_config/package.dsv'
[0.505s] INFO:colcon.colcon_core.shell:Creating package script '/home/jjj/moveo_RoboticArm_ROS2/install/moveo_moveit_config/share/moveo_moveit_config/package.sh'
[0.506s] INFO:colcon.colcon_core.shell:Creating package script '/home/jjj/moveo_RoboticArm_ROS2/install/moveo_moveit_config/share/moveo_moveit_config/package.bash'
[0.506s] INFO:colcon.colcon_core.shell:Creating package script '/home/jjj/moveo_RoboticArm_ROS2/install/moveo_moveit_config/share/moveo_moveit_config/package.zsh'
[0.507s] Level 1:colcon.colcon_core.environment:create_file_with_runtime_dependencies(/home/jjj/moveo_RoboticArm_ROS2/install/moveo_moveit_config/share/colcon-core/packages/moveo_moveit_config)
[0.507s] Level 1:colcon.colcon_core.environment:create_environment_scripts_only(moveo_moveit_config)
[0.508s] Level 1:colcon.colcon_core.environment:checking '/home/jjj/moveo_RoboticArm_ROS2/install/moveo_moveit_config' for CMake module files
[0.508s] Level 1:colcon.colcon_core.environment:checking '/home/jjj/moveo_RoboticArm_ROS2/install/moveo_moveit_config' for CMake config files
[0.509s] Level 1:colcon.colcon_core.shell:create_environment_hook('moveo_moveit_config', 'cmake_prefix_path')
[0.509s] INFO:colcon.colcon_core.shell:Creating environment hook '/home/jjj/moveo_RoboticArm_ROS2/install/moveo_moveit_config/share/moveo_moveit_config/hook/cmake_prefix_path.ps1'
[0.509s] INFO:colcon.colcon_core.shell:Creating environment descriptor '/home/jjj/moveo_RoboticArm_ROS2/install/moveo_moveit_config/share/moveo_moveit_config/hook/cmake_prefix_path.dsv'
[0.510s] INFO:colcon.colcon_core.shell:Creating environment hook '/home/jjj/moveo_RoboticArm_ROS2/install/moveo_moveit_config/share/moveo_moveit_config/hook/cmake_prefix_path.sh'
[0.510s] Level 1:colcon.colcon_core.environment:checking '/home/jjj/moveo_RoboticArm_ROS2/install/moveo_moveit_config/bin'
[0.510s] Level 1:colcon.colcon_core.environment:checking '/home/jjj/moveo_RoboticArm_ROS2/install/moveo_moveit_config/lib/pkgconfig/moveo_moveit_config.pc'
[0.511s] Level 1:colcon.colcon_core.environment:checking '/home/jjj/moveo_RoboticArm_ROS2/install/moveo_moveit_config/lib/python3.12/site-packages'
[0.511s] Level 1:colcon.colcon_core.environment:checking '/home/jjj/moveo_RoboticArm_ROS2/install/moveo_moveit_config/bin'
[0.511s] INFO:colcon.colcon_core.shell:Creating package script '/home/jjj/moveo_RoboticArm_ROS2/install/moveo_moveit_config/share/moveo_moveit_config/package.ps1'
[0.512s] INFO:colcon.colcon_core.shell:Creating package descriptor '/home/jjj/moveo_RoboticArm_ROS2/install/moveo_moveit_config/share/moveo_moveit_config/package.dsv'
[0.512s] INFO:colcon.colcon_core.shell:Creating package script '/home/jjj/moveo_RoboticArm_ROS2/install/moveo_moveit_config/share/moveo_moveit_config/package.sh'
[0.513s] INFO:colcon.colcon_core.shell:Creating package script '/home/jjj/moveo_RoboticArm_ROS2/install/moveo_moveit_config/share/moveo_moveit_config/package.bash'
[0.513s] INFO:colcon.colcon_core.shell:Creating package script '/home/jjj/moveo_RoboticArm_ROS2/install/moveo_moveit_config/share/moveo_moveit_config/package.zsh'
[0.514s] Level 1:colcon.colcon_core.environment:create_file_with_runtime_dependencies(/home/jjj/moveo_RoboticArm_ROS2/install/moveo_moveit_config/share/colcon-core/packages/moveo_moveit_config)
[0.514s] DEBUG:colcon.colcon_parallel_executor.executor.parallel:closing loop
[0.515s] DEBUG:colcon.colcon_parallel_executor.executor.parallel:loop closed
[0.515s] DEBUG:colcon.colcon_parallel_executor.executor.parallel:run_until_complete finished with '0'
[0.515s] DEBUG:colcon.colcon_core.event_reactor:joining thread
[0.522s] INFO:colcon.colcon_core.plugin_system:Skipping extension 'colcon_notification.desktop_notification.terminal_notifier': Not used on non-Darwin systems
[0.522s] INFO:colcon.colcon_core.plugin_system:Skipping extension 'colcon_notification.desktop_notification.win32': Not used on non-Windows systems
[0.522s] INFO:colcon.colcon_notification.desktop_notification:Sending desktop notification using 'notify2'
[0.537s] DEBUG:colcon.colcon_core.event_reactor:joined thread
[0.538s] INFO:colcon.colcon_core.shell:Creating prefix script '/home/jjj/moveo_RoboticArm_ROS2/install/local_setup.ps1'
[0.539s] INFO:colcon.colcon_core.shell:Creating prefix util module '/home/jjj/moveo_RoboticArm_ROS2/install/_local_setup_util_ps1.py'
[0.540s] INFO:colcon.colcon_core.shell:Creating prefix chain script '/home/jjj/moveo_RoboticArm_ROS2/install/setup.ps1'
[0.542s] INFO:colcon.colcon_core.shell:Creating prefix script '/home/jjj/moveo_RoboticArm_ROS2/install/local_setup.sh'
[0.543s] INFO:colcon.colcon_core.shell:Creating prefix util module '/home/jjj/moveo_RoboticArm_ROS2/install/_local_setup_util_sh.py'
[0.544s] INFO:colcon.colcon_core.shell:Creating prefix chain script '/home/jjj/moveo_RoboticArm_ROS2/install/setup.sh'
[0.546s] INFO:colcon.colcon_core.shell:Creating prefix script '/home/jjj/moveo_RoboticArm_ROS2/install/local_setup.bash'
[0.547s] INFO:colcon.colcon_core.shell:Creating prefix chain script '/home/jjj/moveo_RoboticArm_ROS2/install/setup.bash'
[0.549s] INFO:colcon.colcon_core.shell:Creating prefix script '/home/jjj/moveo_RoboticArm_ROS2/install/local_setup.zsh'
[0.549s] INFO:colcon.colcon_core.shell:Creating prefix chain script '/home/jjj/moveo_RoboticArm_ROS2/install/setup.zsh'
