[0.111s] DEBUG:colcon:Command line arguments: ['/usr/bin/colcon', 'build']
[0.111s] DEBUG:colcon:Parsed command line arguments: Namespace(log_base=None, log_level=None, verb_name='build', build_base='build', install_base='install', merge_install=False, symlink_install=False, test_result_base=None, continue_on_error=False, executor='parallel', parallel_workers=12, event_handlers=None, ignore_user_meta=False, metas=['./colcon.meta'], base_paths=['.'], packages_ignore=None, packages_ignore_regex=None, paths=None, packages_up_to=None, packages_up_to_regex=None, packages_above=None, packages_above_and_dependencies=None, packages_above_depth=None, packages_select_by_dep=None, packages_skip_by_dep=None, packages_skip_up_to=None, packages_select_build_failed=False, packages_skip_build_finished=False, packages_select_test_failures=False, packages_skip_test_passed=False, packages_select=None, packages_skip=None, packages_select_regex=None, packages_skip_regex=None, packages_start=None, packages_end=None, allow_overriding=[], cmake_args=None, cmake_target=None, cmake_target_skip_unavailable=False, cmake_clean_cache=False, cmake_clean_first=False, cmake_force_configure=False, ament_cmake_args=None, catkin_cmake_args=None, catkin_skip_building_tests=False, mixin_files=None, mixin=None, verb_parser=<colcon_mixin.mixin.mixin_argument.MixinArgumentDecorator object at 0x76044b67fc80>, verb_extension=<colcon_core.verb.build.BuildVerb object at 0x76044b7d4350>, main=<bound method BuildVerb.main of <colcon_core.verb.build.BuildVerb object at 0x76044b7d4350>>, mixin_verb=('build',))
[0.148s] Level 1:colcon.colcon_core.package_discovery:discover_packages(colcon_meta) check parameters
[0.149s] Level 1:colcon.colcon_core.package_discovery:discover_packages(recursive) check parameters
[0.149s] Level 1:colcon.colcon_core.package_discovery:discover_packages(ignore) check parameters
[0.149s] Level 1:colcon.colcon_core.package_discovery:discover_packages(path) check parameters
[0.149s] Level 1:colcon.colcon_core.package_discovery:discover_packages(colcon_meta) discover
[0.149s] Level 1:colcon.colcon_core.package_discovery:discover_packages(recursive) discover
[0.149s] INFO:colcon.colcon_core.package_discovery:Crawling recursively for packages in '/home/jjj/moveo_RoboticArm_ROS2'
[0.149s] Level 1:colcon.colcon_core.package_identification:_identify(.) by extensions ['ignore', 'ignore_ament_install']
[0.149s] Level 1:colcon.colcon_core.package_identification:_identify(.) by extension 'ignore'
[0.149s] Level 1:colcon.colcon_core.package_identification:_identify(.) by extension 'ignore_ament_install'
[0.149s] Level 1:colcon.colcon_core.package_identification:_identify(.) by extensions ['colcon_pkg']
[0.149s] Level 1:colcon.colcon_core.package_identification:_identify(.) by extension 'colcon_pkg'
[0.149s] Level 1:colcon.colcon_core.package_identification:_identify(.) by extensions ['colcon_meta']
[0.149s] Level 1:colcon.colcon_core.package_identification:_identify(.) by extension 'colcon_meta'
[0.149s] Level 1:colcon.colcon_core.package_identification:_identify(.) by extensions ['ros']
[0.150s] Level 1:colcon.colcon_core.package_identification:_identify(.) by extension 'ros'
[0.180s] Level 1:colcon.colcon_core.package_identification:_identify(.) by extensions ['cmake', 'python']
[0.180s] Level 1:colcon.colcon_core.package_identification:_identify(.) by extension 'cmake'
[0.180s] Level 1:colcon.colcon_core.package_identification:_identify(.) by extension 'python'
[0.180s] Level 1:colcon.colcon_core.package_identification:_identify(.) by extensions ['python_setup_py']
[0.180s] Level 1:colcon.colcon_core.package_identification:_identify(.) by extension 'python_setup_py'
[0.180s] Level 1:colcon.colcon_core.package_identification:_identify(assets) by extensions ['ignore', 'ignore_ament_install']
[0.180s] Level 1:colcon.colcon_core.package_identification:_identify(assets) by extension 'ignore'
[0.180s] Level 1:colcon.colcon_core.package_identification:_identify(assets) by extension 'ignore_ament_install'
[0.181s] Level 1:colcon.colcon_core.package_identification:_identify(assets) by extensions ['colcon_pkg']
[0.181s] Level 1:colcon.colcon_core.package_identification:_identify(assets) by extension 'colcon_pkg'
[0.181s] Level 1:colcon.colcon_core.package_identification:_identify(assets) by extensions ['colcon_meta']
[0.181s] Level 1:colcon.colcon_core.package_identification:_identify(assets) by extension 'colcon_meta'
[0.181s] Level 1:colcon.colcon_core.package_identification:_identify(assets) by extensions ['ros']
[0.181s] Level 1:colcon.colcon_core.package_identification:_identify(assets) by extension 'ros'
[0.181s] Level 1:colcon.colcon_core.package_identification:_identify(assets) by extensions ['cmake', 'python']
[0.181s] Level 1:colcon.colcon_core.package_identification:_identify(assets) by extension 'cmake'
[0.181s] Level 1:colcon.colcon_core.package_identification:_identify(assets) by extension 'python'
[0.181s] Level 1:colcon.colcon_core.package_identification:_identify(assets) by extensions ['python_setup_py']
[0.181s] Level 1:colcon.colcon_core.package_identification:_identify(assets) by extension 'python_setup_py'
[0.181s] Level 1:colcon.colcon_core.package_identification:_identify(build) by extensions ['ignore', 'ignore_ament_install']
[0.181s] Level 1:colcon.colcon_core.package_identification:_identify(build) by extension 'ignore'
[0.181s] Level 1:colcon.colcon_core.package_identification:_identify(build) ignored
[0.181s] Level 1:colcon.colcon_core.package_identification:_identify(install) by extensions ['ignore', 'ignore_ament_install']
[0.182s] Level 1:colcon.colcon_core.package_identification:_identify(install) by extension 'ignore'
[0.182s] Level 1:colcon.colcon_core.package_identification:_identify(install) ignored
[0.182s] Level 1:colcon.colcon_core.package_identification:_identify(log) by extensions ['ignore', 'ignore_ament_install']
[0.182s] Level 1:colcon.colcon_core.package_identification:_identify(log) by extension 'ignore'
[0.182s] Level 1:colcon.colcon_core.package_identification:_identify(log) ignored
[0.182s] Level 1:colcon.colcon_core.package_identification:_identify(src) by extensions ['ignore', 'ignore_ament_install']
[0.182s] Level 1:colcon.colcon_core.package_identification:_identify(src) by extension 'ignore'
[0.182s] Level 1:colcon.colcon_core.package_identification:_identify(src) by extension 'ignore_ament_install'
[0.182s] Level 1:colcon.colcon_core.package_identification:_identify(src) by extensions ['colcon_pkg']
[0.182s] Level 1:colcon.colcon_core.package_identification:_identify(src) by extension 'colcon_pkg'
[0.182s] Level 1:colcon.colcon_core.package_identification:_identify(src) by extensions ['colcon_meta']
[0.182s] Level 1:colcon.colcon_core.package_identification:_identify(src) by extension 'colcon_meta'
[0.182s] Level 1:colcon.colcon_core.package_identification:_identify(src) by extensions ['ros']
[0.182s] Level 1:colcon.colcon_core.package_identification:_identify(src) by extension 'ros'
[0.182s] Level 1:colcon.colcon_core.package_identification:_identify(src) by extensions ['cmake', 'python']
[0.182s] Level 1:colcon.colcon_core.package_identification:_identify(src) by extension 'cmake'
[0.183s] Level 1:colcon.colcon_core.package_identification:_identify(src) by extension 'python'
[0.183s] Level 1:colcon.colcon_core.package_identification:_identify(src) by extensions ['python_setup_py']
[0.183s] Level 1:colcon.colcon_core.package_identification:_identify(src) by extension 'python_setup_py'
[0.183s] Level 1:colcon.colcon_core.package_identification:_identify(src/moveo_description) by extensions ['ignore', 'ignore_ament_install']
[0.183s] Level 1:colcon.colcon_core.package_identification:_identify(src/moveo_description) by extension 'ignore'
[0.183s] Level 1:colcon.colcon_core.package_identification:_identify(src/moveo_description) by extension 'ignore_ament_install'
[0.183s] Level 1:colcon.colcon_core.package_identification:_identify(src/moveo_description) by extensions ['colcon_pkg']
[0.183s] Level 1:colcon.colcon_core.package_identification:_identify(src/moveo_description) by extension 'colcon_pkg'
[0.183s] Level 1:colcon.colcon_core.package_identification:_identify(src/moveo_description) by extensions ['colcon_meta']
[0.183s] Level 1:colcon.colcon_core.package_identification:_identify(src/moveo_description) by extension 'colcon_meta'
[0.183s] Level 1:colcon.colcon_core.package_identification:_identify(src/moveo_description) by extensions ['ros']
[0.183s] Level 1:colcon.colcon_core.package_identification:_identify(src/moveo_description) by extension 'ros'
[0.186s] DEBUG:colcon.colcon_core.package_identification:Package 'src/moveo_description' with type 'ros.ament_cmake' and name 'moveo_description'
[0.187s] Level 1:colcon.colcon_core.package_identification:_identify(src/moveo_gazebo) by extensions ['ignore', 'ignore_ament_install']
[0.187s] Level 1:colcon.colcon_core.package_identification:_identify(src/moveo_gazebo) by extension 'ignore'
[0.187s] Level 1:colcon.colcon_core.package_identification:_identify(src/moveo_gazebo) by extension 'ignore_ament_install'
[0.187s] Level 1:colcon.colcon_core.package_identification:_identify(src/moveo_gazebo) by extensions ['colcon_pkg']
[0.187s] Level 1:colcon.colcon_core.package_identification:_identify(src/moveo_gazebo) by extension 'colcon_pkg'
[0.187s] Level 1:colcon.colcon_core.package_identification:_identify(src/moveo_gazebo) by extensions ['colcon_meta']
[0.187s] Level 1:colcon.colcon_core.package_identification:_identify(src/moveo_gazebo) by extension 'colcon_meta'
[0.187s] Level 1:colcon.colcon_core.package_identification:_identify(src/moveo_gazebo) by extensions ['ros']
[0.187s] Level 1:colcon.colcon_core.package_identification:_identify(src/moveo_gazebo) by extension 'ros'
[0.188s] DEBUG:colcon.colcon_core.package_identification:Package 'src/moveo_gazebo' with type 'ros.ament_cmake' and name 'moveo_gazebo'
[0.188s] Level 1:colcon.colcon_core.package_identification:_identify(src/moveo_moveit_config) by extensions ['ignore', 'ignore_ament_install']
[0.188s] Level 1:colcon.colcon_core.package_identification:_identify(src/moveo_moveit_config) by extension 'ignore'
[0.188s] Level 1:colcon.colcon_core.package_identification:_identify(src/moveo_moveit_config) by extension 'ignore_ament_install'
[0.188s] Level 1:colcon.colcon_core.package_identification:_identify(src/moveo_moveit_config) by extensions ['colcon_pkg']
[0.188s] Level 1:colcon.colcon_core.package_identification:_identify(src/moveo_moveit_config) by extension 'colcon_pkg'
[0.188s] Level 1:colcon.colcon_core.package_identification:_identify(src/moveo_moveit_config) by extensions ['colcon_meta']
[0.189s] Level 1:colcon.colcon_core.package_identification:_identify(src/moveo_moveit_config) by extension 'colcon_meta'
[0.189s] Level 1:colcon.colcon_core.package_identification:_identify(src/moveo_moveit_config) by extensions ['ros']
[0.189s] Level 1:colcon.colcon_core.package_identification:_identify(src/moveo_moveit_config) by extension 'ros'
[0.190s] DEBUG:colcon.colcon_core.package_identification:Package 'src/moveo_moveit_config' with type 'ros.ament_cmake' and name 'moveo_moveit_config'
[0.190s] Level 1:colcon.colcon_core.package_discovery:discover_packages(recursive) using defaults
[0.190s] Level 1:colcon.colcon_core.package_discovery:discover_packages(ignore) discover
[0.190s] Level 1:colcon.colcon_core.package_discovery:discover_packages(ignore) using defaults
[0.190s] Level 1:colcon.colcon_core.package_discovery:discover_packages(path) discover
[0.190s] Level 1:colcon.colcon_core.package_discovery:discover_packages(path) using defaults
[0.217s] Level 1:colcon.colcon_core.package_discovery:discover_packages(prefix_path) check parameters
[0.218s] Level 1:colcon.colcon_core.package_discovery:discover_packages(prefix_path) discover
[0.221s] DEBUG:colcon.colcon_installed_package_information.package_discovery:Found 7 installed packages in /home/jjj/ros2_robot_arm/install
[0.221s] DEBUG:colcon.colcon_installed_package_information.package_discovery:Found 3 installed packages in /home/jjj/moveo_RoboticArm_ROS2/install
[0.223s] DEBUG:colcon.colcon_installed_package_information.package_discovery:Found 425 installed packages in /opt/ros/jazzy
[0.225s] Level 1:colcon.colcon_core.package_discovery:discover_packages(prefix_path) using defaults
[0.327s] Level 5:colcon.colcon_core.verb:set package 'moveo_description' build argument 'cmake_args' from command line to 'None'
[0.327s] Level 5:colcon.colcon_core.verb:set package 'moveo_description' build argument 'cmake_target' from command line to 'None'
[0.327s] Level 5:colcon.colcon_core.verb:set package 'moveo_description' build argument 'cmake_target_skip_unavailable' from command line to 'False'
[0.327s] Level 5:colcon.colcon_core.verb:set package 'moveo_description' build argument 'cmake_clean_cache' from command line to 'False'
[0.327s] Level 5:colcon.colcon_core.verb:set package 'moveo_description' build argument 'cmake_clean_first' from command line to 'False'
[0.327s] Level 5:colcon.colcon_core.verb:set package 'moveo_description' build argument 'cmake_force_configure' from command line to 'False'
[0.327s] Level 5:colcon.colcon_core.verb:set package 'moveo_description' build argument 'ament_cmake_args' from command line to 'None'
[0.327s] Level 5:colcon.colcon_core.verb:set package 'moveo_description' build argument 'catkin_cmake_args' from command line to 'None'
[0.327s] Level 5:colcon.colcon_core.verb:set package 'moveo_description' build argument 'catkin_skip_building_tests' from command line to 'False'
[0.327s] DEBUG:colcon.colcon_core.verb:Building package 'moveo_description' with the following arguments: {'ament_cmake_args': None, 'build_base': '/home/jjj/moveo_RoboticArm_ROS2/build/moveo_description', 'catkin_cmake_args': None, 'catkin_skip_building_tests': False, 'cmake_args': None, 'cmake_clean_cache': False, 'cmake_clean_first': False, 'cmake_force_configure': False, 'cmake_target': None, 'cmake_target_skip_unavailable': False, 'install_base': '/home/jjj/moveo_RoboticArm_ROS2/install/moveo_description', 'merge_install': False, 'path': '/home/jjj/moveo_RoboticArm_ROS2/src/moveo_description', 'symlink_install': False, 'test_result_base': None}
[0.327s] Level 5:colcon.colcon_core.verb:set package 'moveo_gazebo' build argument 'cmake_args' from command line to 'None'
[0.328s] Level 5:colcon.colcon_core.verb:set package 'moveo_gazebo' build argument 'cmake_target' from command line to 'None'
[0.328s] Level 5:colcon.colcon_core.verb:set package 'moveo_gazebo' build argument 'cmake_target_skip_unavailable' from command line to 'False'
[0.328s] Level 5:colcon.colcon_core.verb:set package 'moveo_gazebo' build argument 'cmake_clean_cache' from command line to 'False'
[0.328s] Level 5:colcon.colcon_core.verb:set package 'moveo_gazebo' build argument 'cmake_clean_first' from command line to 'False'
[0.328s] Level 5:colcon.colcon_core.verb:set package 'moveo_gazebo' build argument 'cmake_force_configure' from command line to 'False'
[0.328s] Level 5:colcon.colcon_core.verb:set package 'moveo_gazebo' build argument 'ament_cmake_args' from command line to 'None'
[0.328s] Level 5:colcon.colcon_core.verb:set package 'moveo_gazebo' build argument 'catkin_cmake_args' from command line to 'None'
[0.328s] Level 5:colcon.colcon_core.verb:set package 'moveo_gazebo' build argument 'catkin_skip_building_tests' from command line to 'False'
[0.328s] DEBUG:colcon.colcon_core.verb:Building package 'moveo_gazebo' with the following arguments: {'ament_cmake_args': None, 'build_base': '/home/jjj/moveo_RoboticArm_ROS2/build/moveo_gazebo', 'catkin_cmake_args': None, 'catkin_skip_building_tests': False, 'cmake_args': None, 'cmake_clean_cache': False, 'cmake_clean_first': False, 'cmake_force_configure': False, 'cmake_target': None, 'cmake_target_skip_unavailable': False, 'install_base': '/home/jjj/moveo_RoboticArm_ROS2/install/moveo_gazebo', 'merge_install': False, 'path': '/home/jjj/moveo_RoboticArm_ROS2/src/moveo_gazebo', 'symlink_install': False, 'test_result_base': None}
[0.328s] Level 5:colcon.colcon_core.verb:set package 'moveo_moveit_config' build argument 'cmake_args' from command line to 'None'
[0.328s] Level 5:colcon.colcon_core.verb:set package 'moveo_moveit_config' build argument 'cmake_target' from command line to 'None'
[0.328s] Level 5:colcon.colcon_core.verb:set package 'moveo_moveit_config' build argument 'cmake_target_skip_unavailable' from command line to 'False'
[0.329s] Level 5:colcon.colcon_core.verb:set package 'moveo_moveit_config' build argument 'cmake_clean_cache' from command line to 'False'
[0.329s] Level 5:colcon.colcon_core.verb:set package 'moveo_moveit_config' build argument 'cmake_clean_first' from command line to 'False'
[0.329s] Level 5:colcon.colcon_core.verb:set package 'moveo_moveit_config' build argument 'cmake_force_configure' from command line to 'False'
[0.329s] Level 5:colcon.colcon_core.verb:set package 'moveo_moveit_config' build argument 'ament_cmake_args' from command line to 'None'
[0.329s] Level 5:colcon.colcon_core.verb:set package 'moveo_moveit_config' build argument 'catkin_cmake_args' from command line to 'None'
[0.329s] Level 5:colcon.colcon_core.verb:set package 'moveo_moveit_config' build argument 'catkin_skip_building_tests' from command line to 'False'
[0.329s] DEBUG:colcon.colcon_core.verb:Building package 'moveo_moveit_config' with the following arguments: {'ament_cmake_args': None, 'build_base': '/home/jjj/moveo_RoboticArm_ROS2/build/moveo_moveit_config', 'catkin_cmake_args': None, 'catkin_skip_building_tests': False, 'cmake_args': None, 'cmake_clean_cache': False, 'cmake_clean_first': False, 'cmake_force_configure': False, 'cmake_target': None, 'cmake_target_skip_unavailable': False, 'install_base': '/home/jjj/moveo_RoboticArm_ROS2/install/moveo_moveit_config', 'merge_install': False, 'path': '/home/jjj/moveo_RoboticArm_ROS2/src/moveo_moveit_config', 'symlink_install': False, 'test_result_base': None}
[0.329s] INFO:colcon.colcon_core.executor:Executing jobs using 'parallel' executor
[0.330s] DEBUG:colcon.colcon_parallel_executor.executor.parallel:run_until_complete
[0.331s] INFO:colcon.colcon_ros.task.ament_cmake.build:Building ROS package in '/home/jjj/moveo_RoboticArm_ROS2/src/moveo_description' with build type 'ament_cmake'
[0.331s] INFO:colcon.colcon_cmake.task.cmake.build:Building CMake package in '/home/jjj/moveo_RoboticArm_ROS2/src/moveo_description'
[0.334s] INFO:colcon.colcon_core.plugin_system:Skipping extension 'colcon_core.shell.bat': Not used on non-Windows systems
[0.335s] INFO:colcon.colcon_core.shell:Skip shell extension 'powershell' for command environment: Not usable outside of PowerShell
[0.335s] DEBUG:colcon.colcon_core.shell:Skip shell extension 'dsv' for command environment
[0.343s] INFO:colcon.colcon_ros.task.ament_cmake.build:Building ROS package in '/home/jjj/moveo_RoboticArm_ROS2/src/moveo_gazebo' with build type 'ament_cmake'
[0.344s] INFO:colcon.colcon_cmake.task.cmake.build:Building CMake package in '/home/jjj/moveo_RoboticArm_ROS2/src/moveo_gazebo'
[0.344s] INFO:colcon.colcon_core.shell:Skip shell extension 'powershell' for command environment: Not usable outside of PowerShell
[0.344s] DEBUG:colcon.colcon_core.shell:Skip shell extension 'dsv' for command environment
[0.361s] DEBUG:colcon.colcon_core.event_handler.log_command:Invoking command in '/home/jjj/moveo_RoboticArm_ROS2/build/moveo_description': CMAKE_PREFIX_PATH=${CMAKE_PREFIX_PATH}:/home/jjj/ros2_robot_arm/install/arduinobot_python_examples:/opt/ros/jazzy DEBUGINFOD_URLS=https://debuginfod.ubuntu.com /usr/bin/cmake --build /home/jjj/moveo_RoboticArm_ROS2/build/moveo_description -- -j12 -l12
[0.369s] DEBUG:colcon.colcon_core.event_handler.log_command:Invoking command in '/home/jjj/moveo_RoboticArm_ROS2/build/moveo_gazebo': CMAKE_PREFIX_PATH=${CMAKE_PREFIX_PATH}:/home/jjj/ros2_robot_arm/install/arduinobot_python_examples:/opt/ros/jazzy DEBUGINFOD_URLS=https://debuginfod.ubuntu.com /usr/bin/cmake --build /home/jjj/moveo_RoboticArm_ROS2/build/moveo_gazebo -- -j12 -l12
[0.426s] DEBUG:colcon.colcon_core.event_handler.log_command:Invoked command in '/home/jjj/moveo_RoboticArm_ROS2/build/moveo_description' returned '0': CMAKE_PREFIX_PATH=${CMAKE_PREFIX_PATH}:/home/jjj/ros2_robot_arm/install/arduinobot_python_examples:/opt/ros/jazzy DEBUGINFOD_URLS=https://debuginfod.ubuntu.com /usr/bin/cmake --build /home/jjj/moveo_RoboticArm_ROS2/build/moveo_description -- -j12 -l12
[0.442s] DEBUG:colcon.colcon_core.event_handler.log_command:Invoking command in '/home/jjj/moveo_RoboticArm_ROS2/build/moveo_description': CMAKE_PREFIX_PATH=${CMAKE_PREFIX_PATH}:/home/jjj/ros2_robot_arm/install/arduinobot_python_examples:/opt/ros/jazzy DEBUGINFOD_URLS=https://debuginfod.ubuntu.com /usr/bin/cmake --install /home/jjj/moveo_RoboticArm_ROS2/build/moveo_description
[0.445s] DEBUG:colcon.colcon_core.event_handler.log_command:Invoked command in '/home/jjj/moveo_RoboticArm_ROS2/build/moveo_gazebo' returned '0': CMAKE_PREFIX_PATH=${CMAKE_PREFIX_PATH}:/home/jjj/ros2_robot_arm/install/arduinobot_python_examples:/opt/ros/jazzy DEBUGINFOD_URLS=https://debuginfod.ubuntu.com /usr/bin/cmake --build /home/jjj/moveo_RoboticArm_ROS2/build/moveo_gazebo -- -j12 -l12
[0.446s] DEBUG:colcon.colcon_core.event_handler.log_command:Invoking command in '/home/jjj/moveo_RoboticArm_ROS2/build/moveo_gazebo': CMAKE_PREFIX_PATH=${CMAKE_PREFIX_PATH}:/home/jjj/ros2_robot_arm/install/arduinobot_python_examples:/opt/ros/jazzy DEBUGINFOD_URLS=https://debuginfod.ubuntu.com /usr/bin/cmake --install /home/jjj/moveo_RoboticArm_ROS2/build/moveo_gazebo
[0.468s] Level 1:colcon.colcon_core.environment:create_environment_scripts_only(moveo_description)
[0.474s] DEBUG:colcon.colcon_core.event_handler.log_command:Invoked command in '/home/jjj/moveo_RoboticArm_ROS2/build/moveo_description' returned '0': CMAKE_PREFIX_PATH=${CMAKE_PREFIX_PATH}:/home/jjj/ros2_robot_arm/install/arduinobot_python_examples:/opt/ros/jazzy DEBUGINFOD_URLS=https://debuginfod.ubuntu.com /usr/bin/cmake --install /home/jjj/moveo_RoboticArm_ROS2/build/moveo_description
[0.476s] Level 1:colcon.colcon_core.environment:checking '/home/jjj/moveo_RoboticArm_ROS2/install/moveo_description' for CMake module files
[0.477s] Level 1:colcon.colcon_core.environment:checking '/home/jjj/moveo_RoboticArm_ROS2/install/moveo_description' for CMake config files
[0.477s] Level 1:colcon.colcon_core.shell:create_environment_hook('moveo_description', 'cmake_prefix_path')
[0.478s] INFO:colcon.colcon_core.shell:Creating environment hook '/home/jjj/moveo_RoboticArm_ROS2/install/moveo_description/share/moveo_description/hook/cmake_prefix_path.ps1'
[0.479s] INFO:colcon.colcon_core.shell:Creating environment descriptor '/home/jjj/moveo_RoboticArm_ROS2/install/moveo_description/share/moveo_description/hook/cmake_prefix_path.dsv'
[0.479s] INFO:colcon.colcon_core.shell:Creating environment hook '/home/jjj/moveo_RoboticArm_ROS2/install/moveo_description/share/moveo_description/hook/cmake_prefix_path.sh'
[0.481s] Level 1:colcon.colcon_core.environment:checking '/home/jjj/moveo_RoboticArm_ROS2/install/moveo_description/bin'
[0.481s] Level 1:colcon.colcon_core.environment:checking '/home/jjj/moveo_RoboticArm_ROS2/install/moveo_description/lib/pkgconfig/moveo_description.pc'
[0.481s] Level 1:colcon.colcon_core.environment:checking '/home/jjj/moveo_RoboticArm_ROS2/install/moveo_description/lib/python3.12/site-packages'
[0.481s] Level 1:colcon.colcon_core.environment:checking '/home/jjj/moveo_RoboticArm_ROS2/install/moveo_description/bin'
[0.482s] INFO:colcon.colcon_core.shell:Creating package script '/home/jjj/moveo_RoboticArm_ROS2/install/moveo_description/share/moveo_description/package.ps1'
[0.483s] INFO:colcon.colcon_core.shell:Creating package descriptor '/home/jjj/moveo_RoboticArm_ROS2/install/moveo_description/share/moveo_description/package.dsv'
[0.484s] INFO:colcon.colcon_core.shell:Creating package script '/home/jjj/moveo_RoboticArm_ROS2/install/moveo_description/share/moveo_description/package.sh'
[0.485s] INFO:colcon.colcon_core.shell:Creating package script '/home/jjj/moveo_RoboticArm_ROS2/install/moveo_description/share/moveo_description/package.bash'
[0.486s] INFO:colcon.colcon_core.shell:Creating package script '/home/jjj/moveo_RoboticArm_ROS2/install/moveo_description/share/moveo_description/package.zsh'
[0.487s] Level 1:colcon.colcon_core.environment:create_file_with_runtime_dependencies(/home/jjj/moveo_RoboticArm_ROS2/install/moveo_description/share/colcon-core/packages/moveo_description)
[0.488s] Level 1:colcon.colcon_core.environment:create_environment_scripts_only(moveo_description)
[0.488s] Level 1:colcon.colcon_core.environment:checking '/home/jjj/moveo_RoboticArm_ROS2/install/moveo_description' for CMake module files
[0.489s] Level 1:colcon.colcon_core.environment:checking '/home/jjj/moveo_RoboticArm_ROS2/install/moveo_description' for CMake config files
[0.489s] Level 1:colcon.colcon_core.shell:create_environment_hook('moveo_description', 'cmake_prefix_path')
[0.490s] INFO:colcon.colcon_core.shell:Creating environment hook '/home/jjj/moveo_RoboticArm_ROS2/install/moveo_description/share/moveo_description/hook/cmake_prefix_path.ps1'
[0.490s] INFO:colcon.colcon_core.shell:Creating environment descriptor '/home/jjj/moveo_RoboticArm_ROS2/install/moveo_description/share/moveo_description/hook/cmake_prefix_path.dsv'
[0.491s] INFO:colcon.colcon_core.shell:Creating environment hook '/home/jjj/moveo_RoboticArm_ROS2/install/moveo_description/share/moveo_description/hook/cmake_prefix_path.sh'
[0.492s] Level 1:colcon.colcon_core.environment:checking '/home/jjj/moveo_RoboticArm_ROS2/install/moveo_description/bin'
[0.492s] Level 1:colcon.colcon_core.environment:checking '/home/jjj/moveo_RoboticArm_ROS2/install/moveo_description/lib/pkgconfig/moveo_description.pc'
[0.493s] Level 1:colcon.colcon_core.environment:checking '/home/jjj/moveo_RoboticArm_ROS2/install/moveo_description/lib/python3.12/site-packages'
[0.493s] Level 1:colcon.colcon_core.environment:checking '/home/jjj/moveo_RoboticArm_ROS2/install/moveo_description/bin'
[0.494s] INFO:colcon.colcon_core.shell:Creating package script '/home/jjj/moveo_RoboticArm_ROS2/install/moveo_description/share/moveo_description/package.ps1'
[0.494s] INFO:colcon.colcon_core.shell:Creating package descriptor '/home/jjj/moveo_RoboticArm_ROS2/install/moveo_description/share/moveo_description/package.dsv'
[0.495s] INFO:colcon.colcon_core.shell:Creating package script '/home/jjj/moveo_RoboticArm_ROS2/install/moveo_description/share/moveo_description/package.sh'
[0.496s] INFO:colcon.colcon_core.shell:Creating package script '/home/jjj/moveo_RoboticArm_ROS2/install/moveo_description/share/moveo_description/package.bash'
[0.497s] INFO:colcon.colcon_core.shell:Creating package script '/home/jjj/moveo_RoboticArm_ROS2/install/moveo_description/share/moveo_description/package.zsh'
[0.498s] Level 1:colcon.colcon_core.environment:create_file_with_runtime_dependencies(/home/jjj/moveo_RoboticArm_ROS2/install/moveo_description/share/colcon-core/packages/moveo_description)
[0.499s] INFO:colcon.colcon_ros.task.ament_cmake.build:Building ROS package in '/home/jjj/moveo_RoboticArm_ROS2/src/moveo_moveit_config' with build type 'ament_cmake'
[0.499s] INFO:colcon.colcon_cmake.task.cmake.build:Building CMake package in '/home/jjj/moveo_RoboticArm_ROS2/src/moveo_moveit_config'
[0.500s] INFO:colcon.colcon_core.shell:Skip shell extension 'powershell' for command environment: Not usable outside of PowerShell
[0.500s] DEBUG:colcon.colcon_core.shell:Skip shell extension 'dsv' for command environment
[0.508s] Level 1:colcon.colcon_core.environment:create_environment_scripts_only(moveo_gazebo)
[0.509s] DEBUG:colcon.colcon_core.event_handler.log_command:Invoked command in '/home/jjj/moveo_RoboticArm_ROS2/build/moveo_gazebo' returned '0': CMAKE_PREFIX_PATH=${CMAKE_PREFIX_PATH}:/home/jjj/ros2_robot_arm/install/arduinobot_python_examples:/opt/ros/jazzy DEBUGINFOD_URLS=https://debuginfod.ubuntu.com /usr/bin/cmake --install /home/jjj/moveo_RoboticArm_ROS2/build/moveo_gazebo
[0.509s] Level 1:colcon.colcon_core.environment:checking '/home/jjj/moveo_RoboticArm_ROS2/install/moveo_gazebo' for CMake module files
[0.510s] Level 1:colcon.colcon_core.environment:checking '/home/jjj/moveo_RoboticArm_ROS2/install/moveo_gazebo' for CMake config files
[0.511s] Level 1:colcon.colcon_core.shell:create_environment_hook('moveo_gazebo', 'cmake_prefix_path')
[0.511s] INFO:colcon.colcon_core.shell:Creating environment hook '/home/jjj/moveo_RoboticArm_ROS2/install/moveo_gazebo/share/moveo_gazebo/hook/cmake_prefix_path.ps1'
[0.512s] INFO:colcon.colcon_core.shell:Creating environment descriptor '/home/jjj/moveo_RoboticArm_ROS2/install/moveo_gazebo/share/moveo_gazebo/hook/cmake_prefix_path.dsv'
[0.513s] INFO:colcon.colcon_core.shell:Creating environment hook '/home/jjj/moveo_RoboticArm_ROS2/install/moveo_gazebo/share/moveo_gazebo/hook/cmake_prefix_path.sh'
[0.514s] Level 1:colcon.colcon_core.environment:checking '/home/jjj/moveo_RoboticArm_ROS2/install/moveo_gazebo/bin'
[0.514s] Level 1:colcon.colcon_core.environment:checking '/home/jjj/moveo_RoboticArm_ROS2/install/moveo_gazebo/lib/pkgconfig/moveo_gazebo.pc'
[0.515s] Level 1:colcon.colcon_core.environment:checking '/home/jjj/moveo_RoboticArm_ROS2/install/moveo_gazebo/lib/python3.12/site-packages'
[0.515s] Level 1:colcon.colcon_core.environment:checking '/home/jjj/moveo_RoboticArm_ROS2/install/moveo_gazebo/bin'
[0.515s] INFO:colcon.colcon_core.shell:Creating package script '/home/jjj/moveo_RoboticArm_ROS2/install/moveo_gazebo/share/moveo_gazebo/package.ps1'
[0.516s] INFO:colcon.colcon_core.shell:Creating package descriptor '/home/jjj/moveo_RoboticArm_ROS2/install/moveo_gazebo/share/moveo_gazebo/package.dsv'
[0.517s] INFO:colcon.colcon_core.shell:Creating package script '/home/jjj/moveo_RoboticArm_ROS2/install/moveo_gazebo/share/moveo_gazebo/package.sh'
[0.518s] INFO:colcon.colcon_core.shell:Creating package script '/home/jjj/moveo_RoboticArm_ROS2/install/moveo_gazebo/share/moveo_gazebo/package.bash'
[0.518s] INFO:colcon.colcon_core.shell:Creating package script '/home/jjj/moveo_RoboticArm_ROS2/install/moveo_gazebo/share/moveo_gazebo/package.zsh'
[0.519s] Level 1:colcon.colcon_core.environment:create_file_with_runtime_dependencies(/home/jjj/moveo_RoboticArm_ROS2/install/moveo_gazebo/share/colcon-core/packages/moveo_gazebo)
[0.519s] Level 1:colcon.colcon_core.environment:create_environment_scripts_only(moveo_gazebo)
[0.520s] Level 1:colcon.colcon_core.environment:checking '/home/jjj/moveo_RoboticArm_ROS2/install/moveo_gazebo' for CMake module files
[0.520s] Level 1:colcon.colcon_core.environment:checking '/home/jjj/moveo_RoboticArm_ROS2/install/moveo_gazebo' for CMake config files
[0.521s] Level 1:colcon.colcon_core.shell:create_environment_hook('moveo_gazebo', 'cmake_prefix_path')
[0.521s] INFO:colcon.colcon_core.shell:Creating environment hook '/home/jjj/moveo_RoboticArm_ROS2/install/moveo_gazebo/share/moveo_gazebo/hook/cmake_prefix_path.ps1'
[0.522s] INFO:colcon.colcon_core.shell:Creating environment descriptor '/home/jjj/moveo_RoboticArm_ROS2/install/moveo_gazebo/share/moveo_gazebo/hook/cmake_prefix_path.dsv'
[0.522s] INFO:colcon.colcon_core.shell:Creating environment hook '/home/jjj/moveo_RoboticArm_ROS2/install/moveo_gazebo/share/moveo_gazebo/hook/cmake_prefix_path.sh'
[0.523s] Level 1:colcon.colcon_core.environment:checking '/home/jjj/moveo_RoboticArm_ROS2/install/moveo_gazebo/bin'
[0.523s] Level 1:colcon.colcon_core.environment:checking '/home/jjj/moveo_RoboticArm_ROS2/install/moveo_gazebo/lib/pkgconfig/moveo_gazebo.pc'
[0.524s] Level 1:colcon.colcon_core.environment:checking '/home/jjj/moveo_RoboticArm_ROS2/install/moveo_gazebo/lib/python3.12/site-packages'
[0.524s] Level 1:colcon.colcon_core.environment:checking '/home/jjj/moveo_RoboticArm_ROS2/install/moveo_gazebo/bin'
[0.524s] INFO:colcon.colcon_core.shell:Creating package script '/home/jjj/moveo_RoboticArm_ROS2/install/moveo_gazebo/share/moveo_gazebo/package.ps1'
[0.525s] INFO:colcon.colcon_core.shell:Creating package descriptor '/home/jjj/moveo_RoboticArm_ROS2/install/moveo_gazebo/share/moveo_gazebo/package.dsv'
[0.526s] INFO:colcon.colcon_core.shell:Creating package script '/home/jjj/moveo_RoboticArm_ROS2/install/moveo_gazebo/share/moveo_gazebo/package.sh'
[0.527s] INFO:colcon.colcon_core.shell:Creating package script '/home/jjj/moveo_RoboticArm_ROS2/install/moveo_gazebo/share/moveo_gazebo/package.bash'
[0.528s] INFO:colcon.colcon_core.shell:Creating package script '/home/jjj/moveo_RoboticArm_ROS2/install/moveo_gazebo/share/moveo_gazebo/package.zsh'
[0.529s] Level 1:colcon.colcon_core.environment:create_file_with_runtime_dependencies(/home/jjj/moveo_RoboticArm_ROS2/install/moveo_gazebo/share/colcon-core/packages/moveo_gazebo)
[0.535s] DEBUG:colcon.colcon_core.event_handler.log_command:Invoking command in '/home/jjj/moveo_RoboticArm_ROS2/build/moveo_moveit_config': CMAKE_PREFIX_PATH=/home/jjj/moveo_RoboticArm_ROS2/install/moveo_description:/home/jjj/moveo_RoboticArm_ROS2/install/moveo_moveit_config:/home/jjj/moveo_RoboticArm_ROS2/install/moveo_gazebo:/home/jjj/ros2_robot_arm/install/arduinobot_msgs:/home/jjj/ros2_robot_arm/install/arduinobot_moveit_config:/home/jjj/ros2_robot_arm/install/arduinobot_firmware:/home/jjj/ros2_robot_arm/install/arduinobot_description:/home/jjj/ros2_robot_arm/install/arduinobot_cpp_examples:/home/jjj/ros2_robot_arm/install/arduinobot_controller:/opt/ros/jazzy/opt/gz_sim_vendor:/opt/ros/jazzy/opt/gz_sensors_vendor:/opt/ros/jazzy/opt/gz_physics_vendor:/opt/ros/jazzy/opt/sdformat_vendor:/opt/ros/jazzy/opt/gz_gui_vendor:/opt/ros/jazzy/opt/gz_transport_vendor:/opt/ros/jazzy/opt/gz_rendering_vendor:/opt/ros/jazzy/opt/gz_plugin_vendor:/opt/ros/jazzy/opt/gz_fuel_tools_vendor:/opt/ros/jazzy/opt/gz_msgs_vendor:/opt/ros/jazzy/opt/gz_common_vendor:/opt/ros/jazzy/opt/gz_math_vendor:/opt/ros/jazzy/opt/gz_utils_vendor:/opt/ros/jazzy/opt/gz_tools_vendor:/opt/ros/jazzy/opt/gz_ogre_next_vendor:/opt/ros/jazzy/opt/gz_dartsim_vendor:/opt/ros/jazzy/opt/gz_cmake_vendor:/home/jjj/ros2_robot_arm/install/arduinobot_python_examples:/opt/ros/jazzy DEBUGINFOD_URLS=https://debuginfod.ubuntu.com /usr/bin/cmake --build /home/jjj/moveo_RoboticArm_ROS2/build/moveo_moveit_config -- -j12 -l12
[0.591s] DEBUG:colcon.colcon_core.event_handler.log_command:Invoked command in '/home/jjj/moveo_RoboticArm_ROS2/build/moveo_moveit_config' returned '0': CMAKE_PREFIX_PATH=/home/jjj/moveo_RoboticArm_ROS2/install/moveo_description:/home/jjj/moveo_RoboticArm_ROS2/install/moveo_moveit_config:/home/jjj/moveo_RoboticArm_ROS2/install/moveo_gazebo:/home/jjj/ros2_robot_arm/install/arduinobot_msgs:/home/jjj/ros2_robot_arm/install/arduinobot_moveit_config:/home/jjj/ros2_robot_arm/install/arduinobot_firmware:/home/jjj/ros2_robot_arm/install/arduinobot_description:/home/jjj/ros2_robot_arm/install/arduinobot_cpp_examples:/home/jjj/ros2_robot_arm/install/arduinobot_controller:/opt/ros/jazzy/opt/gz_sim_vendor:/opt/ros/jazzy/opt/gz_sensors_vendor:/opt/ros/jazzy/opt/gz_physics_vendor:/opt/ros/jazzy/opt/sdformat_vendor:/opt/ros/jazzy/opt/gz_gui_vendor:/opt/ros/jazzy/opt/gz_transport_vendor:/opt/ros/jazzy/opt/gz_rendering_vendor:/opt/ros/jazzy/opt/gz_plugin_vendor:/opt/ros/jazzy/opt/gz_fuel_tools_vendor:/opt/ros/jazzy/opt/gz_msgs_vendor:/opt/ros/jazzy/opt/gz_common_vendor:/opt/ros/jazzy/opt/gz_math_vendor:/opt/ros/jazzy/opt/gz_utils_vendor:/opt/ros/jazzy/opt/gz_tools_vendor:/opt/ros/jazzy/opt/gz_ogre_next_vendor:/opt/ros/jazzy/opt/gz_dartsim_vendor:/opt/ros/jazzy/opt/gz_cmake_vendor:/home/jjj/ros2_robot_arm/install/arduinobot_python_examples:/opt/ros/jazzy DEBUGINFOD_URLS=https://debuginfod.ubuntu.com /usr/bin/cmake --build /home/jjj/moveo_RoboticArm_ROS2/build/moveo_moveit_config -- -j12 -l12
[0.593s] DEBUG:colcon.colcon_core.event_handler.log_command:Invoking command in '/home/jjj/moveo_RoboticArm_ROS2/build/moveo_moveit_config': CMAKE_PREFIX_PATH=/home/jjj/moveo_RoboticArm_ROS2/install/moveo_description:/home/jjj/moveo_RoboticArm_ROS2/install/moveo_moveit_config:/home/jjj/moveo_RoboticArm_ROS2/install/moveo_gazebo:/home/jjj/ros2_robot_arm/install/arduinobot_msgs:/home/jjj/ros2_robot_arm/install/arduinobot_moveit_config:/home/jjj/ros2_robot_arm/install/arduinobot_firmware:/home/jjj/ros2_robot_arm/install/arduinobot_description:/home/jjj/ros2_robot_arm/install/arduinobot_cpp_examples:/home/jjj/ros2_robot_arm/install/arduinobot_controller:/opt/ros/jazzy/opt/gz_sim_vendor:/opt/ros/jazzy/opt/gz_sensors_vendor:/opt/ros/jazzy/opt/gz_physics_vendor:/opt/ros/jazzy/opt/sdformat_vendor:/opt/ros/jazzy/opt/gz_gui_vendor:/opt/ros/jazzy/opt/gz_transport_vendor:/opt/ros/jazzy/opt/gz_rendering_vendor:/opt/ros/jazzy/opt/gz_plugin_vendor:/opt/ros/jazzy/opt/gz_fuel_tools_vendor:/opt/ros/jazzy/opt/gz_msgs_vendor:/opt/ros/jazzy/opt/gz_common_vendor:/opt/ros/jazzy/opt/gz_math_vendor:/opt/ros/jazzy/opt/gz_utils_vendor:/opt/ros/jazzy/opt/gz_tools_vendor:/opt/ros/jazzy/opt/gz_ogre_next_vendor:/opt/ros/jazzy/opt/gz_dartsim_vendor:/opt/ros/jazzy/opt/gz_cmake_vendor:/home/jjj/ros2_robot_arm/install/arduinobot_python_examples:/opt/ros/jazzy DEBUGINFOD_URLS=https://debuginfod.ubuntu.com /usr/bin/cmake --install /home/jjj/moveo_RoboticArm_ROS2/build/moveo_moveit_config
[0.610s] Level 1:colcon.colcon_core.environment:create_environment_scripts_only(moveo_moveit_config)
[0.611s] Level 1:colcon.colcon_core.environment:checking '/home/jjj/moveo_RoboticArm_ROS2/install/moveo_moveit_config' for CMake module files
[0.613s] Level 1:colcon.colcon_core.environment:checking '/home/jjj/moveo_RoboticArm_ROS2/install/moveo_moveit_config' for CMake config files
[0.616s] DEBUG:colcon.colcon_core.event_handler.log_command:Invoked command in '/home/jjj/moveo_RoboticArm_ROS2/build/moveo_moveit_config' returned '0': CMAKE_PREFIX_PATH=/home/jjj/moveo_RoboticArm_ROS2/install/moveo_description:/home/jjj/moveo_RoboticArm_ROS2/install/moveo_moveit_config:/home/jjj/moveo_RoboticArm_ROS2/install/moveo_gazebo:/home/jjj/ros2_robot_arm/install/arduinobot_msgs:/home/jjj/ros2_robot_arm/install/arduinobot_moveit_config:/home/jjj/ros2_robot_arm/install/arduinobot_firmware:/home/jjj/ros2_robot_arm/install/arduinobot_description:/home/jjj/ros2_robot_arm/install/arduinobot_cpp_examples:/home/jjj/ros2_robot_arm/install/arduinobot_controller:/opt/ros/jazzy/opt/gz_sim_vendor:/opt/ros/jazzy/opt/gz_sensors_vendor:/opt/ros/jazzy/opt/gz_physics_vendor:/opt/ros/jazzy/opt/sdformat_vendor:/opt/ros/jazzy/opt/gz_gui_vendor:/opt/ros/jazzy/opt/gz_transport_vendor:/opt/ros/jazzy/opt/gz_rendering_vendor:/opt/ros/jazzy/opt/gz_plugin_vendor:/opt/ros/jazzy/opt/gz_fuel_tools_vendor:/opt/ros/jazzy/opt/gz_msgs_vendor:/opt/ros/jazzy/opt/gz_common_vendor:/opt/ros/jazzy/opt/gz_math_vendor:/opt/ros/jazzy/opt/gz_utils_vendor:/opt/ros/jazzy/opt/gz_tools_vendor:/opt/ros/jazzy/opt/gz_ogre_next_vendor:/opt/ros/jazzy/opt/gz_dartsim_vendor:/opt/ros/jazzy/opt/gz_cmake_vendor:/home/jjj/ros2_robot_arm/install/arduinobot_python_examples:/opt/ros/jazzy DEBUGINFOD_URLS=https://debuginfod.ubuntu.com /usr/bin/cmake --install /home/jjj/moveo_RoboticArm_ROS2/build/moveo_moveit_config
[0.616s] Level 1:colcon.colcon_core.shell:create_environment_hook('moveo_moveit_config', 'cmake_prefix_path')
[0.616s] INFO:colcon.colcon_core.shell:Creating environment hook '/home/jjj/moveo_RoboticArm_ROS2/install/moveo_moveit_config/share/moveo_moveit_config/hook/cmake_prefix_path.ps1'
[0.617s] INFO:colcon.colcon_core.shell:Creating environment descriptor '/home/jjj/moveo_RoboticArm_ROS2/install/moveo_moveit_config/share/moveo_moveit_config/hook/cmake_prefix_path.dsv'
[0.618s] INFO:colcon.colcon_core.shell:Creating environment hook '/home/jjj/moveo_RoboticArm_ROS2/install/moveo_moveit_config/share/moveo_moveit_config/hook/cmake_prefix_path.sh'
[0.619s] Level 1:colcon.colcon_core.environment:checking '/home/jjj/moveo_RoboticArm_ROS2/install/moveo_moveit_config/bin'
[0.619s] Level 1:colcon.colcon_core.environment:checking '/home/jjj/moveo_RoboticArm_ROS2/install/moveo_moveit_config/lib/pkgconfig/moveo_moveit_config.pc'
[0.619s] Level 1:colcon.colcon_core.environment:checking '/home/jjj/moveo_RoboticArm_ROS2/install/moveo_moveit_config/lib/python3.12/site-packages'
[0.620s] Level 1:colcon.colcon_core.environment:checking '/home/jjj/moveo_RoboticArm_ROS2/install/moveo_moveit_config/bin'
[0.620s] INFO:colcon.colcon_core.shell:Creating package script '/home/jjj/moveo_RoboticArm_ROS2/install/moveo_moveit_config/share/moveo_moveit_config/package.ps1'
[0.621s] INFO:colcon.colcon_core.shell:Creating package descriptor '/home/jjj/moveo_RoboticArm_ROS2/install/moveo_moveit_config/share/moveo_moveit_config/package.dsv'
[0.622s] INFO:colcon.colcon_core.shell:Creating package script '/home/jjj/moveo_RoboticArm_ROS2/install/moveo_moveit_config/share/moveo_moveit_config/package.sh'
[0.622s] INFO:colcon.colcon_core.shell:Creating package script '/home/jjj/moveo_RoboticArm_ROS2/install/moveo_moveit_config/share/moveo_moveit_config/package.bash'
[0.623s] INFO:colcon.colcon_core.shell:Creating package script '/home/jjj/moveo_RoboticArm_ROS2/install/moveo_moveit_config/share/moveo_moveit_config/package.zsh'
[0.624s] Level 1:colcon.colcon_core.environment:create_file_with_runtime_dependencies(/home/jjj/moveo_RoboticArm_ROS2/install/moveo_moveit_config/share/colcon-core/packages/moveo_moveit_config)
[0.625s] Level 1:colcon.colcon_core.environment:create_environment_scripts_only(moveo_moveit_config)
[0.625s] Level 1:colcon.colcon_core.environment:checking '/home/jjj/moveo_RoboticArm_ROS2/install/moveo_moveit_config' for CMake module files
[0.626s] Level 1:colcon.colcon_core.environment:checking '/home/jjj/moveo_RoboticArm_ROS2/install/moveo_moveit_config' for CMake config files
[0.626s] Level 1:colcon.colcon_core.shell:create_environment_hook('moveo_moveit_config', 'cmake_prefix_path')
[0.626s] INFO:colcon.colcon_core.shell:Creating environment hook '/home/jjj/moveo_RoboticArm_ROS2/install/moveo_moveit_config/share/moveo_moveit_config/hook/cmake_prefix_path.ps1'
[0.627s] INFO:colcon.colcon_core.shell:Creating environment descriptor '/home/jjj/moveo_RoboticArm_ROS2/install/moveo_moveit_config/share/moveo_moveit_config/hook/cmake_prefix_path.dsv'
[0.628s] INFO:colcon.colcon_core.shell:Creating environment hook '/home/jjj/moveo_RoboticArm_ROS2/install/moveo_moveit_config/share/moveo_moveit_config/hook/cmake_prefix_path.sh'
[0.629s] Level 1:colcon.colcon_core.environment:checking '/home/jjj/moveo_RoboticArm_ROS2/install/moveo_moveit_config/bin'
[0.629s] Level 1:colcon.colcon_core.environment:checking '/home/jjj/moveo_RoboticArm_ROS2/install/moveo_moveit_config/lib/pkgconfig/moveo_moveit_config.pc'
[0.629s] Level 1:colcon.colcon_core.environment:checking '/home/jjj/moveo_RoboticArm_ROS2/install/moveo_moveit_config/lib/python3.12/site-packages'
[0.629s] Level 1:colcon.colcon_core.environment:checking '/home/jjj/moveo_RoboticArm_ROS2/install/moveo_moveit_config/bin'
[0.630s] INFO:colcon.colcon_core.shell:Creating package script '/home/jjj/moveo_RoboticArm_ROS2/install/moveo_moveit_config/share/moveo_moveit_config/package.ps1'
[0.631s] INFO:colcon.colcon_core.shell:Creating package descriptor '/home/jjj/moveo_RoboticArm_ROS2/install/moveo_moveit_config/share/moveo_moveit_config/package.dsv'
[0.632s] INFO:colcon.colcon_core.shell:Creating package script '/home/jjj/moveo_RoboticArm_ROS2/install/moveo_moveit_config/share/moveo_moveit_config/package.sh'
[0.633s] INFO:colcon.colcon_core.shell:Creating package script '/home/jjj/moveo_RoboticArm_ROS2/install/moveo_moveit_config/share/moveo_moveit_config/package.bash'
[0.634s] INFO:colcon.colcon_core.shell:Creating package script '/home/jjj/moveo_RoboticArm_ROS2/install/moveo_moveit_config/share/moveo_moveit_config/package.zsh'
[0.635s] Level 1:colcon.colcon_core.environment:create_file_with_runtime_dependencies(/home/jjj/moveo_RoboticArm_ROS2/install/moveo_moveit_config/share/colcon-core/packages/moveo_moveit_config)
[0.636s] DEBUG:colcon.colcon_parallel_executor.executor.parallel:closing loop
[0.636s] DEBUG:colcon.colcon_parallel_executor.executor.parallel:loop closed
[0.636s] DEBUG:colcon.colcon_parallel_executor.executor.parallel:run_until_complete finished with '0'
[0.636s] DEBUG:colcon.colcon_core.event_reactor:joining thread
[0.647s] INFO:colcon.colcon_core.plugin_system:Skipping extension 'colcon_notification.desktop_notification.terminal_notifier': Not used on non-Darwin systems
[0.647s] INFO:colcon.colcon_core.plugin_system:Skipping extension 'colcon_notification.desktop_notification.win32': Not used on non-Windows systems
[0.647s] INFO:colcon.colcon_notification.desktop_notification:Sending desktop notification using 'notify2'
[0.672s] DEBUG:colcon.colcon_core.event_reactor:joined thread
[0.672s] INFO:colcon.colcon_core.shell:Creating prefix script '/home/jjj/moveo_RoboticArm_ROS2/install/local_setup.ps1'
[0.674s] INFO:colcon.colcon_core.shell:Creating prefix util module '/home/jjj/moveo_RoboticArm_ROS2/install/_local_setup_util_ps1.py'
[0.676s] INFO:colcon.colcon_core.shell:Creating prefix chain script '/home/jjj/moveo_RoboticArm_ROS2/install/setup.ps1'
[0.678s] INFO:colcon.colcon_core.shell:Creating prefix script '/home/jjj/moveo_RoboticArm_ROS2/install/local_setup.sh'
[0.679s] INFO:colcon.colcon_core.shell:Creating prefix util module '/home/jjj/moveo_RoboticArm_ROS2/install/_local_setup_util_sh.py'
[0.680s] INFO:colcon.colcon_core.shell:Creating prefix chain script '/home/jjj/moveo_RoboticArm_ROS2/install/setup.sh'
[0.682s] INFO:colcon.colcon_core.shell:Creating prefix script '/home/jjj/moveo_RoboticArm_ROS2/install/local_setup.bash'
[0.683s] INFO:colcon.colcon_core.shell:Creating prefix chain script '/home/jjj/moveo_RoboticArm_ROS2/install/setup.bash'
[0.686s] INFO:colcon.colcon_core.shell:Creating prefix script '/home/jjj/moveo_RoboticArm_ROS2/install/local_setup.zsh'
[0.687s] INFO:colcon.colcon_core.shell:Creating prefix chain script '/home/jjj/moveo_RoboticArm_ROS2/install/setup.zsh'
