[0.017s] Invoking command in '/home/jjj/moveo_RoboticArm_ROS2/build/moveo_gazebo': CMAKE_PREFIX_PATH=${CMAKE_PREFIX_PATH}:/home/jjj/ros2_robot_arm/install/arduinobot_python_examples:/opt/ros/jazzy DEBUGINFOD_URLS=https://debuginfod.ubuntu.com /usr/bin/cmake /home/jjj/moveo_RoboticArm_ROS2/src/moveo_gazebo -DCMAKE_INSTALL_PREFIX=/home/jjj/moveo_RoboticArm_ROS2/install/moveo_gazebo
[0.074s] -- The C compiler identification is GNU 13.3.0
[0.140s] -- The CXX compiler identification is GNU 13.3.0
[0.160s] -- Detecting C compiler ABI info
[0.256s] -- Detecting C compiler ABI info - done
[0.269s] -- Check for working C compiler: /usr/bin/cc - skipped
[0.269s] -- Detecting C compile features
[0.269s] -- Detecting C compile features - done
[0.281s] -- Detecting CXX compiler ABI info
[0.406s] -- Detecting CXX compiler ABI info - done
[0.418s] -- Check for working CXX compiler: /usr/bin/c++ - skipped
[0.418s] -- Detecting CXX compile features
[0.419s] -- Detecting CXX compile features - done
[0.425s] -- Found ament_cmake: 2.5.3 (/opt/ros/jazzy/share/ament_cmake/cmake)
[0.692s] -- Found Python3: /usr/bin/python3 (found version "3.12.3") found components: Interpreter 
[0.856s] -- Found ament_lint_auto: 0.17.1 (/opt/ros/jazzy/share/ament_lint_auto/cmake)
[1.034s] -- Added test 'lint_cmake' to check CMake code style
[1.035s] -- Added test 'xmllint' to check XML markup files
[1.038s] -- Configuring done (1.0s)
[1.042s] -- Generating done (0.0s)
[1.045s] -- Build files have been written to: /home/jjj/moveo_RoboticArm_ROS2/build/moveo_gazebo
[1.052s] Invoked command in '/home/jjj/moveo_RoboticArm_ROS2/build/moveo_gazebo' returned '0': CMAKE_PREFIX_PATH=${CMAKE_PREFIX_PATH}:/home/jjj/ros2_robot_arm/install/arduinobot_python_examples:/opt/ros/jazzy DEBUGINFOD_URLS=https://debuginfod.ubuntu.com /usr/bin/cmake /home/jjj/moveo_RoboticArm_ROS2/src/moveo_gazebo -DCMAKE_INSTALL_PREFIX=/home/jjj/moveo_RoboticArm_ROS2/install/moveo_gazebo
[1.053s] Invoking command in '/home/jjj/moveo_RoboticArm_ROS2/build/moveo_gazebo': CMAKE_PREFIX_PATH=${CMAKE_PREFIX_PATH}:/home/jjj/ros2_robot_arm/install/arduinobot_python_examples:/opt/ros/jazzy DEBUGINFOD_URLS=https://debuginfod.ubuntu.com /usr/bin/cmake --build /home/jjj/moveo_RoboticArm_ROS2/build/moveo_gazebo -- -j12 -l12
[1.109s] Invoked command in '/home/jjj/moveo_RoboticArm_ROS2/build/moveo_gazebo' returned '0': CMAKE_PREFIX_PATH=${CMAKE_PREFIX_PATH}:/home/jjj/ros2_robot_arm/install/arduinobot_python_examples:/opt/ros/jazzy DEBUGINFOD_URLS=https://debuginfod.ubuntu.com /usr/bin/cmake --build /home/jjj/moveo_RoboticArm_ROS2/build/moveo_gazebo -- -j12 -l12
[1.116s] Invoking command in '/home/jjj/moveo_RoboticArm_ROS2/build/moveo_gazebo': CMAKE_PREFIX_PATH=${CMAKE_PREFIX_PATH}:/home/jjj/ros2_robot_arm/install/arduinobot_python_examples:/opt/ros/jazzy DEBUGINFOD_URLS=https://debuginfod.ubuntu.com /usr/bin/cmake --install /home/jjj/moveo_RoboticArm_ROS2/build/moveo_gazebo
[1.127s] -- Install configuration: ""
[1.127s] -- Installing: /home/jjj/moveo_RoboticArm_ROS2/install/moveo_gazebo/share/ament_index/resource_index/package_run_dependencies/moveo_gazebo
[1.127s] -- Installing: /home/jjj/moveo_RoboticArm_ROS2/install/moveo_gazebo/share/ament_index/resource_index/parent_prefix_path/moveo_gazebo
[1.128s] -- Installing: /home/jjj/moveo_RoboticArm_ROS2/install/moveo_gazebo/share/moveo_gazebo/environment/ament_prefix_path.sh
[1.128s] -- Installing: /home/jjj/moveo_RoboticArm_ROS2/install/moveo_gazebo/share/moveo_gazebo/environment/ament_prefix_path.dsv
[1.128s] -- Installing: /home/jjj/moveo_RoboticArm_ROS2/install/moveo_gazebo/share/moveo_gazebo/environment/path.sh
[1.129s] -- Installing: /home/jjj/moveo_RoboticArm_ROS2/install/moveo_gazebo/share/moveo_gazebo/environment/path.dsv
[1.131s] -- Installing: /home/jjj/moveo_RoboticArm_ROS2/install/moveo_gazebo/share/moveo_gazebo/local_setup.bash
[1.131s] -- Installing: /home/jjj/moveo_RoboticArm_ROS2/install/moveo_gazebo/share/moveo_gazebo/local_setup.sh
[1.131s] -- Installing: /home/jjj/moveo_RoboticArm_ROS2/install/moveo_gazebo/share/moveo_gazebo/local_setup.zsh
[1.132s] -- Installing: /home/jjj/moveo_RoboticArm_ROS2/install/moveo_gazebo/share/moveo_gazebo/local_setup.dsv
[1.132s] -- Installing: /home/jjj/moveo_RoboticArm_ROS2/install/moveo_gazebo/share/moveo_gazebo/package.dsv
[1.132s] -- Installing: /home/jjj/moveo_RoboticArm_ROS2/install/moveo_gazebo/share/ament_index/resource_index/packages/moveo_gazebo
[1.133s] -- Installing: /home/jjj/moveo_RoboticArm_ROS2/install/moveo_gazebo/share/moveo_gazebo/cmake/moveo_gazeboConfig.cmake
[1.133s] -- Installing: /home/jjj/moveo_RoboticArm_ROS2/install/moveo_gazebo/share/moveo_gazebo/cmake/moveo_gazeboConfig-version.cmake
[1.133s] -- Installing: /home/jjj/moveo_RoboticArm_ROS2/install/moveo_gazebo/share/moveo_gazebo/package.xml
[1.151s] Invoked command in '/home/jjj/moveo_RoboticArm_ROS2/build/moveo_gazebo' returned '0': CMAKE_PREFIX_PATH=${CMAKE_PREFIX_PATH}:/home/jjj/ros2_robot_arm/install/arduinobot_python_examples:/opt/ros/jazzy DEBUGINFOD_URLS=https://debuginfod.ubuntu.com /usr/bin/cmake --install /home/jjj/moveo_RoboticArm_ROS2/build/moveo_gazebo
